#
# A fatal error has been detected by the Java Runtime Environment:
#
#  SIGSEGV (0xb) at pc=0x00007f8b00646009, pid=3237, tid=3238
#
# JRE version: OpenJDK Runtime Environment (9.0) (build 9-internal+0-2016-04-14-195246.buildd.src)
# Java VM: OpenJDK 64-Bit Server VM (9-internal+0-2016-04-14-195246.buildd.src, mixed mode, tiered, compressed oops, g1 gc, linux-amd64)
# Problematic frame:
# C  [libjava.so+0x1d009]  JNU_GetEnv+0x19
#
# Core dump will be written. Default location: Core dumps may be processed with "/usr/share/apport/apport %p %s %c %P" (or dumping to /home/andrew/CSE205/gui_review/core.3237)
#
# If you would like to submit a bug report, please visit:
#   http://bugreport.java.com/bugreport/crash.jsp
# The crash happened outside the Java Virtual Machine in native code.
# See problematic frame for where to report the bug.
#

---------------  S U M M A R Y ------------

Command Line: MyCustomFrameViewer

Host: Intel(R) Core(TM) i5 CPU       M 520  @ 2.40GHz, 4 cores, 5G, Ubuntu 16.04.3 LTS
Time: Wed Sep 27 20:21:23 2017 MST elapsed time: 0 seconds (0d 0h 0m 0s)

---------------  T H R E A D  ---------------

Current thread (0x00007f8afc010800):  JavaThread "main" [_thread_in_native, id=3238, stack(0x00007f8b033a1000,0x00007f8b034a2000)]

Stack: [0x00007f8b033a1000,0x00007f8b034a2000],  sp=0x00007f8b0349ef60,  free space=1015k
Native frames: (J=compiled Java code, j=interpreted, Vv=VM code, C=native code)
C  [libjava.so+0x1d009]  JNU_GetEnv+0x19
C  [libfontmanager.so+0x33f8e]
C  [libfreetype.so.6+0x14d2b]  FT_Stream_Seek+0x1b

Java frames: (J=compiled Java code, j=interpreted, Vv=VM code)
j  sun.font.FreetypeFontScaler.initNativeScaler(Lsun/font/Font2D;IIZI)J+0 java.desktop@9-internal
j  sun.font.FreetypeFontScaler.<init>(Lsun/font/Font2D;IZI)V+26 java.desktop@9-internal
v  ~StubRoutines::call_stub
j  sun.reflect.NativeConstructorAccessorImpl.newInstance0(Ljava/lang/reflect/Constructor;[Ljava/lang/Object;)Ljava/lang/Object;+0 java.base@9-internal
j  sun.reflect.NativeConstructorAccessorImpl.newInstance([Ljava/lang/Object;)Ljava/lang/Object;+85 java.base@9-internal
j  sun.reflect.DelegatingConstructorAccessorImpl.newInstance([Ljava/lang/Object;)Ljava/lang/Object;+5 java.base@9-internal
j  java.lang.reflect.Constructor.newInstance([Ljava/lang/Object;)Ljava/lang/Object;+65 java.base@9-internal
j  sun.font.FontScaler.getScaler(Lsun/font/Font2D;IZI)Lsun/font/FontScaler;+39 java.desktop@9-internal
j  sun.font.TrueTypeFont.getScaler()Lsun/font/FontScaler;+21 java.desktop@9-internal
j  sun.font.FileFontStrike.<init>(Lsun/font/FileFont;Lsun/font/FontStrikeDesc;)V+204 java.desktop@9-internal
j  sun.font.FileFont.createStrike(Lsun/font/FontStrikeDesc;)Lsun/font/FontStrike;+18 java.desktop@9-internal
j  sun.font.Font2D.getStrike(Lsun/font/FontStrikeDesc;Z)Lsun/font/FontStrike;+92 java.desktop@9-internal
j  sun.font.Font2D.getStrike(Lsun/font/FontStrikeDesc;)Lsun/font/FontStrike;+3 java.desktop@9-internal
j  sun.font.CompositeStrike.getStrikeForSlot(I)Lsun/font/PhysicalStrike;+23 java.desktop@9-internal
j  sun.font.CompositeStrike.getFontMetrics()Lsun/font/StrikeMetrics;+31 java.desktop@9-internal
j  sun.font.FontDesignMetrics.initMatrixAndMetrics()V+28 java.desktop@9-internal
j  sun.font.FontDesignMetrics.<init>(Ljava/awt/Font;Ljava/awt/font/FontRenderContext;)V+62 java.desktop@9-internal
j  sun.font.FontDesignMetrics.getMetrics(Ljava/awt/Font;Ljava/awt/font/FontRenderContext;)Lsun/font/FontDesignMetrics;+128 java.desktop@9-internal
j  sun.swing.SwingUtilities2.getFontMetrics(Ljavax/swing/JComponent;Ljava/awt/Font;)Ljava/awt/FontMetrics;+15 java.desktop@9-internal
j  javax.swing.JComponent.getFontMetrics(Ljava/awt/Font;)Ljava/awt/FontMetrics;+2 java.desktop@9-internal
j  javax.swing.plaf.basic.BasicGraphicsUtils.getPreferredButtonSize(Ljavax/swing/AbstractButton;I)Ljava/awt/Dimension;+28 java.desktop@9-internal
j  javax.swing.plaf.basic.BasicButtonUI.getPreferredSize(Ljavax/swing/JComponent;)Ljava/awt/Dimension;+10 java.desktop@9-internal
j  javax.swing.JComponent.getPreferredSize()Ljava/awt/Dimension;+26 java.desktop@9-internal
j  java.awt.FlowLayout.layoutContainer(Ljava/awt/Container;)V+127 java.desktop@9-internal
j  java.awt.Container.layout()V+11 java.desktop@9-internal
j  java.awt.Container.doLayout()V+1 java.desktop@9-internal
j  java.awt.Container.validateTree()V+47 java.desktop@9-internal
j  java.awt.Container.validateTree()V+110 java.desktop@9-internal
j  java.awt.Container.validateTree()V+110 java.desktop@9-internal
j  java.awt.Container.validateTree()V+110 java.desktop@9-internal
j  java.awt.Container.validateTree()V+110 java.desktop@9-internal
j  java.awt.Container.validate()V+60 java.desktop@9-internal
j  java.awt.Container.validateUnconditionally()V+14 java.desktop@9-internal
j  java.awt.Window.show()V+12 java.desktop@9-internal
j  java.awt.Component.show(Z)V+5 java.desktop@9-internal
j  java.awt.Component.setVisible(Z)V+2 java.desktop@9-internal
j  java.awt.Window.setVisible(Z)V+2 java.desktop@9-internal
j  MyCustomFrameViewer.main([Ljava/lang/String;)V+81
v  ~StubRoutines::call_stub

siginfo: si_signo: 11 (SIGSEGV), si_code: 1 (SEGV_MAPERR), si_addr: 0x0000000000000000

Register to memory mapping:

RAX=0x0000000000000000 is an unknown value
RBX=0x0000000000000000 is an unknown value
RCX=0x0000000000000000 is an unknown value
RDX=0x0000000000010002 is an unknown value
RSP=0x00007f8b0349ef60 is pointing into the stack for thread: 0x00007f8afc010800
RBP=0x00007f8b0349ef70 is pointing into the stack for thread: 0x00007f8afc010800
RSI=0x0000000000010002 is an unknown value
RDI=0x0000000000000000 is an unknown value
R8 =0x0000000000000000 is an unknown value
R9 =0x0000000000000000 is an unknown value
R10=0x00000000000001db is an unknown value
R11=0x00007f8b00645ff0: JNU_GetEnv+0x0000000000000000 in /usr/lib/jvm/java-9-openjdk-amd64/lib/amd64/libjava.so at 0x00007f8b00629000
R12=0x00007f8afc3b08c0 is an unknown value
R13=0x0000000000000000 is an unknown value
R14=0x0000000000000000 is an unknown value
R15=0x00007f8afc3b0920 is an unknown value


Registers:
RAX=0x0000000000000000, RBX=0x0000000000000000, RCX=0x0000000000000000, RDX=0x0000000000010002
RSP=0x00007f8b0349ef60, RBP=0x00007f8b0349ef70, RSI=0x0000000000010002, RDI=0x0000000000000000
R8 =0x0000000000000000, R9 =0x0000000000000000, R10=0x00000000000001db, R11=0x00007f8b00645ff0
R12=0x00007f8afc3b08c0, R13=0x0000000000000000, R14=0x0000000000000000, R15=0x00007f8afc3b0920
RIP=0x00007f8b00646009, EFLAGS=0x0000000000010246, CSGSFS=0x002b000000000033, ERR=0x0000000000000004
  TRAPNO=0x000000000000000e

Top of Stack: (sp=0x00007f8b0349ef60)
0x00007f8b0349ef60:   0000000000000000 eaba597329ebfd00
0x00007f8b0349ef70:   00007f8b0349efb0 00007f8a7bd69f8e
0x00007f8b0349ef80:   00007f8afc3afd70 00007f8afc3b08c0
0x00007f8b0349ef90:   0000000000000000 0000000000000000
0x00007f8b0349efa0:   00007f8afc3b08c0 00007f8afc3b0920
0x00007f8b0349efb0:   0000000000000000 00007f8a7baa0d2b
0x00007f8b0349efc0:   0000000000000000 00007f8a7bd32d80
0x00007f8b0349efd0:   0000000000000000 00007f8a7bab48e0
0x00007f8b0349efe0:   0000000000000002 0000003200000008
0x00007f8b0349eff0:   0000000000000000 0000000000000000
0x00007f8b0349f000:   0000006e0000005b 0000000000000000
0x00007f8b0349f010:   0000000000000000 0000007c00000077
0x00007f8b0349f020:   635365766974614e 0000000072656c61
0x00007f8b0349f030:   000000006974614e 0000000000656c61
0x00007f8b0349f040:   0000000000000072 00007f8afc000020
0x00007f8b0349f050:   0000000000000070 00007f8b0349f104
0x00007f8b0349f060:   00007f8afc3afd70 00007f8afc3b0920
0x00007f8b0349f070:   00007f8b0349f104 00007f8b02d54184
0x00007f8b0349f080:   00007f8a7bd37120 00007f8b0349f0b4
0x00007f8b0349f090:   00007f8a7bd2f9e0 eaba597329ebfd00
0x00007f8b0349f0a0:   0000000000000070 00007f8afc3afbb0
0x00007f8b0349f0b0:   00007f8a7bd2f9e0 00007f8b0349f1c8
0x00007f8b0349f0c0:   00007f8afc3afd70 00007f8afc3b0920
0x00007f8b0349f0d0:   00007f8afc3b0e50 00007f8a7baa34c2
0x00007f8b0349f0e0:   0000000100000000 00007f8b0349f1d0
0x00007f8b0349f0f0:   0000000000000000 0000000000000000
0x00007f8b0349f100:   000000000349f1c8 eaba597329ebfd00
0x00007f8b0349f110:   00007f8afc3afbb0 00007f8b0349f1d0
0x00007f8b0349f120:   0000000000000000 00007f8afc3afc98
0x00007f8b0349f130:   00007f8b0349f3d0 00007f8afc3afbf8
0x00007f8b0349f140:   00007f8afc3afd70 00007f8a7baa5581
0x00007f8b0349f150:   00007f8b0349f1d0 00007f8a7baa5376 

Instructions: (pc=0x00007f8b00646009)
0x00007f8b00645fe9:   ff eb ea 0f 1f 40 00 55 89 f2 48 89 e5 48 83 ec
0x00007f8b00645ff9:   10 64 48 8b 04 25 28 00 00 00 48 89 45 f8 31 c0
0x00007f8b00646009:   48 8b 07 48 8d 75 f0 ff 50 30 48 8b 4d f8 64 48
0x00007f8b00646019:   33 0c 25 28 00 00 00 48 8b 45 f0 75 02 c9 c3 e8 


---------------  P R O C E S S  ---------------

Java Threads: ( => current thread )
  0x00007f8afc381800 JavaThread "AWT-Shutdown" [_thread_blocked, id=3264, stack(0x00007f8a7b055000,0x00007f8a7b156000)]
  0x00007f8afc322800 JavaThread "AWT-XAWT" daemon [_thread_in_native, id=3263, stack(0x00007f8a7b356000,0x00007f8a7b457000)]
  0x00007f8afc2fe000 JavaThread "Java2D Disposer" daemon [_thread_blocked, id=3262, stack(0x00007f8ab40b7000,0x00007f8ab41b8000)]
  0x00007f8afc22a800 JavaThread "Service Thread" daemon [_thread_blocked, id=3260, stack(0x00007f8ab49f7000,0x00007f8ab4af8000)]
  0x00007f8afc17c800 JavaThread "Common-Cleaner" daemon [_thread_blocked, id=3259, stack(0x00007f8ab4af8000,0x00007f8ab4bf9000)]
  0x00007f8afc145000 JavaThread "Sweeper thread" daemon [_thread_blocked, id=3258, stack(0x00007f8ab5023000,0x00007f8ab5124000)]
  0x00007f8afc143800 JavaThread "C1 CompilerThread2" daemon [_thread_blocked, id=3257, stack(0x00007f8ab5124000,0x00007f8ab5225000)]
  0x00007f8afc141800 JavaThread "C2 CompilerThread1" daemon [_thread_blocked, id=3256, stack(0x00007f8ab5225000,0x00007f8ab5326000)]
  0x00007f8afc13f800 JavaThread "C2 CompilerThread0" daemon [_thread_in_native, id=3255, stack(0x00007f8ab5326000,0x00007f8ab5427000)]
  0x00007f8afc13b800 JavaThread "Signal Dispatcher" daemon [_thread_blocked, id=3254, stack(0x00007f8ab5427000,0x00007f8ab5528000)]
  0x00007f8afc139000 JavaThread "Surrogate Locker Thread (Concurrent GC)" daemon [_thread_blocked, id=3253, stack(0x00007f8abc0e0000,0x00007f8abc1e1000)]
  0x00007f8afc127800 JavaThread "Finalizer" daemon [_thread_blocked, id=3252, stack(0x00007f8abc1e1000,0x00007f8abc2e2000)]
  0x00007f8afc11b800 JavaThread "Reference Handler" daemon [_thread_blocked, id=3251, stack(0x00007f8abc2e2000,0x00007f8abc3e3000)]
=>0x00007f8afc010800 JavaThread "main" [_thread_in_native, id=3238, stack(0x00007f8b033a1000,0x00007f8b034a2000)]

Other Threads:
  0x00007f8afc111800 VMThread [stack: 0x00007f8abc3e3000,0x00007f8abc4e4000] [id=3250]
  0x00007f8afc22d800 WatcherThread [stack: 0x00007f8ab48f6000,0x00007f8ab49f7000] [id=3261]

Threads with active compile tasks:
C2 CompilerThread0 508       4       java.util.HashMap::putVal (300 bytes)

VM state:not at safepoint (normal execution)

VM Mutex/Monitor currently owned by a thread: None

heap address: 0x00000000a2e00000, size: 1490 MB, Compressed Oops mode: 32-bit
Narrow klass base: 0x0000000000000000, Narrow klass shift: 3
Compressed class space size: 1073741824 Address: 0x0000000100000000

Heap:
 garbage-first heap   total 96256K, used 5120K [0x00000000a2e00000, 0x00000000a2f002f0, 0x0000000100000000)
  region size 1024K, 6 young (6144K), 0 survivors (0K)
 Metaspace       used 10352K, capacity 10680K, committed 10752K, reserved 1058816K
  class space    used 1139K, capacity 1260K, committed 1280K, reserved 1048576K

Heap Regions: E=young(eden), S=young(survivor), O=old, HS=humongous(starts), HC=humongous(continues), CS=collection set, F=free, A=archive, TS=gc time stamp, AC=allocation context, TAMS=top-at-mark-start (previous, next)
|   0|0x00000000a2e00000, 0x00000000a2e00000, 0x00000000a2f00000|  0%| F|  |TS  0|AC  0|TAMS 0x00000000a2e00000, 0x00000000a2e00000|
|   1|0x00000000a2f00000, 0x00000000a2f00000, 0x00000000a3000000|  0%| F|  |TS  0|AC  0|TAMS 0x00000000a2f00000, 0x00000000a2f00000|
|   2|0x00000000a3000000, 0x00000000a3000000, 0x00000000a3100000|  0%| F|  |TS  0|AC  0|TAMS 0x00000000a3000000, 0x00000000a3000000|
|   3|0x00000000a3100000, 0x00000000a3100000, 0x00000000a3200000|  0%| F|  |TS  0|AC  0|TAMS 0x00000000a3100000, 0x00000000a3100000|
|   4|0x00000000a3200000, 0x00000000a3200000, 0x00000000a3300000|  0%| F|  |TS  0|AC  0|TAMS 0x00000000a3200000, 0x00000000a3200000|
|   5|0x00000000a3300000, 0x00000000a3300000, 0x00000000a3400000|  0%| F|  |TS  0|AC  0|TAMS 0x00000000a3300000, 0x00000000a3300000|
|   6|0x00000000a3400000, 0x00000000a3400000, 0x00000000a3500000|  0%| F|  |TS  0|AC  0|TAMS 0x00000000a3400000, 0x00000000a3400000|
|   7|0x00000000a3500000, 0x00000000a3500000, 0x00000000a3600000|  0%| F|  |TS  0|AC  0|TAMS 0x00000000a3500000, 0x00000000a3500000|
|   8|0x00000000a3600000, 0x00000000a3600000, 0x00000000a3700000|  0%| F|  |TS  0|AC  0|TAMS 0x00000000a3600000, 0x00000000a3600000|
|   9|0x00000000a3700000, 0x00000000a3700000, 0x00000000a3800000|  0%| F|  |TS  0|AC  0|TAMS 0x00000000a3700000, 0x00000000a3700000|
|  10|0x00000000a3800000, 0x00000000a3800000, 0x00000000a3900000|  0%| F|  |TS  0|AC  0|TAMS 0x00000000a3800000, 0x00000000a3800000|
|  11|0x00000000a3900000, 0x00000000a3900000, 0x00000000a3a00000|  0%| F|  |TS  0|AC  0|TAMS 0x00000000a3900000, 0x00000000a3900000|
|  12|0x00000000a3a00000, 0x00000000a3a00000, 0x00000000a3b00000|  0%| F|  |TS  0|AC  0|TAMS 0x00000000a3a00000, 0x00000000a3a00000|
|  13|0x00000000a3b00000, 0x00000000a3b00000, 0x00000000a3c00000|  0%| F|  |TS  0|AC  0|TAMS 0x00000000a3b00000, 0x00000000a3b00000|
|  14|0x00000000a3c00000, 0x00000000a3c00000, 0x00000000a3d00000|  0%| F|  |TS  0|AC  0|TAMS 0x00000000a3c00000, 0x00000000a3c00000|
|  15|0x00000000a3d00000, 0x00000000a3d00000, 0x00000000a3e00000|  0%| F|  |TS  0|AC  0|TAMS 0x00000000a3d00000, 0x00000000a3d00000|
|  16|0x00000000a3e00000, 0x00000000a3e00000, 0x00000000a3f00000|  0%| F|  |TS  0|AC  0|TAMS 0x00000000a3e00000, 0x00000000a3e00000|
|  17|0x00000000a3f00000, 0x00000000a3f00000, 0x00000000a4000000|  0%| F|  |TS  0|AC  0|TAMS 0x00000000a3f00000, 0x00000000a3f00000|
|  18|0x00000000a4000000, 0x00000000a4000000, 0x00000000a4100000|  0%| F|  |TS  0|AC  0|TAMS 0x00000000a4000000, 0x00000000a4000000|
|  19|0x00000000a4100000, 0x00000000a4100000, 0x00000000a4200000|  0%| F|  |TS  0|AC  0|TAMS 0x00000000a4100000, 0x00000000a4100000|
|  20|0x00000000a4200000, 0x00000000a4200000, 0x00000000a4300000|  0%| F|  |TS  0|AC  0|TAMS 0x00000000a4200000, 0x00000000a4200000|
|  21|0x00000000a4300000, 0x00000000a4300000, 0x00000000a4400000|  0%| F|  |TS  0|AC  0|TAMS 0x00000000a4300000, 0x00000000a4300000|
|  22|0x00000000a4400000, 0x00000000a4400000, 0x00000000a4500000|  0%| F|  |TS  0|AC  0|TAMS 0x00000000a4400000, 0x00000000a4400000|
|  23|0x00000000a4500000, 0x00000000a4500000, 0x00000000a4600000|  0%| F|  |TS  0|AC  0|TAMS 0x00000000a4500000, 0x00000000a4500000|
|  24|0x00000000a4600000, 0x00000000a4600000, 0x00000000a4700000|  0%| F|  |TS  0|AC  0|TAMS 0x00000000a4600000, 0x00000000a4600000|
|  25|0x00000000a4700000, 0x00000000a4700000, 0x00000000a4800000|  0%| F|  |TS  0|AC  0|TAMS 0x00000000a4700000, 0x00000000a4700000|
|  26|0x00000000a4800000, 0x00000000a4800000, 0x00000000a4900000|  0%| F|  |TS  0|AC  0|TAMS 0x00000000a4800000, 0x00000000a4800000|
|  27|0x00000000a4900000, 0x00000000a4900000, 0x00000000a4a00000|  0%| F|  |TS  0|AC  0|TAMS 0x00000000a4900000, 0x00000000a4900000|
|  28|0x00000000a4a00000, 0x00000000a4a00000, 0x00000000a4b00000|  0%| F|  |TS  0|AC  0|TAMS 0x00000000a4a00000, 0x00000000a4a00000|
|  29|0x00000000a4b00000, 0x00000000a4b00000, 0x00000000a4c00000|  0%| F|  |TS  0|AC  0|TAMS 0x00000000a4b00000, 0x00000000a4b00000|
|  30|0x00000000a4c00000, 0x00000000a4c00000, 0x00000000a4d00000|  0%| F|  |TS  0|AC  0|TAMS 0x00000000a4c00000, 0x00000000a4c00000|
|  31|0x00000000a4d00000, 0x00000000a4d00000, 0x00000000a4e00000|  0%| F|  |TS  0|AC  0|TAMS 0x00000000a4d00000, 0x00000000a4d00000|
|  32|0x00000000a4e00000, 0x00000000a4e00000, 0x00000000a4f00000|  0%| F|  |TS  0|AC  0|TAMS 0x00000000a4e00000, 0x00000000a4e00000|
|  33|0x00000000a4f00000, 0x00000000a4f00000, 0x00000000a5000000|  0%| F|  |TS  0|AC  0|TAMS 0x00000000a4f00000, 0x00000000a4f00000|
|  34|0x00000000a5000000, 0x00000000a5000000, 0x00000000a5100000|  0%| F|  |TS  0|AC  0|TAMS 0x00000000a5000000, 0x00000000a5000000|
|  35|0x00000000a5100000, 0x00000000a5100000, 0x00000000a5200000|  0%| F|  |TS  0|AC  0|TAMS 0x00000000a5100000, 0x00000000a5100000|
|  36|0x00000000a5200000, 0x00000000a5200000, 0x00000000a5300000|  0%| F|  |TS  0|AC  0|TAMS 0x00000000a5200000, 0x00000000a5200000|
|  37|0x00000000a5300000, 0x00000000a5300000, 0x00000000a5400000|  0%| F|  |TS  0|AC  0|TAMS 0x00000000a5300000, 0x00000000a5300000|
|  38|0x00000000a5400000, 0x00000000a5400000, 0x00000000a5500000|  0%| F|  |TS  0|AC  0|TAMS 0x00000000a5400000, 0x00000000a5400000|
|  39|0x00000000a5500000, 0x00000000a5500000, 0x00000000a5600000|  0%| F|  |TS  0|AC  0|TAMS 0x00000000a5500000, 0x00000000a5500000|
|  40|0x00000000a5600000, 0x00000000a5600000, 0x00000000a5700000|  0%| F|  |TS  0|AC  0|TAMS 0x00000000a5600000, 0x00000000a5600000|
|  41|0x00000000a5700000, 0x00000000a5700000, 0x00000000a5800000|  0%| F|  |TS  0|AC  0|TAMS 0x00000000a5700000, 0x00000000a5700000|
|  42|0x00000000a5800000, 0x00000000a5800000, 0x00000000a5900000|  0%| F|  |TS  0|AC  0|TAMS 0x00000000a5800000, 0x00000000a5800000|
|  43|0x00000000a5900000, 0x00000000a5900000, 0x00000000a5a00000|  0%| F|  |TS  0|AC  0|TAMS 0x00000000a5900000, 0x00000000a5900000|
|  44|0x00000000a5a00000, 0x00000000a5a00000, 0x00000000a5b00000|  0%| F|  |TS  0|AC  0|TAMS 0x00000000a5a00000, 0x00000000a5a00000|
|  45|0x00000000a5b00000, 0x00000000a5b00000, 0x00000000a5c00000|  0%| F|  |TS  0|AC  0|TAMS 0x00000000a5b00000, 0x00000000a5b00000|
|  46|0x00000000a5c00000, 0x00000000a5c00000, 0x00000000a5d00000|  0%| F|  |TS  0|AC  0|TAMS 0x00000000a5c00000, 0x00000000a5c00000|
|  47|0x00000000a5d00000, 0x00000000a5d00000, 0x00000000a5e00000|  0%| F|  |TS  0|AC  0|TAMS 0x00000000a5d00000, 0x00000000a5d00000|
|  48|0x00000000a5e00000, 0x00000000a5e00000, 0x00000000a5f00000|  0%| F|  |TS  0|AC  0|TAMS 0x00000000a5e00000, 0x00000000a5e00000|
|  49|0x00000000a5f00000, 0x00000000a5f00000, 0x00000000a6000000|  0%| F|  |TS  0|AC  0|TAMS 0x00000000a5f00000, 0x00000000a5f00000|
|  50|0x00000000a6000000, 0x00000000a6000000, 0x00000000a6100000|  0%| F|  |TS  0|AC  0|TAMS 0x00000000a6000000, 0x00000000a6000000|
|  51|0x00000000a6100000, 0x00000000a6100000, 0x00000000a6200000|  0%| F|  |TS  0|AC  0|TAMS 0x00000000a6100000, 0x00000000a6100000|
|  52|0x00000000a6200000, 0x00000000a6200000, 0x00000000a6300000|  0%| F|  |TS  0|AC  0|TAMS 0x00000000a6200000, 0x00000000a6200000|
|  53|0x00000000a6300000, 0x00000000a6300000, 0x00000000a6400000|  0%| F|  |TS  0|AC  0|TAMS 0x00000000a6300000, 0x00000000a6300000|
|  54|0x00000000a6400000, 0x00000000a6400000, 0x00000000a6500000|  0%| F|  |TS  0|AC  0|TAMS 0x00000000a6400000, 0x00000000a6400000|
|  55|0x00000000a6500000, 0x00000000a6500000, 0x00000000a6600000|  0%| F|  |TS  0|AC  0|TAMS 0x00000000a6500000, 0x00000000a6500000|
|  56|0x00000000a6600000, 0x00000000a6600000, 0x00000000a6700000|  0%| F|  |TS  0|AC  0|TAMS 0x00000000a6600000, 0x00000000a6600000|
|  57|0x00000000a6700000, 0x00000000a6700000, 0x00000000a6800000|  0%| F|  |TS  0|AC  0|TAMS 0x00000000a6700000, 0x00000000a6700000|
|  58|0x00000000a6800000, 0x00000000a6800000, 0x00000000a6900000|  0%| F|  |TS  0|AC  0|TAMS 0x00000000a6800000, 0x00000000a6800000|
|  59|0x00000000a6900000, 0x00000000a6900000, 0x00000000a6a00000|  0%| F|  |TS  0|AC  0|TAMS 0x00000000a6900000, 0x00000000a6900000|
|  60|0x00000000a6a00000, 0x00000000a6a00000, 0x00000000a6b00000|  0%| F|  |TS  0|AC  0|TAMS 0x00000000a6a00000, 0x00000000a6a00000|
|  61|0x00000000a6b00000, 0x00000000a6b00000, 0x00000000a6c00000|  0%| F|  |TS  0|AC  0|TAMS 0x00000000a6b00000, 0x00000000a6b00000|
|  62|0x00000000a6c00000, 0x00000000a6c00000, 0x00000000a6d00000|  0%| F|  |TS  0|AC  0|TAMS 0x00000000a6c00000, 0x00000000a6c00000|
|  63|0x00000000a6d00000, 0x00000000a6d00000, 0x00000000a6e00000|  0%| F|  |TS  0|AC  0|TAMS 0x00000000a6d00000, 0x00000000a6d00000|
|  64|0x00000000a6e00000, 0x00000000a6e00000, 0x00000000a6f00000|  0%| F|  |TS  0|AC  0|TAMS 0x00000000a6e00000, 0x00000000a6e00000|
|  65|0x00000000a6f00000, 0x00000000a6f00000, 0x00000000a7000000|  0%| F|  |TS  0|AC  0|TAMS 0x00000000a6f00000, 0x00000000a6f00000|
|  66|0x00000000a7000000, 0x00000000a7000000, 0x00000000a7100000|  0%| F|  |TS  0|AC  0|TAMS 0x00000000a7000000, 0x00000000a7000000|
|  67|0x00000000a7100000, 0x00000000a7100000, 0x00000000a7200000|  0%| F|  |TS  0|AC  0|TAMS 0x00000000a7100000, 0x00000000a7100000|
|  68|0x00000000a7200000, 0x00000000a7200000, 0x00000000a7300000|  0%| F|  |TS  0|AC  0|TAMS 0x00000000a7200000, 0x00000000a7200000|
|  69|0x00000000a7300000, 0x00000000a7300000, 0x00000000a7400000|  0%| F|  |TS  0|AC  0|TAMS 0x00000000a7300000, 0x00000000a7300000|
|  70|0x00000000a7400000, 0x00000000a7400000, 0x00000000a7500000|  0%| F|  |TS  0|AC  0|TAMS 0x00000000a7400000, 0x00000000a7400000|
|  71|0x00000000a7500000, 0x00000000a7500000, 0x00000000a7600000|  0%| F|  |TS  0|AC  0|TAMS 0x00000000a7500000, 0x00000000a7500000|
|  72|0x00000000a7600000, 0x00000000a7600000, 0x00000000a7700000|  0%| F|  |TS  0|AC  0|TAMS 0x00000000a7600000, 0x00000000a7600000|
|  73|0x00000000a7700000, 0x00000000a7700000, 0x00000000a7800000|  0%| F|  |TS  0|AC  0|TAMS 0x00000000a7700000, 0x00000000a7700000|
|  74|0x00000000a7800000, 0x00000000a7800000, 0x00000000a7900000|  0%| F|  |TS  0|AC  0|TAMS 0x00000000a7800000, 0x00000000a7800000|
|  75|0x00000000a7900000, 0x00000000a7900000, 0x00000000a7a00000|  0%| F|  |TS  0|AC  0|TAMS 0x00000000a7900000, 0x00000000a7900000|
|  76|0x00000000a7a00000, 0x00000000a7a00000, 0x00000000a7b00000|  0%| F|  |TS  0|AC  0|TAMS 0x00000000a7a00000, 0x00000000a7a00000|
|  77|0x00000000a7b00000, 0x00000000a7b00000, 0x00000000a7c00000|  0%| F|  |TS  0|AC  0|TAMS 0x00000000a7b00000, 0x00000000a7b00000|
|  78|0x00000000a7c00000, 0x00000000a7c00000, 0x00000000a7d00000|  0%| F|  |TS  0|AC  0|TAMS 0x00000000a7c00000, 0x00000000a7c00000|
|  79|0x00000000a7d00000, 0x00000000a7d00000, 0x00000000a7e00000|  0%| F|  |TS  0|AC  0|TAMS 0x00000000a7d00000, 0x00000000a7d00000|
|  80|0x00000000a7e00000, 0x00000000a7e00000, 0x00000000a7f00000|  0%| F|  |TS  0|AC  0|TAMS 0x00000000a7e00000, 0x00000000a7e00000|
|  81|0x00000000a7f00000, 0x00000000a7f00000, 0x00000000a8000000|  0%| F|  |TS  0|AC  0|TAMS 0x00000000a7f00000, 0x00000000a7f00000|
|  82|0x00000000a8000000, 0x00000000a8000000, 0x00000000a8100000|  0%| F|  |TS  0|AC  0|TAMS 0x00000000a8000000, 0x00000000a8000000|
|  83|0x00000000a8100000, 0x00000000a8100000, 0x00000000a8200000|  0%| F|  |TS  0|AC  0|TAMS 0x00000000a8100000, 0x00000000a8100000|
|  84|0x00000000a8200000, 0x00000000a8200000, 0x00000000a8300000|  0%| F|  |TS  0|AC  0|TAMS 0x00000000a8200000, 0x00000000a8200000|
|  85|0x00000000a8300000, 0x00000000a8300000, 0x00000000a8400000|  0%| F|  |TS  0|AC  0|TAMS 0x00000000a8300000, 0x00000000a8300000|
|  86|0x00000000a8400000, 0x00000000a8400000, 0x00000000a8500000|  0%| F|  |TS  0|AC  0|TAMS 0x00000000a8400000, 0x00000000a8400000|
|  87|0x00000000a8500000, 0x00000000a8500000, 0x00000000a8600000|  0%| F|  |TS  0|AC  0|TAMS 0x00000000a8500000, 0x00000000a8500000|
|  88|0x00000000a8600000, 0x00000000a868fea0, 0x00000000a8700000| 56%| E|  |TS  0|AC  0|TAMS 0x00000000a8600000, 0x00000000a8600000|
|  89|0x00000000a8700000, 0x00000000a8800000, 0x00000000a8800000|100%| E|CS|TS  0|AC  0|TAMS 0x00000000a8700000, 0x00000000a8700000|
|  90|0x00000000a8800000, 0x00000000a8900000, 0x00000000a8900000|100%| E|CS|TS  0|AC  0|TAMS 0x00000000a8800000, 0x00000000a8800000|
|  91|0x00000000a8900000, 0x00000000a8a00000, 0x00000000a8a00000|100%| E|CS|TS  0|AC  0|TAMS 0x00000000a8900000, 0x00000000a8900000|
|  92|0x00000000a8a00000, 0x00000000a8b00000, 0x00000000a8b00000|100%| E|CS|TS  0|AC  0|TAMS 0x00000000a8a00000, 0x00000000a8a00000|
|  93|0x00000000a8b00000, 0x00000000a8c00000, 0x00000000a8c00000|100%| E|CS|TS  0|AC  0|TAMS 0x00000000a8b00000, 0x00000000a8b00000|

Card table byte_map: [0x00007f8abfd17000,0x00007f8ac0000000] byte_map_base: 0x00007f8abf800000

Marking Bits (Prev, Next): (CMBitMap*) 0x00007f8afc0561e0, (CMBitMap*) 0x00007f8afc056238
 Prev Bits: [0x00007f8abe2e6000, 0x00007f8abfa2e000)
 Next Bits: [0x00007f8abcb9e000, 0x00007f8abe2e6000)

Polling page: 0x00007f8b034cb000

CodeHeap 'non-nmethods': size=5696Kb used=1250Kb max_used=1261Kb free=4445Kb
 bounds [0x00007f8ae562b000, 0x00007f8ae589b000, 0x00007f8ae5bbb000]
CodeHeap 'profiled nmethods': size=120032Kb used=796Kb max_used=796Kb free=119236Kb
 bounds [0x00007f8ae5bbb000, 0x00007f8ae5e2b000, 0x00007f8aed0f3000]
CodeHeap 'non-profiled nmethods': size=120032Kb used=160Kb max_used=160Kb free=119871Kb
 bounds [0x00007f8aed0f3000, 0x00007f8aed363000, 0x00007f8af462b000]
 total_blobs=1150 nmethods=515 adapters=422
 compilation: enabled

Compilation events (10 events):
Event: 0.477 Thread 0x00007f8afc143800 nmethod 513 0x00007f8ae5c7df90 code [0x00007f8ae5c7e140, 0x00007f8ae5c7e688]
Event: 0.477 Thread 0x00007f8afc143800  514       3       java.util.Collections$UnmodifiableCollection::size (10 bytes)
Event: 0.477 Thread 0x00007f8afc143800 nmethod 514 0x00007f8ae5c7e890 code [0x00007f8ae5c7ea20, 0x00007f8ae5c7ec48]
Event: 0.477 Thread 0x00007f8afc143800  515       3       java.lang.String::startsWith (7 bytes)
Event: 0.478 Thread 0x00007f8afc143800 nmethod 515 0x00007f8ae5c7ed10 code [0x00007f8ae5c7eea0, 0x00007f8ae5c7f0a8]
Event: 0.484 Thread 0x00007f8afc141800 nmethod 494 0x00007f8aed11a190 code [0x00007f8aed11a340, 0x00007f8aed11af08]
Event: 0.484 Thread 0x00007f8afc143800  516       3       java.nio.HeapByteBuffer::_get (7 bytes)
Event: 0.484 Thread 0x00007f8afc143800 nmethod 516 0x00007f8ae5c7f190 code [0x00007f8ae5c7f300, 0x00007f8ae5c7f470]
Event: 0.485 Thread 0x00007f8afc143800  517   !   3       java.lang.StringCoding::decode (167 bytes)
Event: 0.487 Thread 0x00007f8afc143800 nmethod 517 0x00007f8ae5c7f590 code [0x00007f8ae5c7f920, 0x00007f8ae5c815a8]

GC Heap History (0 events):
No events

Deoptimization events (10 events):
Event: 0.369 Thread 0x00007f8afc010800 Uncommon trap: reason=unstable_if action=reinterpret pc=0x00007f8aed0fdcd0 method=java.util.HashMap.hash(Ljava/lang/Object;)I @ 1
Event: 0.370 Thread 0x00007f8afc010800 Uncommon trap: reason=unstable_fused_if action=reinterpret pc=0x00007f8aed10cd9c method=java.util.HashMap.resize()[Ljava/util/HashMap$Node; @ 31
Event: 0.391 Thread 0x00007f8afc010800 Uncommon trap: reason=class_check action=maybe_recompile pc=0x00007f8aed0fc72c method=java.util.HashMap.putVal(ILjava/lang/Object;Ljava/lang/Object;ZZ)Ljava/lang/Object; @ 253
Event: 0.392 Thread 0x00007f8afc010800 Uncommon trap: reason=class_check action=maybe_recompile pc=0x00007f8aed0fc72c method=java.util.HashMap.putVal(ILjava/lang/Object;Ljava/lang/Object;ZZ)Ljava/lang/Object; @ 253
Event: 0.393 Thread 0x00007f8afc010800 Uncommon trap: reason=class_check action=maybe_recompile pc=0x00007f8aed0fc72c method=java.util.HashMap.putVal(ILjava/lang/Object;Ljava/lang/Object;ZZ)Ljava/lang/Object; @ 253
Event: 0.395 Thread 0x00007f8afc010800 Uncommon trap: reason=unstable_fused_if action=reinterpret pc=0x00007f8aed10875c method=jdk.internal.org.objectweb.asm.ByteVector.putUTF8(Ljava/lang/String;)Ljdk/internal/org/objectweb/asm/ByteVector; @ 91
Event: 0.472 Thread 0x00007f8afc010800 Uncommon trap: reason=bimorphic_or_optimized_type_check action=maybe_recompile pc=0x00007f8aed118b0c method=java.util.HashMap.putVal(ILjava/lang/Object;Ljava/lang/Object;ZZ)Ljava/lang/Object; @ 91
Event: 0.472 Thread 0x00007f8afc010800 Uncommon trap: reason=bimorphic_or_optimized_type_check action=maybe_recompile pc=0x00007f8aed118b0c method=java.util.HashMap.putVal(ILjava/lang/Object;Ljava/lang/Object;ZZ)Ljava/lang/Object; @ 91
Event: 0.472 Thread 0x00007f8afc010800 Uncommon trap: reason=bimorphic_or_optimized_type_check action=maybe_recompile pc=0x00007f8aed118b0c method=java.util.HashMap.putVal(ILjava/lang/Object;Ljava/lang/Object;ZZ)Ljava/lang/Object; @ 91
Event: 0.472 Thread 0x00007f8afc010800 Uncommon trap: reason=bimorphic_or_optimized_type_check action=maybe_recompile pc=0x00007f8aed118b0c method=java.util.HashMap.putVal(ILjava/lang/Object;Ljava/lang/Object;ZZ)Ljava/lang/Object; @ 91

Classes redefined (0 events):
No events

Internal exceptions (6 events):
Event: 0.199 Thread 0x00007f8afc010800 Exception <a 'java/lang/ClassNotFoundException': sun/awt/resources/awtProvider> (0x00000000a8956760) thrown at [/build/openjdk-9-argm_o/openjdk-9-9~b114/src/hotspot/src/share/vm/classfile/systemDictionary.cpp, line 224]
Event: 0.218 Thread 0x00007f8afc010800 Exception <a 'java/io/FileNotFoundException'> (0x00000000a8996038) thrown at [/build/openjdk-9-argm_o/openjdk-9-9~b114/src/hotspot/src/share/vm/prims/jni.cpp, line 605]
Event: 0.219 Thread 0x00007f8afc010800 Exception <a 'java/io/FileNotFoundException'> (0x00000000a899e078) thrown at [/build/openjdk-9-argm_o/openjdk-9-9~b114/src/hotspot/src/share/vm/prims/jni.cpp, line 605]
Event: 0.359 Thread 0x00007f8afc010800 Exception <a 'java/lang/ClassNotFoundException': com/sun/swing/internal/plaf/metal/resources/metalProvider> (0x00000000a8763478) thrown at [/build/openjdk-9-argm_o/openjdk-9-9~b114/src/hotspot/src/share/vm/classfile/systemDictionary.cpp, line 224]
Event: 0.360 Thread 0x00007f8afc010800 Exception <a 'java/lang/ClassNotFoundException': com/sun/swing/internal/plaf/basic/resources/basicProvider> (0x00000000a8766ad8) thrown at [/build/openjdk-9-argm_o/openjdk-9-9~b114/src/hotspot/src/share/vm/classfile/systemDictionary.cpp, line 224]
Event: 0.369 Thread 0x00007f8afc010800 Implicit null exception at 0x00007f8aed0fdc38 to 0x00007f8aed0fdcc6

Events (10 events):
Event: 0.485 loading class sun/nio/cs/UTF_16$Decoder
Event: 0.485 loading class sun/nio/cs/UnicodeDecoder
Event: 0.485 loading class sun/nio/cs/UnicodeDecoder done
Event: 0.485 loading class sun/nio/cs/UTF_16$Decoder done
Event: 0.486 loading class sun/font/FileFontStrike
Event: 0.486 loading class sun/font/FileFontStrike done
Event: 0.487 loading class sun/font/FontScaler
Event: 0.487 loading class sun/font/FontScaler done
Event: 0.487 loading class sun/font/FreetypeFontScaler
Event: 0.487 loading class sun/font/FreetypeFontScaler done


Dynamic libraries:
00400000-00401000 r-xp 00000000 08:01 14955722                           /usr/lib/jvm/java-9-openjdk-amd64/bin/java
00600000-00601000 r--p 00000000 08:01 14955722                           /usr/lib/jvm/java-9-openjdk-amd64/bin/java
00601000-00602000 rw-p 00001000 08:01 14955722                           /usr/lib/jvm/java-9-openjdk-amd64/bin/java
0177c000-0179d000 rw-p 00000000 00:00 0                                  [heap]
a2e00000-a8c00000 rw-p 00000000 00:00 0 
a8c00000-100000000 ---p 00000000 00:00 0 
100000000-100140000 rw-p 00000000 00:00 0 
100140000-140000000 ---p 00000000 00:00 0 
7f8a6c000000-7f8a6c021000 rw-p 00000000 00:00 0 
7f8a6c021000-7f8a70000000 ---p 00000000 00:00 0 
7f8a70000000-7f8a70021000 rw-p 00000000 00:00 0 
7f8a70021000-7f8a74000000 ---p 00000000 00:00 0 
7f8a74000000-7f8a74021000 rw-p 00000000 00:00 0 
7f8a74021000-7f8a78000000 ---p 00000000 00:00 0 
7f8a7b055000-7f8a7b059000 ---p 00000000 00:00 0 
7f8a7b059000-7f8a7b296000 rw-p 00000000 00:00 0 
7f8a7b296000-7f8a7b356000 ---p 00000000 00:00 0 
7f8a7b356000-7f8a7b35a000 ---p 00000000 00:00 0 
7f8a7b35a000-7f8a7b457000 rw-p 00000000 00:00 0 
7f8a7b457000-7f8a7b45c000 r-xp 00000000 08:01 14426492                   /usr/lib/x86_64-linux-gnu/libXfixes.so.3.1.0
7f8a7b45c000-7f8a7b65b000 ---p 00005000 08:01 14426492                   /usr/lib/x86_64-linux-gnu/libXfixes.so.3.1.0
7f8a7b65b000-7f8a7b65c000 r--p 00004000 08:01 14426492                   /usr/lib/x86_64-linux-gnu/libXfixes.so.3.1.0
7f8a7b65c000-7f8a7b65d000 rw-p 00005000 08:01 14426492                   /usr/lib/x86_64-linux-gnu/libXfixes.so.3.1.0
7f8a7b65d000-7f8a7b666000 r-xp 00000000 08:01 14426484                   /usr/lib/x86_64-linux-gnu/libXcursor.so.1.0.2
7f8a7b666000-7f8a7b865000 ---p 00009000 08:01 14426484                   /usr/lib/x86_64-linux-gnu/libXcursor.so.1.0.2
7f8a7b865000-7f8a7b866000 r--p 00008000 08:01 14426484                   /usr/lib/x86_64-linux-gnu/libXcursor.so.1.0.2
7f8a7b866000-7f8a7b867000 rw-p 00009000 08:01 14426484                   /usr/lib/x86_64-linux-gnu/libXcursor.so.1.0.2
7f8a7b867000-7f8a7b88b000 r-xp 00000000 08:01 4854325                    /lib/x86_64-linux-gnu/libpng12.so.0.54.0
7f8a7b88b000-7f8a7ba8a000 ---p 00024000 08:01 4854325                    /lib/x86_64-linux-gnu/libpng12.so.0.54.0
7f8a7ba8a000-7f8a7ba8b000 r--p 00023000 08:01 4854325                    /lib/x86_64-linux-gnu/libpng12.so.0.54.0
7f8a7ba8b000-7f8a7ba8c000 rw-p 00024000 08:01 4854325                    /lib/x86_64-linux-gnu/libpng12.so.0.54.0
7f8a7ba8c000-7f8a7bb30000 r-xp 00000000 08:01 14420469                   /usr/lib/x86_64-linux-gnu/libfreetype.so.6.12.1
7f8a7bb30000-7f8a7bd2f000 ---p 000a4000 08:01 14420469                   /usr/lib/x86_64-linux-gnu/libfreetype.so.6.12.1
7f8a7bd2f000-7f8a7bd35000 r--p 000a3000 08:01 14420469                   /usr/lib/x86_64-linux-gnu/libfreetype.so.6.12.1
7f8a7bd35000-7f8a7bd36000 rw-p 000a9000 08:01 14420469                   /usr/lib/x86_64-linux-gnu/libfreetype.so.6.12.1
7f8a7bd36000-7f8a7bdfc000 r-xp 00000000 08:01 14955742                   /usr/lib/jvm/java-9-openjdk-amd64/lib/amd64/libfontmanager.so
7f8a7bdfc000-7f8a7bffb000 ---p 000c6000 08:01 14955742                   /usr/lib/jvm/java-9-openjdk-amd64/lib/amd64/libfontmanager.so
7f8a7bffb000-7f8a7bffe000 r--p 000c5000 08:01 14955742                   /usr/lib/jvm/java-9-openjdk-amd64/lib/amd64/libfontmanager.so
7f8a7bffe000-7f8a7bfff000 rw-p 000c8000 08:01 14955742                   /usr/lib/jvm/java-9-openjdk-amd64/lib/amd64/libfontmanager.so
7f8a7bfff000-7f8a7c000000 rw-p 00000000 00:00 0 
7f8a7c000000-7f8a7c021000 rw-p 00000000 00:00 0 
7f8a7c021000-7f8a80000000 ---p 00000000 00:00 0 
7f8a80000000-7f8a80021000 rw-p 00000000 00:00 0 
7f8a80021000-7f8a84000000 ---p 00000000 00:00 0 
7f8a84000000-7f8a84021000 rw-p 00000000 00:00 0 
7f8a84021000-7f8a88000000 ---p 00000000 00:00 0 
7f8a88079000-7f8a8807e000 r-xp 00000000 08:01 14426488                   /usr/lib/x86_64-linux-gnu/libXdmcp.so.6.0.0
7f8a8807e000-7f8a8827d000 ---p 00005000 08:01 14426488                   /usr/lib/x86_64-linux-gnu/libXdmcp.so.6.0.0
7f8a8827d000-7f8a8827e000 r--p 00004000 08:01 14426488                   /usr/lib/x86_64-linux-gnu/libXdmcp.so.6.0.0
7f8a8827e000-7f8a8827f000 rw-p 00005000 08:01 14426488                   /usr/lib/x86_64-linux-gnu/libXdmcp.so.6.0.0
7f8a8827f000-7f8a88281000 r-xp 00000000 08:01 14426477                   /usr/lib/x86_64-linux-gnu/libXau.so.6.0.0
7f8a88281000-7f8a88481000 ---p 00002000 08:01 14426477                   /usr/lib/x86_64-linux-gnu/libXau.so.6.0.0
7f8a88481000-7f8a88482000 r--p 00002000 08:01 14426477                   /usr/lib/x86_64-linux-gnu/libXau.so.6.0.0
7f8a88482000-7f8a88483000 rw-p 00003000 08:01 14426477                   /usr/lib/x86_64-linux-gnu/libXau.so.6.0.0
7f8a88483000-7f8a884a4000 r-xp 00000000 08:01 14427830                   /usr/lib/x86_64-linux-gnu/libxcb.so.1.1.0
7f8a884a4000-7f8a886a3000 ---p 00021000 08:01 14427830                   /usr/lib/x86_64-linux-gnu/libxcb.so.1.1.0
7f8a886a3000-7f8a886a4000 r--p 00020000 08:01 14427830                   /usr/lib/x86_64-linux-gnu/libxcb.so.1.1.0
7f8a886a4000-7f8a886a5000 rw-p 00021000 08:01 14427830                   /usr/lib/x86_64-linux-gnu/libxcb.so.1.1.0
7f8a886a5000-7f8a886b4000 r-xp 00000000 08:01 14426498                   /usr/lib/x86_64-linux-gnu/libXi.so.6.1.0
7f8a886b4000-7f8a888b3000 ---p 0000f000 08:01 14426498                   /usr/lib/x86_64-linux-gnu/libXi.so.6.1.0
7f8a888b3000-7f8a888b4000 r--p 0000e000 08:01 14426498                   /usr/lib/x86_64-linux-gnu/libXi.so.6.1.0
7f8a888b4000-7f8a888b5000 rw-p 0000f000 08:01 14426498                   /usr/lib/x86_64-linux-gnu/libXi.so.6.1.0
7f8a888b5000-7f8a888ba000 r-xp 00000000 08:01 14426516                   /usr/lib/x86_64-linux-gnu/libXtst.so.6.1.0
7f8a888ba000-7f8a88ab9000 ---p 00005000 08:01 14426516                   /usr/lib/x86_64-linux-gnu/libXtst.so.6.1.0
7f8a88ab9000-7f8a88aba000 r--p 00004000 08:01 14426516                   /usr/lib/x86_64-linux-gnu/libXtst.so.6.1.0
7f8a88aba000-7f8a88abb000 rw-p 00005000 08:01 14426516                   /usr/lib/x86_64-linux-gnu/libXtst.so.6.1.0
7f8a88abb000-7f8a88ac4000 r-xp 00000000 08:01 14426510                   /usr/lib/x86_64-linux-gnu/libXrender.so.1.3.0
7f8a88ac4000-7f8a88cc3000 ---p 00009000 08:01 14426510                   /usr/lib/x86_64-linux-gnu/libXrender.so.1.3.0
7f8a88cc3000-7f8a88cc4000 r--p 00008000 08:01 14426510                   /usr/lib/x86_64-linux-gnu/libXrender.so.1.3.0
7f8a88cc4000-7f8a88cc5000 rw-p 00009000 08:01 14426510                   /usr/lib/x86_64-linux-gnu/libXrender.so.1.3.0
7f8a88cc5000-7f8a88dfa000 r-xp 00000000 08:01 14426473                   /usr/lib/x86_64-linux-gnu/libX11.so.6.3.0
7f8a88dfa000-7f8a88ffa000 ---p 00135000 08:01 14426473                   /usr/lib/x86_64-linux-gnu/libX11.so.6.3.0
7f8a88ffa000-7f8a88ffb000 r--p 00135000 08:01 14426473                   /usr/lib/x86_64-linux-gnu/libX11.so.6.3.0
7f8a88ffb000-7f8a88fff000 rw-p 00136000 08:01 14426473                   /usr/lib/x86_64-linux-gnu/libX11.so.6.3.0
7f8a88fff000-7f8a8c000000 rw-p 00000000 00:00 0 
7f8a8c000000-7f8a8c149000 rw-p 00000000 00:00 0 
7f8a8c149000-7f8a90000000 ---p 00000000 00:00 0 
7f8a90000000-7f8a90021000 rw-p 00000000 00:00 0 
7f8a90021000-7f8a94000000 ---p 00000000 00:00 0 
7f8a94000000-7f8a941e1000 rw-p 00000000 00:00 0 
7f8a941e1000-7f8a98000000 ---p 00000000 00:00 0 
7f8a98000000-7f8a981a4000 rw-p 00000000 00:00 0 
7f8a981a4000-7f8a9c000000 ---p 00000000 00:00 0 
7f8a9c000000-7f8a9c021000 rw-p 00000000 00:00 0 
7f8a9c021000-7f8aa0000000 ---p 00000000 00:00 0 
7f8aa0000000-7f8aa0021000 rw-p 00000000 00:00 0 
7f8aa0021000-7f8aa4000000 ---p 00000000 00:00 0 
7f8aa4000000-7f8aa4021000 rw-p 00000000 00:00 0 
7f8aa4021000-7f8aa8000000 ---p 00000000 00:00 0 
7f8aa8000000-7f8aa8021000 rw-p 00000000 00:00 0 
7f8aa8021000-7f8aac000000 ---p 00000000 00:00 0 
7f8aac000000-7f8aac021000 rw-p 00000000 00:00 0 
7f8aac021000-7f8ab0000000 ---p 00000000 00:00 0 
7f8ab0000000-7f8ab0021000 rw-p 00000000 00:00 0 
7f8ab0021000-7f8ab4000000 ---p 00000000 00:00 0 
7f8ab40b7000-7f8ab40bb000 ---p 00000000 00:00 0 
7f8ab40bb000-7f8ab41b8000 rw-p 00000000 00:00 0 
7f8ab41b8000-7f8ab41c9000 r-xp 00000000 08:01 14426490                   /usr/lib/x86_64-linux-gnu/libXext.so.6.4.0
7f8ab41c9000-7f8ab43c8000 ---p 00011000 08:01 14426490                   /usr/lib/x86_64-linux-gnu/libXext.so.6.4.0
7f8ab43c8000-7f8ab43c9000 r--p 00010000 08:01 14426490                   /usr/lib/x86_64-linux-gnu/libXext.so.6.4.0
7f8ab43c9000-7f8ab43ca000 rw-p 00011000 08:01 14426490                   /usr/lib/x86_64-linux-gnu/libXext.so.6.4.0
7f8ab43ca000-7f8ab4421000 r-xp 00000000 08:01 14955767                   /usr/lib/jvm/java-9-openjdk-amd64/lib/amd64/libawt_xawt.so
7f8ab4421000-7f8ab4621000 ---p 00057000 08:01 14955767                   /usr/lib/jvm/java-9-openjdk-amd64/lib/amd64/libawt_xawt.so
7f8ab4621000-7f8ab4622000 r--p 00057000 08:01 14955767                   /usr/lib/jvm/java-9-openjdk-amd64/lib/amd64/libawt_xawt.so
7f8ab4622000-7f8ab4625000 rw-p 00058000 08:01 14955767                   /usr/lib/jvm/java-9-openjdk-amd64/lib/amd64/libawt_xawt.so
7f8ab4625000-7f8ab4626000 rw-p 00000000 00:00 0 
7f8ab4626000-7f8ab46c6000 r-xp 00000000 08:01 14955741                   /usr/lib/jvm/java-9-openjdk-amd64/lib/amd64/libawt.so
7f8ab46c6000-7f8ab48c5000 ---p 000a0000 08:01 14955741                   /usr/lib/jvm/java-9-openjdk-amd64/lib/amd64/libawt.so
7f8ab48c5000-7f8ab48c6000 r--p 0009f000 08:01 14955741                   /usr/lib/jvm/java-9-openjdk-amd64/lib/amd64/libawt.so
7f8ab48c6000-7f8ab48d1000 rw-p 000a0000 08:01 14955741                   /usr/lib/jvm/java-9-openjdk-amd64/lib/amd64/libawt.so
7f8ab48d1000-7f8ab48f6000 rw-p 00000000 00:00 0 
7f8ab48f6000-7f8ab48f7000 ---p 00000000 00:00 0 
7f8ab48f7000-7f8ab49f7000 rw-p 00000000 00:00 0 
7f8ab49f7000-7f8ab49fb000 ---p 00000000 00:00 0 
7f8ab49fb000-7f8ab4af8000 rw-p 00000000 00:00 0 
7f8ab4af8000-7f8ab4afc000 ---p 00000000 00:00 0 
7f8ab4afc000-7f8ab4bf9000 rw-p 00000000 00:00 0 
7f8ab4bf9000-7f8ab4c0f000 r-xp 00000000 08:01 14955743                   /usr/lib/jvm/java-9-openjdk-amd64/lib/amd64/libnet.so
7f8ab4c0f000-7f8ab4e0e000 ---p 00016000 08:01 14955743                   /usr/lib/jvm/java-9-openjdk-amd64/lib/amd64/libnet.so
7f8ab4e0e000-7f8ab4e0f000 r--p 00015000 08:01 14955743                   /usr/lib/jvm/java-9-openjdk-amd64/lib/amd64/libnet.so
7f8ab4e0f000-7f8ab4e10000 rw-p 00016000 08:01 14955743                   /usr/lib/jvm/java-9-openjdk-amd64/lib/amd64/libnet.so
7f8ab4e10000-7f8ab4e21000 r-xp 00000000 08:01 14955768                   /usr/lib/jvm/java-9-openjdk-amd64/lib/amd64/libnio.so
7f8ab4e21000-7f8ab5021000 ---p 00011000 08:01 14955768                   /usr/lib/jvm/java-9-openjdk-amd64/lib/amd64/libnio.so
7f8ab5021000-7f8ab5022000 r--p 00011000 08:01 14955768                   /usr/lib/jvm/java-9-openjdk-amd64/lib/amd64/libnio.so
7f8ab5022000-7f8ab5023000 rw-p 00012000 08:01 14955768                   /usr/lib/jvm/java-9-openjdk-amd64/lib/amd64/libnio.so
7f8ab5023000-7f8ab5027000 ---p 00000000 00:00 0 
7f8ab5027000-7f8ab5124000 rw-p 00000000 00:00 0 
7f8ab5124000-7f8ab5128000 ---p 00000000 00:00 0 
7f8ab5128000-7f8ab5225000 rw-p 00000000 00:00 0 
7f8ab5225000-7f8ab5229000 ---p 00000000 00:00 0 
7f8ab5229000-7f8ab5326000 rw-p 00000000 00:00 0 
7f8ab5326000-7f8ab532a000 ---p 00000000 00:00 0 
7f8ab532a000-7f8ab5427000 rw-p 00000000 00:00 0 
7f8ab5427000-7f8ab542b000 ---p 00000000 00:00 0 
7f8ab542b000-7f8ab5528000 rw-p 00000000 00:00 0 
7f8ab5528000-7f8ab5800000 r--p 00000000 08:01 14419427                   /usr/lib/locale/locale-archive
7f8ab5800000-7f8ab8000000 rw-p 00000000 00:00 0 
7f8ab8000000-7f8ab8021000 rw-p 00000000 00:00 0 
7f8ab8021000-7f8abc000000 ---p 00000000 00:00 0 
7f8abc0e0000-7f8abc0e4000 ---p 00000000 00:00 0 
7f8abc0e4000-7f8abc1e1000 rw-p 00000000 00:00 0 
7f8abc1e1000-7f8abc1e5000 ---p 00000000 00:00 0 
7f8abc1e5000-7f8abc2e2000 rw-p 00000000 00:00 0 
7f8abc2e2000-7f8abc2e6000 ---p 00000000 00:00 0 
7f8abc2e6000-7f8abc3e3000 rw-p 00000000 00:00 0 
7f8abc3e3000-7f8abc3e4000 ---p 00000000 00:00 0 
7f8abc3e4000-7f8abca9d000 rw-p 00000000 00:00 0 
7f8abca9d000-7f8abca9e000 ---p 00000000 00:00 0 
7f8abca9e000-7f8abcd16000 rw-p 00000000 00:00 0 
7f8abcd16000-7f8abe2e6000 ---p 00000000 00:00 0 
7f8abe2e6000-7f8abe45e000 rw-p 00000000 00:00 0 
7f8abe45e000-7f8abfa2e000 ---p 00000000 00:00 0 
7f8abfa2e000-7f8abfa5d000 rw-p 00000000 00:00 0 
7f8abfa5d000-7f8abfd17000 ---p 00000000 00:00 0 
7f8abfd17000-7f8abfd46000 rw-p 00000000 00:00 0 
7f8abfd46000-7f8ac0000000 ---p 00000000 00:00 0 
7f8ac0000000-7f8ac0021000 rw-p 00000000 00:00 0 
7f8ac0021000-7f8ac4000000 ---p 00000000 00:00 0 
7f8ac4000000-7f8ac4021000 rw-p 00000000 00:00 0 
7f8ac4021000-7f8ac8000000 ---p 00000000 00:00 0 
7f8ac8000000-7f8ac8021000 rw-p 00000000 00:00 0 
7f8ac8021000-7f8acc000000 ---p 00000000 00:00 0 
7f8acc000000-7f8acc021000 rw-p 00000000 00:00 0 
7f8acc021000-7f8ad0000000 ---p 00000000 00:00 0 
7f8ad0000000-7f8ad0021000 rw-p 00000000 00:00 0 
7f8ad0021000-7f8ad4000000 ---p 00000000 00:00 0 
7f8ad4000000-7f8ad4021000 rw-p 00000000 00:00 0 
7f8ad4021000-7f8ad8000000 ---p 00000000 00:00 0 
7f8ad8000000-7f8ad8021000 rw-p 00000000 00:00 0 
7f8ad8021000-7f8adc000000 ---p 00000000 00:00 0 
7f8adc000000-7f8adc021000 rw-p 00000000 00:00 0 
7f8adc021000-7f8ae0000000 ---p 00000000 00:00 0 
7f8ae0000000-7f8ae0021000 rw-p 00000000 00:00 0 
7f8ae0021000-7f8ae4000000 ---p 00000000 00:00 0 
7f8ae4017000-7f8ae4075000 rw-p 00000000 00:00 0 
7f8ae4075000-7f8ae4076000 ---p 00000000 00:00 0 
7f8ae4076000-7f8ae4176000 rw-p 00000000 00:00 0 
7f8ae4176000-7f8ae445f000 ---p 00000000 00:00 0 
7f8ae445f000-7f8ae448e000 rw-p 00000000 00:00 0 
7f8ae448e000-7f8ae4748000 ---p 00000000 00:00 0 
7f8ae4748000-7f8ae4749000 ---p 00000000 00:00 0 
7f8ae4749000-7f8ae4849000 rw-p 00000000 00:00 0 
7f8ae4849000-7f8ae484a000 ---p 00000000 00:00 0 
7f8ae484a000-7f8ae494a000 rw-p 00000000 00:00 0 
7f8ae494a000-7f8ae494b000 ---p 00000000 00:00 0 
7f8ae494b000-7f8ae4a4b000 rw-p 00000000 00:00 0 
7f8ae4a4b000-7f8ae4a4c000 ---p 00000000 00:00 0 
7f8ae4a4c000-7f8ae4b4c000 rw-p 00000000 00:00 0 
7f8ae4b4c000-7f8ae4b4d000 ---p 00000000 00:00 0 
7f8ae4b4d000-7f8ae5051000 rw-p 00000000 00:00 0 
7f8ae5051000-7f8ae5052000 ---p 00000000 00:00 0 
7f8ae5052000-7f8ae5152000 rw-p 00000000 00:00 0 
7f8ae5152000-7f8ae5153000 ---p 00000000 00:00 0 
7f8ae5153000-7f8ae5253000 rw-p 00000000 00:00 0 
7f8ae5253000-7f8ae5254000 ---p 00000000 00:00 0 
7f8ae5254000-7f8ae5354000 rw-p 00000000 00:00 0 
7f8ae5354000-7f8ae5355000 ---p 00000000 00:00 0 
7f8ae5355000-7f8ae545a000 rw-p 00000000 00:00 0 
7f8ae545a000-7f8ae5540000 ---p 00000000 00:00 0 
7f8ae5540000-7f8ae5545000 rw-p 00000000 00:00 0 
7f8ae5545000-7f8ae562b000 ---p 00000000 00:00 0 
7f8ae562b000-7f8ae589b000 rwxp 00000000 00:00 0 
7f8ae589b000-7f8ae5bbb000 ---p 00000000 00:00 0 
7f8ae5bbb000-7f8ae5e2b000 rwxp 00000000 00:00 0 
7f8ae5e2b000-7f8aed0f3000 ---p 00000000 00:00 0 
7f8aed0f3000-7f8aed363000 rwxp 00000000 00:00 0 
7f8aed363000-7f8af462b000 ---p 00000000 00:00 0 
7f8af462b000-7f8afb9da000 r--s 00000000 08:01 14955727                   /usr/lib/jvm/java-9-openjdk-amd64/lib/modules
7f8afb9da000-7f8afb9e1000 r-xp 00000000 08:01 14955753                   /usr/lib/jvm/java-9-openjdk-amd64/lib/amd64/libzip.so
7f8afb9e1000-7f8afbbe0000 ---p 00007000 08:01 14955753                   /usr/lib/jvm/java-9-openjdk-amd64/lib/amd64/libzip.so
7f8afbbe0000-7f8afbbe1000 r--p 00006000 08:01 14955753                   /usr/lib/jvm/java-9-openjdk-amd64/lib/amd64/libzip.so
7f8afbbe1000-7f8afbbe2000 rw-p 00007000 08:01 14955753                   /usr/lib/jvm/java-9-openjdk-amd64/lib/amd64/libzip.so
7f8afbbe2000-7f8afbbed000 r-xp 00000000 08:01 4849746                    /lib/x86_64-linux-gnu/libnss_files-2.23.so
7f8afbbed000-7f8afbdec000 ---p 0000b000 08:01 4849746                    /lib/x86_64-linux-gnu/libnss_files-2.23.so
7f8afbdec000-7f8afbded000 r--p 0000a000 08:01 4849746                    /lib/x86_64-linux-gnu/libnss_files-2.23.so
7f8afbded000-7f8afbdee000 rw-p 0000b000 08:01 4849746                    /lib/x86_64-linux-gnu/libnss_files-2.23.so
7f8afbdee000-7f8afbdf4000 rw-p 00000000 00:00 0 
7f8afbdf4000-7f8afbdff000 r-xp 00000000 08:01 4849749                    /lib/x86_64-linux-gnu/libnss_nis-2.23.so
7f8afbdff000-7f8afbffe000 ---p 0000b000 08:01 4849749                    /lib/x86_64-linux-gnu/libnss_nis-2.23.so
7f8afbffe000-7f8afbfff000 r--p 0000a000 08:01 4849749                    /lib/x86_64-linux-gnu/libnss_nis-2.23.so
7f8afbfff000-7f8afc000000 rw-p 0000b000 08:01 4849749                    /lib/x86_64-linux-gnu/libnss_nis-2.23.so
7f8afc000000-7f8afc3b5000 rw-p 00000000 00:00 0 
7f8afc3b5000-7f8b00000000 ---p 00000000 00:00 0 
7f8b00001000-7f8b00006000 r-xp 00000000 08:01 14955757                   /usr/lib/jvm/java-9-openjdk-amd64/lib/amd64/libjimage.so
7f8b00006000-7f8b00205000 ---p 00005000 08:01 14955757                   /usr/lib/jvm/java-9-openjdk-amd64/lib/amd64/libjimage.so
7f8b00205000-7f8b00206000 r--p 00004000 08:01 14955757                   /usr/lib/jvm/java-9-openjdk-amd64/lib/amd64/libjimage.so
7f8b00206000-7f8b00207000 rw-p 00005000 08:01 14955757                   /usr/lib/jvm/java-9-openjdk-amd64/lib/amd64/libjimage.so
7f8b00207000-7f8b0021d000 r-xp 00000000 08:01 4849669                    /lib/x86_64-linux-gnu/libnsl-2.23.so
7f8b0021d000-7f8b0041c000 ---p 00016000 08:01 4849669                    /lib/x86_64-linux-gnu/libnsl-2.23.so
7f8b0041c000-7f8b0041d000 r--p 00015000 08:01 4849669                    /lib/x86_64-linux-gnu/libnsl-2.23.so
7f8b0041d000-7f8b0041e000 rw-p 00016000 08:01 4849669                    /lib/x86_64-linux-gnu/libnsl-2.23.so
7f8b0041e000-7f8b00420000 rw-p 00000000 00:00 0 
7f8b00420000-7f8b00428000 r-xp 00000000 08:01 4849755                    /lib/x86_64-linux-gnu/libnss_compat-2.23.so
7f8b00428000-7f8b00627000 ---p 00008000 08:01 4849755                    /lib/x86_64-linux-gnu/libnss_compat-2.23.so
7f8b00627000-7f8b00628000 r--p 00007000 08:01 4849755                    /lib/x86_64-linux-gnu/libnss_compat-2.23.so
7f8b00628000-7f8b00629000 rw-p 00008000 08:01 4849755                    /lib/x86_64-linux-gnu/libnss_compat-2.23.so
7f8b00629000-7f8b00654000 r-xp 00000000 08:01 14955736                   /usr/lib/jvm/java-9-openjdk-amd64/lib/amd64/libjava.so
7f8b00654000-7f8b00853000 ---p 0002b000 08:01 14955736                   /usr/lib/jvm/java-9-openjdk-amd64/lib/amd64/libjava.so
7f8b00853000-7f8b00854000 r--p 0002a000 08:01 14955736                   /usr/lib/jvm/java-9-openjdk-amd64/lib/amd64/libjava.so
7f8b00854000-7f8b00856000 rw-p 0002b000 08:01 14955736                   /usr/lib/jvm/java-9-openjdk-amd64/lib/amd64/libjava.so
7f8b00856000-7f8b00863000 r-xp 00000000 08:01 14955737                   /usr/lib/jvm/java-9-openjdk-amd64/lib/amd64/libverify.so
7f8b00863000-7f8b00a62000 ---p 0000d000 08:01 14955737                   /usr/lib/jvm/java-9-openjdk-amd64/lib/amd64/libverify.so
7f8b00a62000-7f8b00a64000 r--p 0000c000 08:01 14955737                   /usr/lib/jvm/java-9-openjdk-amd64/lib/amd64/libverify.so
7f8b00a64000-7f8b00a65000 rw-p 0000e000 08:01 14955737                   /usr/lib/jvm/java-9-openjdk-amd64/lib/amd64/libverify.so
7f8b00a65000-7f8b00a6c000 r-xp 00000000 08:01 4849751                    /lib/x86_64-linux-gnu/librt-2.23.so
7f8b00a6c000-7f8b00c6b000 ---p 00007000 08:01 4849751                    /lib/x86_64-linux-gnu/librt-2.23.so
7f8b00c6b000-7f8b00c6c000 r--p 00006000 08:01 4849751                    /lib/x86_64-linux-gnu/librt-2.23.so
7f8b00c6c000-7f8b00c6d000 rw-p 00007000 08:01 4849751                    /lib/x86_64-linux-gnu/librt-2.23.so
7f8b00c6d000-7f8b00c83000 r-xp 00000000 08:01 4854223                    /lib/x86_64-linux-gnu/libgcc_s.so.1
7f8b00c83000-7f8b00e82000 ---p 00016000 08:01 4854223                    /lib/x86_64-linux-gnu/libgcc_s.so.1
7f8b00e82000-7f8b00e83000 rw-p 00015000 08:01 4854223                    /lib/x86_64-linux-gnu/libgcc_s.so.1
7f8b00e83000-7f8b00f8b000 r-xp 00000000 08:01 4849760                    /lib/x86_64-linux-gnu/libm-2.23.so
7f8b00f8b000-7f8b0118a000 ---p 00108000 08:01 4849760                    /lib/x86_64-linux-gnu/libm-2.23.so
7f8b0118a000-7f8b0118b000 r--p 00107000 08:01 4849760                    /lib/x86_64-linux-gnu/libm-2.23.so
7f8b0118b000-7f8b0118c000 rw-p 00108000 08:01 4849760                    /lib/x86_64-linux-gnu/libm-2.23.so
7f8b0118c000-7f8b012fe000 r-xp 00000000 08:01 14427630                   /usr/lib/x86_64-linux-gnu/libstdc++.so.6.0.21
7f8b012fe000-7f8b014fe000 ---p 00172000 08:01 14427630                   /usr/lib/x86_64-linux-gnu/libstdc++.so.6.0.21
7f8b014fe000-7f8b01508000 r--p 00172000 08:01 14427630                   /usr/lib/x86_64-linux-gnu/libstdc++.so.6.0.21
7f8b01508000-7f8b0150a000 rw-p 0017c000 08:01 14427630                   /usr/lib/x86_64-linux-gnu/libstdc++.so.6.0.21
7f8b0150a000-7f8b0150e000 rw-p 00000000 00:00 0 
7f8b0150e000-7f8b0236c000 r-xp 00000000 08:01 14955750                   /usr/lib/jvm/java-9-openjdk-amd64/lib/amd64/server/libjvm.so
7f8b0236c000-7f8b0256c000 ---p 00e5e000 08:01 14955750                   /usr/lib/jvm/java-9-openjdk-amd64/lib/amd64/server/libjvm.so
7f8b0256c000-7f8b0261e000 r--p 00e5e000 08:01 14955750                   /usr/lib/jvm/java-9-openjdk-amd64/lib/amd64/server/libjvm.so
7f8b0261e000-7f8b02650000 rw-p 00f10000 08:01 14955750                   /usr/lib/jvm/java-9-openjdk-amd64/lib/amd64/server/libjvm.so
7f8b02650000-7f8b02695000 rw-p 00000000 00:00 0 
7f8b02695000-7f8b026ad000 r-xp 00000000 08:01 4849748                    /lib/x86_64-linux-gnu/libpthread-2.23.so
7f8b026ad000-7f8b028ac000 ---p 00018000 08:01 4849748                    /lib/x86_64-linux-gnu/libpthread-2.23.so
7f8b028ac000-7f8b028ad000 r--p 00017000 08:01 4849748                    /lib/x86_64-linux-gnu/libpthread-2.23.so
7f8b028ad000-7f8b028ae000 rw-p 00018000 08:01 4849748                    /lib/x86_64-linux-gnu/libpthread-2.23.so
7f8b028ae000-7f8b028b2000 rw-p 00000000 00:00 0 
7f8b028b2000-7f8b028b5000 r-xp 00000000 08:01 4849754                    /lib/x86_64-linux-gnu/libdl-2.23.so
7f8b028b5000-7f8b02ab4000 ---p 00003000 08:01 4849754                    /lib/x86_64-linux-gnu/libdl-2.23.so
7f8b02ab4000-7f8b02ab5000 r--p 00002000 08:01 4849754                    /lib/x86_64-linux-gnu/libdl-2.23.so
7f8b02ab5000-7f8b02ab6000 rw-p 00003000 08:01 4849754                    /lib/x86_64-linux-gnu/libdl-2.23.so
7f8b02ab6000-7f8b02acf000 r-xp 00000000 08:01 4854160                    /lib/x86_64-linux-gnu/libz.so.1.2.8
7f8b02acf000-7f8b02cce000 ---p 00019000 08:01 4854160                    /lib/x86_64-linux-gnu/libz.so.1.2.8
7f8b02cce000-7f8b02ccf000 r--p 00018000 08:01 4854160                    /lib/x86_64-linux-gnu/libz.so.1.2.8
7f8b02ccf000-7f8b02cd0000 rw-p 00019000 08:01 4854160                    /lib/x86_64-linux-gnu/libz.so.1.2.8
7f8b02cd0000-7f8b02e90000 r-xp 00000000 08:01 4854204                    /lib/x86_64-linux-gnu/libc-2.23.so
7f8b02e90000-7f8b03090000 ---p 001c0000 08:01 4854204                    /lib/x86_64-linux-gnu/libc-2.23.so
7f8b03090000-7f8b03094000 r--p 001c0000 08:01 4854204                    /lib/x86_64-linux-gnu/libc-2.23.so
7f8b03094000-7f8b03096000 rw-p 001c4000 08:01 4854204                    /lib/x86_64-linux-gnu/libc-2.23.so
7f8b03096000-7f8b0309a000 rw-p 00000000 00:00 0 
7f8b0309a000-7f8b030a8000 r-xp 00000000 08:01 18090157                   /usr/lib/jvm/java-9-openjdk-amd64/lib/amd64/jli/libjli.so
7f8b030a8000-7f8b032a7000 ---p 0000e000 08:01 18090157                   /usr/lib/jvm/java-9-openjdk-amd64/lib/amd64/jli/libjli.so
7f8b032a7000-7f8b032a8000 r--p 0000d000 08:01 18090157                   /usr/lib/jvm/java-9-openjdk-amd64/lib/amd64/jli/libjli.so
7f8b032a8000-7f8b032a9000 rw-p 0000e000 08:01 18090157                   /usr/lib/jvm/java-9-openjdk-amd64/lib/amd64/jli/libjli.so
7f8b032a9000-7f8b032cf000 r-xp 00000000 08:01 4849678                    /lib/x86_64-linux-gnu/ld-2.23.so
7f8b032e5000-7f8b033a1000 rw-p 00000000 00:00 0 
7f8b033a1000-7f8b033a5000 ---p 00000000 00:00 0 
7f8b033a5000-7f8b034a7000 rw-p 00000000 00:00 0 
7f8b034b6000-7f8b034bb000 rw-p 00000000 00:00 0 
7f8b034bb000-7f8b034c2000 ---p 00000000 00:00 0 
7f8b034c2000-7f8b034ca000 rw-s 00000000 08:01 13631499                   /tmp/hsperfdata_andrew/3237
7f8b034ca000-7f8b034cb000 rw-p 00000000 00:00 0 
7f8b034cb000-7f8b034cc000 r--p 00000000 00:00 0 
7f8b034cc000-7f8b034ce000 rw-p 00000000 00:00 0 
7f8b034ce000-7f8b034cf000 r--p 00025000 08:01 4849678                    /lib/x86_64-linux-gnu/ld-2.23.so
7f8b034cf000-7f8b034d0000 rw-p 00026000 08:01 4849678                    /lib/x86_64-linux-gnu/ld-2.23.so
7f8b034d0000-7f8b034d1000 rw-p 00000000 00:00 0 
7ffe354d9000-7ffe354fa000 rw-p 00000000 00:00 0                          [stack]
7ffe355f3000-7ffe355f5000 r--p 00000000 00:00 0                          [vvar]
7ffe355f5000-7ffe355f7000 r-xp 00000000 00:00 0                          [vdso]
ffffffffff600000-ffffffffff601000 r-xp 00000000 00:00 0                  [vsyscall]

VM Arguments:
java_command: MyCustomFrameViewer
java_class_path (initial): .
Launcher Type: SUN_STANDARD

Environment Variables:
PATH=/home/andrew/anaconda3/bin:/home/andrew/bin:/home/andrew/.local/bin:/home/andrew/anaconda3/bin:/usr/local/sbin:/usr/local/bin:/usr/sbin:/usr/bin:/sbin:/bin:/usr/games:/usr/local/games:/snap/bin
USERNAME=andrew
SHELL=/bin/bash
DISPLAY=:1

Signal Handlers:
SIGSEGV: [libjvm.so+0xc12c20], sa_mask[0]=11111111011111111101111111111110, sa_flags=SA_RESTART|SA_SIGINFO
SIGBUS: [libjvm.so+0xc12c20], sa_mask[0]=11111111011111111101111111111110, sa_flags=SA_RESTART|SA_SIGINFO
SIGFPE: [libjvm.so+0xc12c20], sa_mask[0]=11111111011111111101111111111110, sa_flags=SA_RESTART|SA_SIGINFO
SIGPIPE: [libjvm.so+0xa3b600], sa_mask[0]=11111111011111111101111111111110, sa_flags=SA_RESTART|SA_SIGINFO
SIGXFSZ: [libjvm.so+0xa3b600], sa_mask[0]=11111111011111111101111111111110, sa_flags=SA_RESTART|SA_SIGINFO
SIGILL: [libjvm.so+0xc12c20], sa_mask[0]=11111111011111111101111111111110, sa_flags=SA_RESTART|SA_SIGINFO
SIGUSR2: [libjvm.so+0xa3b4a0], sa_mask[0]=00000000000000000000000000000000, sa_flags=SA_RESTART|SA_SIGINFO
SIGHUP: [libjvm.so+0xa3b870], sa_mask[0]=11111111011111111101111111111110, sa_flags=SA_RESTART|SA_SIGINFO
SIGINT: [libjvm.so+0xa3b870], sa_mask[0]=11111111011111111101111111111110, sa_flags=SA_RESTART|SA_SIGINFO
SIGTERM: [libjvm.so+0xa3b870], sa_mask[0]=11111111011111111101111111111110, sa_flags=SA_RESTART|SA_SIGINFO
SIGQUIT: [libjvm.so+0xa3b870], sa_mask[0]=11111111011111111101111111111110, sa_flags=SA_RESTART|SA_SIGINFO


---------------  S Y S T E M  ---------------

OS:DISTRIB_ID=Ubuntu
DISTRIB_RELEASE=16.04
DISTRIB_CODENAME=xenial
DISTRIB_DESCRIPTION="Ubuntu 16.04.3 LTS"
uname:Linux 4.10.0-35-generic #39~16.04.1-Ubuntu SMP Wed Sep 13 09:02:42 UTC 2017 x86_64
libc:glibc 2.23 NPTL 2.23 
rlimit: STACK 8192k, CORE 0k, NPROC 23650, NOFILE 1048576, AS infinity
load average:1.29 1.63 0.92

/proc/meminfo:
MemTotal:        6098444 kB
MemFree:         4088224 kB
MemAvailable:    4659808 kB
Buffers:           71076 kB
Cached:           709464 kB
SwapCached:            0 kB
Active:          1414748 kB
Inactive:         363656 kB
Active(anon):     999208 kB
Inactive(anon):    19628 kB
Active(file):     415540 kB
Inactive(file):   344028 kB
Unevictable:         136 kB
Mlocked:             136 kB
SwapTotal:       6280188 kB
SwapFree:        6280188 kB
Dirty:                64 kB
Writeback:             0 kB
AnonPages:        969176 kB
Mapped:           270080 kB
Shmem:             20976 kB
Slab:              88104 kB
SReclaimable:      48712 kB
SUnreclaim:        39392 kB
KernelStack:        9584 kB
PageTables:        33356 kB
NFS_Unstable:          0 kB
Bounce:                0 kB
WritebackTmp:          0 kB
CommitLimit:     9329408 kB
Committed_AS:    4505924 kB
VmallocTotal:   34359738367 kB
VmallocUsed:           0 kB
VmallocChunk:          0 kB
HardwareCorrupted:     0 kB
AnonHugePages:    174080 kB
ShmemHugePages:        0 kB
ShmemPmdMapped:        0 kB
CmaTotal:              0 kB
CmaFree:               0 kB
HugePages_Total:       0
HugePages_Free:        0
HugePages_Rsvd:        0
HugePages_Surp:        0
Hugepagesize:       2048 kB
DirectMap4k:      176508 kB
DirectMap2M:     6105088 kB


CPU:total 4 (2 cores per cpu, 2 threads per core) family 6 model 37 stepping 5, cmov, cx8, fxsr, mmx, sse, sse2, sse3, ssse3, sse4.1, sse4.2, popcnt, aes, clmul, ht, tsc, tscinvbit

CPU Model and flags from /proc/cpuinfo:
model name	: Intel(R) Core(TM) i5 CPU       M 520  @ 2.40GHz
flags		: fpu vme de pse tsc msr pae mce cx8 apic sep mtrr pge mca cmov pat pse36 clflush dts acpi mmx fxsr sse sse2 ss ht tm pbe syscall nx rdtscp lm constant_tsc arch_perfmon pebs bts rep_good nopl xtopology nonstop_tsc aperfmperf pni pclmulqdq dtes64 monitor ds_cpl vmx smx est tm2 ssse3 cx16 xtpr pdcm pcid sse4_1 sse4_2 popcnt aes lahf_lm tpr_shadow vnmi flexpriority ept vpid dtherm ida arat

Memory: 4k page, physical 6098444k(4088224k free), swap 6280188k(6280188k free)

vm_info: OpenJDK 64-Bit Server VM (9-internal+0-2016-04-14-195246.buildd.src) for linux-amd64 JRE (9-internal+0-2016-04-14-195246.buildd.src), built on Apr 14 2016 20:05:37 by "buildd" with gcc 5.3.1 20160413

END.
