#
# A fatal error has been detected by the Java Runtime Environment:
#
#  SIGSEGV (0xb) at pc=0x00007f2d64131009, pid=8205, tid=8206
#
# JRE version: OpenJDK Runtime Environment (9.0) (build 9-internal+0-2016-04-14-195246.buildd.src)
# Java VM: OpenJDK 64-Bit Server VM (9-internal+0-2016-04-14-195246.buildd.src, mixed mode, tiered, compressed oops, g1 gc, linux-amd64)
# Problematic frame:
# C  [libjava.so+0x1d009]  JNU_GetEnv+0x19
#
# Core dump will be written. Default location: Core dumps may be processed with "/usr/share/apport/apport %p %s %c %P" (or dumping to /home/andrew/CSE205/gui_review/core.8205)
#
# If you would like to submit a bug report, please visit:
#   http://bugreport.java.com/bugreport/crash.jsp
# The crash happened outside the Java Virtual Machine in native code.
# See problematic frame for where to report the bug.
#

---------------  S U M M A R Y ------------

Command Line: MyCustomFrameViewer

Host: Intel(R) Core(TM) i5 CPU       M 520  @ 2.40GHz, 4 cores, 5G, Ubuntu 16.04.3 LTS
Time: Fri Sep 29 22:01:51 2017 MST elapsed time: 1 seconds (0d 0h 0m 1s)

---------------  T H R E A D  ---------------

Current thread (0x00007f2d60010800):  JavaThread "main" [_thread_in_native, id=8206, stack(0x00007f2d66e8c000,0x00007f2d66f8d000)]

Stack: [0x00007f2d66e8c000,0x00007f2d66f8d000],  sp=0x00007f2d66f89f60,  free space=1015k
Native frames: (J=compiled Java code, j=interpreted, Vv=VM code, C=native code)
C  [libjava.so+0x1d009]  JNU_GetEnv+0x19
C  [libfontmanager.so+0x33f8e]
C  [libfreetype.so.6+0x14d2b]  FT_Stream_Seek+0x1b

Java frames: (J=compiled Java code, j=interpreted, Vv=VM code)
j  sun.font.FreetypeFontScaler.initNativeScaler(Lsun/font/Font2D;IIZI)J+0 java.desktop@9-internal
j  sun.font.FreetypeFontScaler.<init>(Lsun/font/Font2D;IZI)V+26 java.desktop@9-internal
v  ~StubRoutines::call_stub
j  sun.reflect.NativeConstructorAccessorImpl.newInstance0(Ljava/lang/reflect/Constructor;[Ljava/lang/Object;)Ljava/lang/Object;+0 java.base@9-internal
j  sun.reflect.NativeConstructorAccessorImpl.newInstance([Ljava/lang/Object;)Ljava/lang/Object;+85 java.base@9-internal
j  sun.reflect.DelegatingConstructorAccessorImpl.newInstance([Ljava/lang/Object;)Ljava/lang/Object;+5 java.base@9-internal
j  java.lang.reflect.Constructor.newInstance([Ljava/lang/Object;)Ljava/lang/Object;+65 java.base@9-internal
j  sun.font.FontScaler.getScaler(Lsun/font/Font2D;IZI)Lsun/font/FontScaler;+39 java.desktop@9-internal
j  sun.font.TrueTypeFont.getScaler()Lsun/font/FontScaler;+21 java.desktop@9-internal
j  sun.font.FileFontStrike.<init>(Lsun/font/FileFont;Lsun/font/FontStrikeDesc;)V+204 java.desktop@9-internal
j  sun.font.FileFont.createStrike(Lsun/font/FontStrikeDesc;)Lsun/font/FontStrike;+18 java.desktop@9-internal
j  sun.font.Font2D.getStrike(Lsun/font/FontStrikeDesc;Z)Lsun/font/FontStrike;+92 java.desktop@9-internal
j  sun.font.Font2D.getStrike(Lsun/font/FontStrikeDesc;)Lsun/font/FontStrike;+3 java.desktop@9-internal
j  sun.font.CompositeStrike.getStrikeForSlot(I)Lsun/font/PhysicalStrike;+23 java.desktop@9-internal
j  sun.font.CompositeStrike.getFontMetrics()Lsun/font/StrikeMetrics;+31 java.desktop@9-internal
j  sun.font.FontDesignMetrics.initMatrixAndMetrics()V+28 java.desktop@9-internal
j  sun.font.FontDesignMetrics.<init>(Ljava/awt/Font;Ljava/awt/font/FontRenderContext;)V+62 java.desktop@9-internal
j  sun.font.FontDesignMetrics.getMetrics(Ljava/awt/Font;Ljava/awt/font/FontRenderContext;)Lsun/font/FontDesignMetrics;+128 java.desktop@9-internal
j  sun.swing.SwingUtilities2.getFontMetrics(Ljavax/swing/JComponent;Ljava/awt/Font;)Ljava/awt/FontMetrics;+15 java.desktop@9-internal
j  javax.swing.JComponent.getFontMetrics(Ljava/awt/Font;)Ljava/awt/FontMetrics;+2 java.desktop@9-internal
j  javax.swing.plaf.basic.BasicGraphicsUtils.getPreferredButtonSize(Ljavax/swing/AbstractButton;I)Ljava/awt/Dimension;+28 java.desktop@9-internal
j  javax.swing.plaf.basic.BasicButtonUI.getPreferredSize(Ljavax/swing/JComponent;)Ljava/awt/Dimension;+10 java.desktop@9-internal
j  javax.swing.JComponent.getPreferredSize()Ljava/awt/Dimension;+26 java.desktop@9-internal
j  java.awt.FlowLayout.layoutContainer(Ljava/awt/Container;)V+127 java.desktop@9-internal
j  java.awt.Container.layout()V+11 java.desktop@9-internal
j  java.awt.Container.doLayout()V+1 java.desktop@9-internal
j  java.awt.Container.validateTree()V+47 java.desktop@9-internal
j  java.awt.Container.validateTree()V+110 java.desktop@9-internal
j  java.awt.Container.validateTree()V+110 java.desktop@9-internal
j  java.awt.Container.validateTree()V+110 java.desktop@9-internal
j  java.awt.Container.validateTree()V+110 java.desktop@9-internal
j  java.awt.Container.validate()V+60 java.desktop@9-internal
j  java.awt.Container.validateUnconditionally()V+14 java.desktop@9-internal
j  java.awt.Window.show()V+12 java.desktop@9-internal
j  java.awt.Component.show(Z)V+5 java.desktop@9-internal
j  java.awt.Component.setVisible(Z)V+2 java.desktop@9-internal
j  java.awt.Window.setVisible(Z)V+2 java.desktop@9-internal
j  MyCustomFrameViewer.main([Ljava/lang/String;)V+81
v  ~StubRoutines::call_stub

siginfo: si_signo: 11 (SIGSEGV), si_code: 1 (SEGV_MAPERR), si_addr: 0x0000000000000000

Register to memory mapping:

RAX=0x0000000000000000 is an unknown value
RBX=0x0000000000000000 is an unknown value
RCX=0x0000000000000000 is an unknown value
RDX=0x0000000000010002 is an unknown value
RSP=0x00007f2d66f89f60 is pointing into the stack for thread: 0x00007f2d60010800
RBP=0x00007f2d66f89f70 is pointing into the stack for thread: 0x00007f2d60010800
RSI=0x0000000000010002 is an unknown value
RDI=0x0000000000000000 is an unknown value
R8 =0x0000000000000000 is an unknown value
R9 =0x0000000000000000 is an unknown value
R10=0x00000000000001db is an unknown value
R11=0x00007f2d64130ff0: JNU_GetEnv+0x0000000000000000 in /usr/lib/jvm/java-9-openjdk-amd64/lib/amd64/libjava.so at 0x00007f2d64114000
R12=0x00007f2d603521f0 is an unknown value
R13=0x0000000000000000 is an unknown value
R14=0x0000000000000000 is an unknown value
R15=0x00007f2d60356fb0 is an unknown value


Registers:
RAX=0x0000000000000000, RBX=0x0000000000000000, RCX=0x0000000000000000, RDX=0x0000000000010002
RSP=0x00007f2d66f89f60, RBP=0x00007f2d66f89f70, RSI=0x0000000000010002, RDI=0x0000000000000000
R8 =0x0000000000000000, R9 =0x0000000000000000, R10=0x00000000000001db, R11=0x00007f2d64130ff0
R12=0x00007f2d603521f0, R13=0x0000000000000000, R14=0x0000000000000000, R15=0x00007f2d60356fb0
RIP=0x00007f2d64131009, EFLAGS=0x0000000000010246, CSGSFS=0x002b000000000033, ERR=0x0000000000000004
  TRAPNO=0x000000000000000e

Top of Stack: (sp=0x00007f2d66f89f60)
0x00007f2d66f89f60:   0000000000000000 b8db3e84cf5caf00
0x00007f2d66f89f70:   00007f2d66f89fb0 00007f2cdf95ff8e
0x00007f2d66f89f80:   00007f2d60356400 00007f2d603521f0
0x00007f2d66f89f90:   0000000000000000 0000000000000000
0x00007f2d66f89fa0:   00007f2d603521f0 00007f2d60356fb0
0x00007f2d66f89fb0:   0000000000000000 00007f2cdf696d2b
0x00007f2d66f89fc0:   0000000000000000 00007f2cdf928d80
0x00007f2d66f89fd0:   0000000000000000 00007f2cdf6aa8e0
0x00007f2d66f89fe0:   0000000000000002 0000003200000008
0x00007f2d66f89ff0:   0000000000000000 0000000000000000
0x00007f2d66f8a000:   0000006e0000005b 0000000000000000
0x00007f2d66f8a010:   0000000000000000 0000007c00000077
0x00007f2d66f8a020:   635365766974614e 1e70780072656c61
0x00007f2d66f8a030:   000000006974614e 0000000000656c61
0x00007f2d66f8a040:   2d066d1e70780072 00007f2d60000020
0x00007f2d66f8a050:   0000000000000070 00007f2d66f8a104
0x00007f2d66f8a060:   00007f2d60356400 00007f2d60356fb0
0x00007f2d66f8a070:   00007f2d66f8a104 00007f2d6683f184
0x00007f2d66f8a080:   00007f2cdf92d120 00007f2d66f8a0b4
0x00007f2d66f8a090:   00007f2cdf9259e0 b8db3e84cf5caf00
0x00007f2d66f8a0a0:   0000000000000070 00007f2d60356240
0x00007f2d66f8a0b0:   00007f2cdf9259e0 00007f2d66f8a1c8
0x00007f2d66f8a0c0:   00007f2d60356400 00007f2d60356fb0
0x00007f2d66f8a0d0:   00007f2d603574e0 00007f2cdf6994c2
0x00007f2d66f8a0e0:   0000000100000000 00007f2d66f8a1d0
0x00007f2d66f8a0f0:   0000000000000000 0000000000000000
0x00007f2d66f8a100:   0000000066f8a1c8 b8db3e84cf5caf00
0x00007f2d66f8a110:   00007f2d60356240 00007f2d66f8a1d0
0x00007f2d66f8a120:   0000000000000000 00007f2d60356328
0x00007f2d66f8a130:   00007f2d66f8a3d0 00007f2d60356288
0x00007f2d66f8a140:   00007f2d60356400 00007f2cdf69b581
0x00007f2d66f8a150:   00007f2d66f8a1d0 00007f2cdf69b376 

Instructions: (pc=0x00007f2d64131009)
0x00007f2d64130fe9:   ff eb ea 0f 1f 40 00 55 89 f2 48 89 e5 48 83 ec
0x00007f2d64130ff9:   10 64 48 8b 04 25 28 00 00 00 48 89 45 f8 31 c0
0x00007f2d64131009:   48 8b 07 48 8d 75 f0 ff 50 30 48 8b 4d f8 64 48
0x00007f2d64131019:   33 0c 25 28 00 00 00 48 8b 45 f0 75 02 c9 c3 e8 


---------------  P R O C E S S  ---------------

Java Threads: ( => current thread )
  0x00007f2d60338800 JavaThread "AWT-Shutdown" [_thread_blocked, id=8232, stack(0x00007f2cdec4b000,0x00007f2cded4c000)]
  0x00007f2d602e3000 JavaThread "AWT-XAWT" daemon [_thread_in_native, id=8231, stack(0x00007f2cdef4c000,0x00007f2cdf04d000)]
  0x00007f2d602be000 JavaThread "Java2D Disposer" daemon [_thread_blocked, id=8230, stack(0x00007f2d180ab000,0x00007f2d181ac000)]
  0x00007f2d6019e800 JavaThread "Service Thread" daemon [_thread_blocked, id=8228, stack(0x00007f2d1857d000,0x00007f2d1867e000)]
  0x00007f2d6015c800 JavaThread "Common-Cleaner" daemon [_thread_blocked, id=8227, stack(0x00007f2d1867e000,0x00007f2d1877f000)]
  0x00007f2d6013d000 JavaThread "Sweeper thread" daemon [_thread_blocked, id=8226, stack(0x00007f2d18ba9000,0x00007f2d18caa000)]
  0x00007f2d6013b000 JavaThread "C1 CompilerThread2" daemon [_thread_blocked, id=8225, stack(0x00007f2d18caa000,0x00007f2d18dab000)]
  0x00007f2d60139000 JavaThread "C2 CompilerThread1" daemon [_thread_blocked, id=8224, stack(0x00007f2d18dab000,0x00007f2d18eac000)]
  0x00007f2d60137800 JavaThread "C2 CompilerThread0" daemon [_thread_blocked, id=8223, stack(0x00007f2d18eac000,0x00007f2d18fad000)]
  0x00007f2d60133000 JavaThread "Signal Dispatcher" daemon [_thread_blocked, id=8222, stack(0x00007f2d18fad000,0x00007f2d190ae000)]
  0x00007f2d60131000 JavaThread "Surrogate Locker Thread (Concurrent GC)" daemon [_thread_blocked, id=8221, stack(0x00007f2d190ae000,0x00007f2d191af000)]
  0x00007f2d6011f800 JavaThread "Finalizer" daemon [_thread_blocked, id=8220, stack(0x00007f2d19487000,0x00007f2d19588000)]
  0x00007f2d6011b800 JavaThread "Reference Handler" daemon [_thread_blocked, id=8219, stack(0x00007f2d19588000,0x00007f2d19689000)]
=>0x00007f2d60010800 JavaThread "main" [_thread_in_native, id=8206, stack(0x00007f2d66e8c000,0x00007f2d66f8d000)]

Other Threads:
  0x00007f2d60111800 VMThread [stack: 0x00007f2d19689000,0x00007f2d1978a000] [id=8218]
  0x00007f2d60213000 WatcherThread [stack: 0x00007f2d1847c000,0x00007f2d1857d000] [id=8229]

Threads with active compile tasks:

VM state:not at safepoint (normal execution)

VM Mutex/Monitor currently owned by a thread: None

heap address: 0x00000000a2e00000, size: 1490 MB, Compressed Oops mode: 32-bit
Narrow klass base: 0x0000000000000000, Narrow klass shift: 3
Compressed class space size: 1073741824 Address: 0x0000000100000000

Heap:
 garbage-first heap   total 96256K, used 5120K [0x00000000a2e00000, 0x00000000a2f002f0, 0x0000000100000000)
  region size 1024K, 6 young (6144K), 0 survivors (0K)
 Metaspace       used 10347K, capacity 10676K, committed 10752K, reserved 1058816K
  class space    used 1139K, capacity 1260K, committed 1280K, reserved 1048576K

Heap Regions: E=young(eden), S=young(survivor), O=old, HS=humongous(starts), HC=humongous(continues), CS=collection set, F=free, A=archive, TS=gc time stamp, AC=allocation context, TAMS=top-at-mark-start (previous, next)
|   0|0x00000000a2e00000, 0x00000000a2e00000, 0x00000000a2f00000|  0%| F|  |TS  0|AC  0|TAMS 0x00000000a2e00000, 0x00000000a2e00000|
|   1|0x00000000a2f00000, 0x00000000a2f00000, 0x00000000a3000000|  0%| F|  |TS  0|AC  0|TAMS 0x00000000a2f00000, 0x00000000a2f00000|
|   2|0x00000000a3000000, 0x00000000a3000000, 0x00000000a3100000|  0%| F|  |TS  0|AC  0|TAMS 0x00000000a3000000, 0x00000000a3000000|
|   3|0x00000000a3100000, 0x00000000a3100000, 0x00000000a3200000|  0%| F|  |TS  0|AC  0|TAMS 0x00000000a3100000, 0x00000000a3100000|
|   4|0x00000000a3200000, 0x00000000a3200000, 0x00000000a3300000|  0%| F|  |TS  0|AC  0|TAMS 0x00000000a3200000, 0x00000000a3200000|
|   5|0x00000000a3300000, 0x00000000a3300000, 0x00000000a3400000|  0%| F|  |TS  0|AC  0|TAMS 0x00000000a3300000, 0x00000000a3300000|
|   6|0x00000000a3400000, 0x00000000a3400000, 0x00000000a3500000|  0%| F|  |TS  0|AC  0|TAMS 0x00000000a3400000, 0x00000000a3400000|
|   7|0x00000000a3500000, 0x00000000a3500000, 0x00000000a3600000|  0%| F|  |TS  0|AC  0|TAMS 0x00000000a3500000, 0x00000000a3500000|
|   8|0x00000000a3600000, 0x00000000a3600000, 0x00000000a3700000|  0%| F|  |TS  0|AC  0|TAMS 0x00000000a3600000, 0x00000000a3600000|
|   9|0x00000000a3700000, 0x00000000a3700000, 0x00000000a3800000|  0%| F|  |TS  0|AC  0|TAMS 0x00000000a3700000, 0x00000000a3700000|
|  10|0x00000000a3800000, 0x00000000a3800000, 0x00000000a3900000|  0%| F|  |TS  0|AC  0|TAMS 0x00000000a3800000, 0x00000000a3800000|
|  11|0x00000000a3900000, 0x00000000a3900000, 0x00000000a3a00000|  0%| F|  |TS  0|AC  0|TAMS 0x00000000a3900000, 0x00000000a3900000|
|  12|0x00000000a3a00000, 0x00000000a3a00000, 0x00000000a3b00000|  0%| F|  |TS  0|AC  0|TAMS 0x00000000a3a00000, 0x00000000a3a00000|
|  13|0x00000000a3b00000, 0x00000000a3b00000, 0x00000000a3c00000|  0%| F|  |TS  0|AC  0|TAMS 0x00000000a3b00000, 0x00000000a3b00000|
|  14|0x00000000a3c00000, 0x00000000a3c00000, 0x00000000a3d00000|  0%| F|  |TS  0|AC  0|TAMS 0x00000000a3c00000, 0x00000000a3c00000|
|  15|0x00000000a3d00000, 0x00000000a3d00000, 0x00000000a3e00000|  0%| F|  |TS  0|AC  0|TAMS 0x00000000a3d00000, 0x00000000a3d00000|
|  16|0x00000000a3e00000, 0x00000000a3e00000, 0x00000000a3f00000|  0%| F|  |TS  0|AC  0|TAMS 0x00000000a3e00000, 0x00000000a3e00000|
|  17|0x00000000a3f00000, 0x00000000a3f00000, 0x00000000a4000000|  0%| F|  |TS  0|AC  0|TAMS 0x00000000a3f00000, 0x00000000a3f00000|
|  18|0x00000000a4000000, 0x00000000a4000000, 0x00000000a4100000|  0%| F|  |TS  0|AC  0|TAMS 0x00000000a4000000, 0x00000000a4000000|
|  19|0x00000000a4100000, 0x00000000a4100000, 0x00000000a4200000|  0%| F|  |TS  0|AC  0|TAMS 0x00000000a4100000, 0x00000000a4100000|
|  20|0x00000000a4200000, 0x00000000a4200000, 0x00000000a4300000|  0%| F|  |TS  0|AC  0|TAMS 0x00000000a4200000, 0x00000000a4200000|
|  21|0x00000000a4300000, 0x00000000a4300000, 0x00000000a4400000|  0%| F|  |TS  0|AC  0|TAMS 0x00000000a4300000, 0x00000000a4300000|
|  22|0x00000000a4400000, 0x00000000a4400000, 0x00000000a4500000|  0%| F|  |TS  0|AC  0|TAMS 0x00000000a4400000, 0x00000000a4400000|
|  23|0x00000000a4500000, 0x00000000a4500000, 0x00000000a4600000|  0%| F|  |TS  0|AC  0|TAMS 0x00000000a4500000, 0x00000000a4500000|
|  24|0x00000000a4600000, 0x00000000a4600000, 0x00000000a4700000|  0%| F|  |TS  0|AC  0|TAMS 0x00000000a4600000, 0x00000000a4600000|
|  25|0x00000000a4700000, 0x00000000a4700000, 0x00000000a4800000|  0%| F|  |TS  0|AC  0|TAMS 0x00000000a4700000, 0x00000000a4700000|
|  26|0x00000000a4800000, 0x00000000a4800000, 0x00000000a4900000|  0%| F|  |TS  0|AC  0|TAMS 0x00000000a4800000, 0x00000000a4800000|
|  27|0x00000000a4900000, 0x00000000a4900000, 0x00000000a4a00000|  0%| F|  |TS  0|AC  0|TAMS 0x00000000a4900000, 0x00000000a4900000|
|  28|0x00000000a4a00000, 0x00000000a4a00000, 0x00000000a4b00000|  0%| F|  |TS  0|AC  0|TAMS 0x00000000a4a00000, 0x00000000a4a00000|
|  29|0x00000000a4b00000, 0x00000000a4b00000, 0x00000000a4c00000|  0%| F|  |TS  0|AC  0|TAMS 0x00000000a4b00000, 0x00000000a4b00000|
|  30|0x00000000a4c00000, 0x00000000a4c00000, 0x00000000a4d00000|  0%| F|  |TS  0|AC  0|TAMS 0x00000000a4c00000, 0x00000000a4c00000|
|  31|0x00000000a4d00000, 0x00000000a4d00000, 0x00000000a4e00000|  0%| F|  |TS  0|AC  0|TAMS 0x00000000a4d00000, 0x00000000a4d00000|
|  32|0x00000000a4e00000, 0x00000000a4e00000, 0x00000000a4f00000|  0%| F|  |TS  0|AC  0|TAMS 0x00000000a4e00000, 0x00000000a4e00000|
|  33|0x00000000a4f00000, 0x00000000a4f00000, 0x00000000a5000000|  0%| F|  |TS  0|AC  0|TAMS 0x00000000a4f00000, 0x00000000a4f00000|
|  34|0x00000000a5000000, 0x00000000a5000000, 0x00000000a5100000|  0%| F|  |TS  0|AC  0|TAMS 0x00000000a5000000, 0x00000000a5000000|
|  35|0x00000000a5100000, 0x00000000a5100000, 0x00000000a5200000|  0%| F|  |TS  0|AC  0|TAMS 0x00000000a5100000, 0x00000000a5100000|
|  36|0x00000000a5200000, 0x00000000a5200000, 0x00000000a5300000|  0%| F|  |TS  0|AC  0|TAMS 0x00000000a5200000, 0x00000000a5200000|
|  37|0x00000000a5300000, 0x00000000a5300000, 0x00000000a5400000|  0%| F|  |TS  0|AC  0|TAMS 0x00000000a5300000, 0x00000000a5300000|
|  38|0x00000000a5400000, 0x00000000a5400000, 0x00000000a5500000|  0%| F|  |TS  0|AC  0|TAMS 0x00000000a5400000, 0x00000000a5400000|
|  39|0x00000000a5500000, 0x00000000a5500000, 0x00000000a5600000|  0%| F|  |TS  0|AC  0|TAMS 0x00000000a5500000, 0x00000000a5500000|
|  40|0x00000000a5600000, 0x00000000a5600000, 0x00000000a5700000|  0%| F|  |TS  0|AC  0|TAMS 0x00000000a5600000, 0x00000000a5600000|
|  41|0x00000000a5700000, 0x00000000a5700000, 0x00000000a5800000|  0%| F|  |TS  0|AC  0|TAMS 0x00000000a5700000, 0x00000000a5700000|
|  42|0x00000000a5800000, 0x00000000a5800000, 0x00000000a5900000|  0%| F|  |TS  0|AC  0|TAMS 0x00000000a5800000, 0x00000000a5800000|
|  43|0x00000000a5900000, 0x00000000a5900000, 0x00000000a5a00000|  0%| F|  |TS  0|AC  0|TAMS 0x00000000a5900000, 0x00000000a5900000|
|  44|0x00000000a5a00000, 0x00000000a5a00000, 0x00000000a5b00000|  0%| F|  |TS  0|AC  0|TAMS 0x00000000a5a00000, 0x00000000a5a00000|
|  45|0x00000000a5b00000, 0x00000000a5b00000, 0x00000000a5c00000|  0%| F|  |TS  0|AC  0|TAMS 0x00000000a5b00000, 0x00000000a5b00000|
|  46|0x00000000a5c00000, 0x00000000a5c00000, 0x00000000a5d00000|  0%| F|  |TS  0|AC  0|TAMS 0x00000000a5c00000, 0x00000000a5c00000|
|  47|0x00000000a5d00000, 0x00000000a5d00000, 0x00000000a5e00000|  0%| F|  |TS  0|AC  0|TAMS 0x00000000a5d00000, 0x00000000a5d00000|
|  48|0x00000000a5e00000, 0x00000000a5e00000, 0x00000000a5f00000|  0%| F|  |TS  0|AC  0|TAMS 0x00000000a5e00000, 0x00000000a5e00000|
|  49|0x00000000a5f00000, 0x00000000a5f00000, 0x00000000a6000000|  0%| F|  |TS  0|AC  0|TAMS 0x00000000a5f00000, 0x00000000a5f00000|
|  50|0x00000000a6000000, 0x00000000a6000000, 0x00000000a6100000|  0%| F|  |TS  0|AC  0|TAMS 0x00000000a6000000, 0x00000000a6000000|
|  51|0x00000000a6100000, 0x00000000a6100000, 0x00000000a6200000|  0%| F|  |TS  0|AC  0|TAMS 0x00000000a6100000, 0x00000000a6100000|
|  52|0x00000000a6200000, 0x00000000a6200000, 0x00000000a6300000|  0%| F|  |TS  0|AC  0|TAMS 0x00000000a6200000, 0x00000000a6200000|
|  53|0x00000000a6300000, 0x00000000a6300000, 0x00000000a6400000|  0%| F|  |TS  0|AC  0|TAMS 0x00000000a6300000, 0x00000000a6300000|
|  54|0x00000000a6400000, 0x00000000a6400000, 0x00000000a6500000|  0%| F|  |TS  0|AC  0|TAMS 0x00000000a6400000, 0x00000000a6400000|
|  55|0x00000000a6500000, 0x00000000a6500000, 0x00000000a6600000|  0%| F|  |TS  0|AC  0|TAMS 0x00000000a6500000, 0x00000000a6500000|
|  56|0x00000000a6600000, 0x00000000a6600000, 0x00000000a6700000|  0%| F|  |TS  0|AC  0|TAMS 0x00000000a6600000, 0x00000000a6600000|
|  57|0x00000000a6700000, 0x00000000a6700000, 0x00000000a6800000|  0%| F|  |TS  0|AC  0|TAMS 0x00000000a6700000, 0x00000000a6700000|
|  58|0x00000000a6800000, 0x00000000a6800000, 0x00000000a6900000|  0%| F|  |TS  0|AC  0|TAMS 0x00000000a6800000, 0x00000000a6800000|
|  59|0x00000000a6900000, 0x00000000a6900000, 0x00000000a6a00000|  0%| F|  |TS  0|AC  0|TAMS 0x00000000a6900000, 0x00000000a6900000|
|  60|0x00000000a6a00000, 0x00000000a6a00000, 0x00000000a6b00000|  0%| F|  |TS  0|AC  0|TAMS 0x00000000a6a00000, 0x00000000a6a00000|
|  61|0x00000000a6b00000, 0x00000000a6b00000, 0x00000000a6c00000|  0%| F|  |TS  0|AC  0|TAMS 0x00000000a6b00000, 0x00000000a6b00000|
|  62|0x00000000a6c00000, 0x00000000a6c00000, 0x00000000a6d00000|  0%| F|  |TS  0|AC  0|TAMS 0x00000000a6c00000, 0x00000000a6c00000|
|  63|0x00000000a6d00000, 0x00000000a6d00000, 0x00000000a6e00000|  0%| F|  |TS  0|AC  0|TAMS 0x00000000a6d00000, 0x00000000a6d00000|
|  64|0x00000000a6e00000, 0x00000000a6e00000, 0x00000000a6f00000|  0%| F|  |TS  0|AC  0|TAMS 0x00000000a6e00000, 0x00000000a6e00000|
|  65|0x00000000a6f00000, 0x00000000a6f00000, 0x00000000a7000000|  0%| F|  |TS  0|AC  0|TAMS 0x00000000a6f00000, 0x00000000a6f00000|
|  66|0x00000000a7000000, 0x00000000a7000000, 0x00000000a7100000|  0%| F|  |TS  0|AC  0|TAMS 0x00000000a7000000, 0x00000000a7000000|
|  67|0x00000000a7100000, 0x00000000a7100000, 0x00000000a7200000|  0%| F|  |TS  0|AC  0|TAMS 0x00000000a7100000, 0x00000000a7100000|
|  68|0x00000000a7200000, 0x00000000a7200000, 0x00000000a7300000|  0%| F|  |TS  0|AC  0|TAMS 0x00000000a7200000, 0x00000000a7200000|
|  69|0x00000000a7300000, 0x00000000a7300000, 0x00000000a7400000|  0%| F|  |TS  0|AC  0|TAMS 0x00000000a7300000, 0x00000000a7300000|
|  70|0x00000000a7400000, 0x00000000a7400000, 0x00000000a7500000|  0%| F|  |TS  0|AC  0|TAMS 0x00000000a7400000, 0x00000000a7400000|
|  71|0x00000000a7500000, 0x00000000a7500000, 0x00000000a7600000|  0%| F|  |TS  0|AC  0|TAMS 0x00000000a7500000, 0x00000000a7500000|
|  72|0x00000000a7600000, 0x00000000a7600000, 0x00000000a7700000|  0%| F|  |TS  0|AC  0|TAMS 0x00000000a7600000, 0x00000000a7600000|
|  73|0x00000000a7700000, 0x00000000a7700000, 0x00000000a7800000|  0%| F|  |TS  0|AC  0|TAMS 0x00000000a7700000, 0x00000000a7700000|
|  74|0x00000000a7800000, 0x00000000a7800000, 0x00000000a7900000|  0%| F|  |TS  0|AC  0|TAMS 0x00000000a7800000, 0x00000000a7800000|
|  75|0x00000000a7900000, 0x00000000a7900000, 0x00000000a7a00000|  0%| F|  |TS  0|AC  0|TAMS 0x00000000a7900000, 0x00000000a7900000|
|  76|0x00000000a7a00000, 0x00000000a7a00000, 0x00000000a7b00000|  0%| F|  |TS  0|AC  0|TAMS 0x00000000a7a00000, 0x00000000a7a00000|
|  77|0x00000000a7b00000, 0x00000000a7b00000, 0x00000000a7c00000|  0%| F|  |TS  0|AC  0|TAMS 0x00000000a7b00000, 0x00000000a7b00000|
|  78|0x00000000a7c00000, 0x00000000a7c00000, 0x00000000a7d00000|  0%| F|  |TS  0|AC  0|TAMS 0x00000000a7c00000, 0x00000000a7c00000|
|  79|0x00000000a7d00000, 0x00000000a7d00000, 0x00000000a7e00000|  0%| F|  |TS  0|AC  0|TAMS 0x00000000a7d00000, 0x00000000a7d00000|
|  80|0x00000000a7e00000, 0x00000000a7e00000, 0x00000000a7f00000|  0%| F|  |TS  0|AC  0|TAMS 0x00000000a7e00000, 0x00000000a7e00000|
|  81|0x00000000a7f00000, 0x00000000a7f00000, 0x00000000a8000000|  0%| F|  |TS  0|AC  0|TAMS 0x00000000a7f00000, 0x00000000a7f00000|
|  82|0x00000000a8000000, 0x00000000a8000000, 0x00000000a8100000|  0%| F|  |TS  0|AC  0|TAMS 0x00000000a8000000, 0x00000000a8000000|
|  83|0x00000000a8100000, 0x00000000a8100000, 0x00000000a8200000|  0%| F|  |TS  0|AC  0|TAMS 0x00000000a8100000, 0x00000000a8100000|
|  84|0x00000000a8200000, 0x00000000a8200000, 0x00000000a8300000|  0%| F|  |TS  0|AC  0|TAMS 0x00000000a8200000, 0x00000000a8200000|
|  85|0x00000000a8300000, 0x00000000a8300000, 0x00000000a8400000|  0%| F|  |TS  0|AC  0|TAMS 0x00000000a8300000, 0x00000000a8300000|
|  86|0x00000000a8400000, 0x00000000a8400000, 0x00000000a8500000|  0%| F|  |TS  0|AC  0|TAMS 0x00000000a8400000, 0x00000000a8400000|
|  87|0x00000000a8500000, 0x00000000a8500000, 0x00000000a8600000|  0%| F|  |TS  0|AC  0|TAMS 0x00000000a8500000, 0x00000000a8500000|
|  88|0x00000000a8600000, 0x00000000a868fea0, 0x00000000a8700000| 56%| E|  |TS  0|AC  0|TAMS 0x00000000a8600000, 0x00000000a8600000|
|  89|0x00000000a8700000, 0x00000000a8800000, 0x00000000a8800000|100%| E|CS|TS  0|AC  0|TAMS 0x00000000a8700000, 0x00000000a8700000|
|  90|0x00000000a8800000, 0x00000000a8900000, 0x00000000a8900000|100%| E|CS|TS  0|AC  0|TAMS 0x00000000a8800000, 0x00000000a8800000|
|  91|0x00000000a8900000, 0x00000000a8a00000, 0x00000000a8a00000|100%| E|CS|TS  0|AC  0|TAMS 0x00000000a8900000, 0x00000000a8900000|
|  92|0x00000000a8a00000, 0x00000000a8b00000, 0x00000000a8b00000|100%| E|CS|TS  0|AC  0|TAMS 0x00000000a8a00000, 0x00000000a8a00000|
|  93|0x00000000a8b00000, 0x00000000a8c00000, 0x00000000a8c00000|100%| E|CS|TS  0|AC  0|TAMS 0x00000000a8b00000, 0x00000000a8b00000|

Card table byte_map: [0x00007f2d23745000,0x00007f2d23a2e000] byte_map_base: 0x00007f2d2322e000

Marking Bits (Prev, Next): (CMBitMap*) 0x00007f2d600561e0, (CMBitMap*) 0x00007f2d60056238
 Prev Bits: [0x00007f2d21d14000, 0x00007f2d2345c000)
 Next Bits: [0x00007f2d205cc000, 0x00007f2d21d14000)

Polling page: 0x00007f2d66fb6000

CodeHeap 'non-nmethods': size=5696Kb used=1249Kb max_used=1256Kb free=4446Kb
 bounds [0x00007f2d49003000, 0x00007f2d49273000, 0x00007f2d49593000]
CodeHeap 'profiled nmethods': size=120032Kb used=803Kb max_used=803Kb free=119228Kb
 bounds [0x00007f2d49593000, 0x00007f2d49803000, 0x00007f2d50acb000]
CodeHeap 'non-profiled nmethods': size=120032Kb used=171Kb max_used=171Kb free=119860Kb
 bounds [0x00007f2d50acb000, 0x00007f2d50d3b000, 0x00007f2d58003000]
 total_blobs=1163 nmethods=524 adapters=422
 compilation: enabled

Compilation events (10 events):
Event: 1.856 Thread 0x00007f2d6013b000  523       3       java.util.Collections$UnmodifiableCollection::size (10 bytes)
Event: 1.856 Thread 0x00007f2d6013b000 nmethod 523 0x00007f2d4965b290 code [0x00007f2d4965b420, 0x00007f2d4965b648]
Event: 1.856 Thread 0x00007f2d6013b000  524       3       java.lang.String::startsWith (7 bytes)
Event: 1.856 Thread 0x00007f2d6013b000 nmethod 524 0x00007f2d4965b710 code [0x00007f2d4965b8a0, 0x00007f2d4965baa8]
Event: 1.858 Thread 0x00007f2d60137800 nmethod 503 0x00007f2d50af3090 code [0x00007f2d50af3240, 0x00007f2d50af3e08]
Event: 1.858 Thread 0x00007f2d60137800  512       4       java.lang.AbstractStringBuilder::ensureCapacityInternal (39 bytes)
Event: 1.862 Thread 0x00007f2d60137800 nmethod 512 0x00007f2d50af4290 code [0x00007f2d50af4400, 0x00007f2d50af47d8]
Event: 1.874 Thread 0x00007f2d60139000 nmethod 519 0x00007f2d50af4990 code [0x00007f2d50af4b80, 0x00007f2d50af58e8]
Event: 1.918 Thread 0x00007f2d6013b000  525       3       java.nio.HeapByteBuffer::_get (7 bytes)
Event: 1.919 Thread 0x00007f2d6013b000 nmethod 525 0x00007f2d4965bb90 code [0x00007f2d4965bd00, 0x00007f2d4965be70]

GC Heap History (0 events):
No events

Deoptimization events (10 events):
Event: 1.421 Thread 0x00007f2d60010800 Uncommon trap: reason=unstable_if action=reinterpret pc=0x00007f2d50ad68d0 method=java.util.HashMap.hash(Ljava/lang/Object;)I @ 1
Event: 1.429 Thread 0x00007f2d60010800 Uncommon trap: reason=unstable_fused_if action=reinterpret pc=0x00007f2d50ae4d9c method=java.util.HashMap.resize()[Ljava/util/HashMap$Node; @ 31
Event: 1.563 Thread 0x00007f2d60010800 Uncommon trap: reason=class_check action=maybe_recompile pc=0x00007f2d50ad47ac method=java.util.HashMap.putVal(ILjava/lang/Object;Ljava/lang/Object;ZZ)Ljava/lang/Object; @ 253
Event: 1.565 Thread 0x00007f2d60010800 Uncommon trap: reason=class_check action=maybe_recompile pc=0x00007f2d50ad47ac method=java.util.HashMap.putVal(ILjava/lang/Object;Ljava/lang/Object;ZZ)Ljava/lang/Object; @ 253
Event: 1.566 Thread 0x00007f2d60010800 Uncommon trap: reason=class_check action=maybe_recompile pc=0x00007f2d50ad47ac method=java.util.HashMap.putVal(ILjava/lang/Object;Ljava/lang/Object;ZZ)Ljava/lang/Object; @ 253
Event: 1.570 Thread 0x00007f2d60010800 Uncommon trap: reason=unstable_fused_if action=reinterpret pc=0x00007f2d50ae135c method=jdk.internal.org.objectweb.asm.ByteVector.putUTF8(Ljava/lang/String;)Ljdk/internal/org/objectweb/asm/ByteVector; @ 91
Event: 1.843 Thread 0x00007f2d60010800 Uncommon trap: reason=bimorphic_or_optimized_type_check action=maybe_recompile pc=0x00007f2d50af100c method=java.util.HashMap.putVal(ILjava/lang/Object;Ljava/lang/Object;ZZ)Ljava/lang/Object; @ 91
Event: 1.843 Thread 0x00007f2d60010800 Uncommon trap: reason=bimorphic_or_optimized_type_check action=maybe_recompile pc=0x00007f2d50af100c method=java.util.HashMap.putVal(ILjava/lang/Object;Ljava/lang/Object;ZZ)Ljava/lang/Object; @ 91
Event: 1.843 Thread 0x00007f2d60010800 Uncommon trap: reason=bimorphic_or_optimized_type_check action=maybe_recompile pc=0x00007f2d50af100c method=java.util.HashMap.putVal(ILjava/lang/Object;Ljava/lang/Object;ZZ)Ljava/lang/Object; @ 91
Event: 1.843 Thread 0x00007f2d60010800 Uncommon trap: reason=bimorphic_or_optimized_type_check action=maybe_recompile pc=0x00007f2d50af100c method=java.util.HashMap.putVal(ILjava/lang/Object;Ljava/lang/Object;ZZ)Ljava/lang/Object; @ 91

Classes redefined (0 events):
No events

Internal exceptions (6 events):
Event: 0.434 Thread 0x00007f2d60010800 Exception <a 'java/lang/ClassNotFoundException': sun/awt/resources/awtProvider> (0x00000000a8956760) thrown at [/build/openjdk-9-argm_o/openjdk-9-9~b114/src/hotspot/src/share/vm/classfile/systemDictionary.cpp, line 224]
Event: 0.532 Thread 0x00007f2d60010800 Exception <a 'java/io/FileNotFoundException'> (0x00000000a8996138) thrown at [/build/openjdk-9-argm_o/openjdk-9-9~b114/src/hotspot/src/share/vm/prims/jni.cpp, line 605]
Event: 0.533 Thread 0x00007f2d60010800 Exception <a 'java/io/FileNotFoundException'> (0x00000000a899e178) thrown at [/build/openjdk-9-argm_o/openjdk-9-9~b114/src/hotspot/src/share/vm/prims/jni.cpp, line 605]
Event: 1.317 Thread 0x00007f2d60010800 Exception <a 'java/lang/ClassNotFoundException': com/sun/swing/internal/plaf/metal/resources/metalProvider> (0x00000000a8763478) thrown at [/build/openjdk-9-argm_o/openjdk-9-9~b114/src/hotspot/src/share/vm/classfile/systemDictionary.cpp, line 224]
Event: 1.319 Thread 0x00007f2d60010800 Exception <a 'java/lang/ClassNotFoundException': com/sun/swing/internal/plaf/basic/resources/basicProvider> (0x00000000a8766ad8) thrown at [/build/openjdk-9-argm_o/openjdk-9-9~b114/src/hotspot/src/share/vm/classfile/systemDictionary.cpp, line 224]
Event: 1.421 Thread 0x00007f2d60010800 Implicit null exception at 0x00007f2d50ad6838 to 0x00007f2d50ad68c6

Events (10 events):
Event: 1.929 loading class sun/nio/cs/UTF_16$Decoder
Event: 1.949 loading class sun/nio/cs/UnicodeDecoder
Event: 1.956 loading class sun/nio/cs/UnicodeDecoder done
Event: 1.956 loading class sun/nio/cs/UTF_16$Decoder done
Event: 1.957 loading class sun/font/FileFontStrike
Event: 1.958 loading class sun/font/FileFontStrike done
Event: 1.958 loading class sun/font/FontScaler
Event: 1.958 loading class sun/font/FontScaler done
Event: 1.958 loading class sun/font/FreetypeFontScaler
Event: 1.959 loading class sun/font/FreetypeFontScaler done


Dynamic libraries:
00400000-00401000 r-xp 00000000 08:01 14955722                           /usr/lib/jvm/java-9-openjdk-amd64/bin/java
00600000-00601000 r--p 00000000 08:01 14955722                           /usr/lib/jvm/java-9-openjdk-amd64/bin/java
00601000-00602000 rw-p 00001000 08:01 14955722                           /usr/lib/jvm/java-9-openjdk-amd64/bin/java
00894000-008b5000 rw-p 00000000 00:00 0                                  [heap]
a2e00000-a8c00000 rw-p 00000000 00:00 0 
a8c00000-100000000 ---p 00000000 00:00 0 
100000000-100140000 rw-p 00000000 00:00 0 
100140000-140000000 ---p 00000000 00:00 0 
7f2cd0000000-7f2cd0021000 rw-p 00000000 00:00 0 
7f2cd0021000-7f2cd4000000 ---p 00000000 00:00 0 
7f2cd4000000-7f2cd4021000 rw-p 00000000 00:00 0 
7f2cd4021000-7f2cd8000000 ---p 00000000 00:00 0 
7f2cd8000000-7f2cd8021000 rw-p 00000000 00:00 0 
7f2cd8021000-7f2cdc000000 ---p 00000000 00:00 0 
7f2cdec4b000-7f2cdec4f000 ---p 00000000 00:00 0 
7f2cdec4f000-7f2cdee8c000 rw-p 00000000 00:00 0 
7f2cdee8c000-7f2cdef4c000 ---p 00000000 00:00 0 
7f2cdef4c000-7f2cdef50000 ---p 00000000 00:00 0 
7f2cdef50000-7f2cdf04d000 rw-p 00000000 00:00 0 
7f2cdf04d000-7f2cdf052000 r-xp 00000000 08:01 14426492                   /usr/lib/x86_64-linux-gnu/libXfixes.so.3.1.0
7f2cdf052000-7f2cdf251000 ---p 00005000 08:01 14426492                   /usr/lib/x86_64-linux-gnu/libXfixes.so.3.1.0
7f2cdf251000-7f2cdf252000 r--p 00004000 08:01 14426492                   /usr/lib/x86_64-linux-gnu/libXfixes.so.3.1.0
7f2cdf252000-7f2cdf253000 rw-p 00005000 08:01 14426492                   /usr/lib/x86_64-linux-gnu/libXfixes.so.3.1.0
7f2cdf253000-7f2cdf25c000 r-xp 00000000 08:01 14426484                   /usr/lib/x86_64-linux-gnu/libXcursor.so.1.0.2
7f2cdf25c000-7f2cdf45b000 ---p 00009000 08:01 14426484                   /usr/lib/x86_64-linux-gnu/libXcursor.so.1.0.2
7f2cdf45b000-7f2cdf45c000 r--p 00008000 08:01 14426484                   /usr/lib/x86_64-linux-gnu/libXcursor.so.1.0.2
7f2cdf45c000-7f2cdf45d000 rw-p 00009000 08:01 14426484                   /usr/lib/x86_64-linux-gnu/libXcursor.so.1.0.2
7f2cdf45d000-7f2cdf481000 r-xp 00000000 08:01 4854325                    /lib/x86_64-linux-gnu/libpng12.so.0.54.0
7f2cdf481000-7f2cdf680000 ---p 00024000 08:01 4854325                    /lib/x86_64-linux-gnu/libpng12.so.0.54.0
7f2cdf680000-7f2cdf681000 r--p 00023000 08:01 4854325                    /lib/x86_64-linux-gnu/libpng12.so.0.54.0
7f2cdf681000-7f2cdf682000 rw-p 00024000 08:01 4854325                    /lib/x86_64-linux-gnu/libpng12.so.0.54.0
7f2cdf682000-7f2cdf726000 r-xp 00000000 08:01 14420469                   /usr/lib/x86_64-linux-gnu/libfreetype.so.6.12.1
7f2cdf726000-7f2cdf925000 ---p 000a4000 08:01 14420469                   /usr/lib/x86_64-linux-gnu/libfreetype.so.6.12.1
7f2cdf925000-7f2cdf92b000 r--p 000a3000 08:01 14420469                   /usr/lib/x86_64-linux-gnu/libfreetype.so.6.12.1
7f2cdf92b000-7f2cdf92c000 rw-p 000a9000 08:01 14420469                   /usr/lib/x86_64-linux-gnu/libfreetype.so.6.12.1
7f2cdf92c000-7f2cdf9f2000 r-xp 00000000 08:01 14955742                   /usr/lib/jvm/java-9-openjdk-amd64/lib/amd64/libfontmanager.so
7f2cdf9f2000-7f2cdfbf1000 ---p 000c6000 08:01 14955742                   /usr/lib/jvm/java-9-openjdk-amd64/lib/amd64/libfontmanager.so
7f2cdfbf1000-7f2cdfbf4000 r--p 000c5000 08:01 14955742                   /usr/lib/jvm/java-9-openjdk-amd64/lib/amd64/libfontmanager.so
7f2cdfbf4000-7f2cdfbf5000 rw-p 000c8000 08:01 14955742                   /usr/lib/jvm/java-9-openjdk-amd64/lib/amd64/libfontmanager.so
7f2cdfbf5000-7f2cdfbf6000 rw-p 00000000 00:00 0 
7f2cdfbf6000-7f2cdfbfb000 r-xp 00000000 08:01 14426488                   /usr/lib/x86_64-linux-gnu/libXdmcp.so.6.0.0
7f2cdfbfb000-7f2cdfdfa000 ---p 00005000 08:01 14426488                   /usr/lib/x86_64-linux-gnu/libXdmcp.so.6.0.0
7f2cdfdfa000-7f2cdfdfb000 r--p 00004000 08:01 14426488                   /usr/lib/x86_64-linux-gnu/libXdmcp.so.6.0.0
7f2cdfdfb000-7f2cdfdfc000 rw-p 00005000 08:01 14426488                   /usr/lib/x86_64-linux-gnu/libXdmcp.so.6.0.0
7f2cdfdfc000-7f2cdfdfe000 r-xp 00000000 08:01 14426477                   /usr/lib/x86_64-linux-gnu/libXau.so.6.0.0
7f2cdfdfe000-7f2cdfffe000 ---p 00002000 08:01 14426477                   /usr/lib/x86_64-linux-gnu/libXau.so.6.0.0
7f2cdfffe000-7f2cdffff000 r--p 00002000 08:01 14426477                   /usr/lib/x86_64-linux-gnu/libXau.so.6.0.0
7f2cdffff000-7f2ce0000000 rw-p 00003000 08:01 14426477                   /usr/lib/x86_64-linux-gnu/libXau.so.6.0.0
7f2ce0000000-7f2ce0021000 rw-p 00000000 00:00 0 
7f2ce0021000-7f2ce4000000 ---p 00000000 00:00 0 
7f2ce4000000-7f2ce4021000 rw-p 00000000 00:00 0 
7f2ce4021000-7f2ce8000000 ---p 00000000 00:00 0 
7f2ce8000000-7f2ce8021000 rw-p 00000000 00:00 0 
7f2ce8021000-7f2cec000000 ---p 00000000 00:00 0 
7f2cec015000-7f2cec036000 r-xp 00000000 08:01 14427830                   /usr/lib/x86_64-linux-gnu/libxcb.so.1.1.0
7f2cec036000-7f2cec235000 ---p 00021000 08:01 14427830                   /usr/lib/x86_64-linux-gnu/libxcb.so.1.1.0
7f2cec235000-7f2cec236000 r--p 00020000 08:01 14427830                   /usr/lib/x86_64-linux-gnu/libxcb.so.1.1.0
7f2cec236000-7f2cec237000 rw-p 00021000 08:01 14427830                   /usr/lib/x86_64-linux-gnu/libxcb.so.1.1.0
7f2cec237000-7f2cec246000 r-xp 00000000 08:01 14426498                   /usr/lib/x86_64-linux-gnu/libXi.so.6.1.0
7f2cec246000-7f2cec445000 ---p 0000f000 08:01 14426498                   /usr/lib/x86_64-linux-gnu/libXi.so.6.1.0
7f2cec445000-7f2cec446000 r--p 0000e000 08:01 14426498                   /usr/lib/x86_64-linux-gnu/libXi.so.6.1.0
7f2cec446000-7f2cec447000 rw-p 0000f000 08:01 14426498                   /usr/lib/x86_64-linux-gnu/libXi.so.6.1.0
7f2cec447000-7f2cec44c000 r-xp 00000000 08:01 14426516                   /usr/lib/x86_64-linux-gnu/libXtst.so.6.1.0
7f2cec44c000-7f2cec64b000 ---p 00005000 08:01 14426516                   /usr/lib/x86_64-linux-gnu/libXtst.so.6.1.0
7f2cec64b000-7f2cec64c000 r--p 00004000 08:01 14426516                   /usr/lib/x86_64-linux-gnu/libXtst.so.6.1.0
7f2cec64c000-7f2cec64d000 rw-p 00005000 08:01 14426516                   /usr/lib/x86_64-linux-gnu/libXtst.so.6.1.0
7f2cec64d000-7f2cec656000 r-xp 00000000 08:01 14426510                   /usr/lib/x86_64-linux-gnu/libXrender.so.1.3.0
7f2cec656000-7f2cec855000 ---p 00009000 08:01 14426510                   /usr/lib/x86_64-linux-gnu/libXrender.so.1.3.0
7f2cec855000-7f2cec856000 r--p 00008000 08:01 14426510                   /usr/lib/x86_64-linux-gnu/libXrender.so.1.3.0
7f2cec856000-7f2cec857000 rw-p 00009000 08:01 14426510                   /usr/lib/x86_64-linux-gnu/libXrender.so.1.3.0
7f2cec857000-7f2cec98c000 r-xp 00000000 08:01 14426473                   /usr/lib/x86_64-linux-gnu/libX11.so.6.3.0
7f2cec98c000-7f2cecb8c000 ---p 00135000 08:01 14426473                   /usr/lib/x86_64-linux-gnu/libX11.so.6.3.0
7f2cecb8c000-7f2cecb8d000 r--p 00135000 08:01 14426473                   /usr/lib/x86_64-linux-gnu/libX11.so.6.3.0
7f2cecb8d000-7f2cecb91000 rw-p 00136000 08:01 14426473                   /usr/lib/x86_64-linux-gnu/libX11.so.6.3.0
7f2cecb91000-7f2cecba2000 r-xp 00000000 08:01 14426490                   /usr/lib/x86_64-linux-gnu/libXext.so.6.4.0
7f2cecba2000-7f2cecda1000 ---p 00011000 08:01 14426490                   /usr/lib/x86_64-linux-gnu/libXext.so.6.4.0
7f2cecda1000-7f2cecda2000 r--p 00010000 08:01 14426490                   /usr/lib/x86_64-linux-gnu/libXext.so.6.4.0
7f2cecda2000-7f2cecda3000 rw-p 00011000 08:01 14426490                   /usr/lib/x86_64-linux-gnu/libXext.so.6.4.0
7f2cecda3000-7f2cecdfa000 r-xp 00000000 08:01 14955767                   /usr/lib/jvm/java-9-openjdk-amd64/lib/amd64/libawt_xawt.so
7f2cecdfa000-7f2cecffa000 ---p 00057000 08:01 14955767                   /usr/lib/jvm/java-9-openjdk-amd64/lib/amd64/libawt_xawt.so
7f2cecffa000-7f2cecffb000 r--p 00057000 08:01 14955767                   /usr/lib/jvm/java-9-openjdk-amd64/lib/amd64/libawt_xawt.so
7f2cecffb000-7f2cecffe000 rw-p 00058000 08:01 14955767                   /usr/lib/jvm/java-9-openjdk-amd64/lib/amd64/libawt_xawt.so
7f2cecffe000-7f2cf0000000 rw-p 00000000 00:00 0 
7f2cf0000000-7f2cf0141000 rw-p 00000000 00:00 0 
7f2cf0141000-7f2cf4000000 ---p 00000000 00:00 0 
7f2cf4000000-7f2cf4021000 rw-p 00000000 00:00 0 
7f2cf4021000-7f2cf8000000 ---p 00000000 00:00 0 
7f2cf8000000-7f2cf821b000 rw-p 00000000 00:00 0 
7f2cf821b000-7f2cfc000000 ---p 00000000 00:00 0 
7f2cfc000000-7f2cfc1d0000 rw-p 00000000 00:00 0 
7f2cfc1d0000-7f2d00000000 ---p 00000000 00:00 0 
7f2d00000000-7f2d00021000 rw-p 00000000 00:00 0 
7f2d00021000-7f2d04000000 ---p 00000000 00:00 0 
7f2d04000000-7f2d04021000 rw-p 00000000 00:00 0 
7f2d04021000-7f2d08000000 ---p 00000000 00:00 0 
7f2d08000000-7f2d08021000 rw-p 00000000 00:00 0 
7f2d08021000-7f2d0c000000 ---p 00000000 00:00 0 
7f2d0c000000-7f2d0c021000 rw-p 00000000 00:00 0 
7f2d0c021000-7f2d10000000 ---p 00000000 00:00 0 
7f2d10000000-7f2d10021000 rw-p 00000000 00:00 0 
7f2d10021000-7f2d14000000 ---p 00000000 00:00 0 
7f2d14000000-7f2d14021000 rw-p 00000000 00:00 0 
7f2d14021000-7f2d18000000 ---p 00000000 00:00 0 
7f2d180ab000-7f2d180af000 ---p 00000000 00:00 0 
7f2d180af000-7f2d181ac000 rw-p 00000000 00:00 0 
7f2d181ac000-7f2d1824c000 r-xp 00000000 08:01 14955741                   /usr/lib/jvm/java-9-openjdk-amd64/lib/amd64/libawt.so
7f2d1824c000-7f2d1844b000 ---p 000a0000 08:01 14955741                   /usr/lib/jvm/java-9-openjdk-amd64/lib/amd64/libawt.so
7f2d1844b000-7f2d1844c000 r--p 0009f000 08:01 14955741                   /usr/lib/jvm/java-9-openjdk-amd64/lib/amd64/libawt.so
7f2d1844c000-7f2d18457000 rw-p 000a0000 08:01 14955741                   /usr/lib/jvm/java-9-openjdk-amd64/lib/amd64/libawt.so
7f2d18457000-7f2d1847c000 rw-p 00000000 00:00 0 
7f2d1847c000-7f2d1847d000 ---p 00000000 00:00 0 
7f2d1847d000-7f2d1857d000 rw-p 00000000 00:00 0 
7f2d1857d000-7f2d18581000 ---p 00000000 00:00 0 
7f2d18581000-7f2d1867e000 rw-p 00000000 00:00 0 
7f2d1867e000-7f2d18682000 ---p 00000000 00:00 0 
7f2d18682000-7f2d1877f000 rw-p 00000000 00:00 0 
7f2d1877f000-7f2d18795000 r-xp 00000000 08:01 14955743                   /usr/lib/jvm/java-9-openjdk-amd64/lib/amd64/libnet.so
7f2d18795000-7f2d18994000 ---p 00016000 08:01 14955743                   /usr/lib/jvm/java-9-openjdk-amd64/lib/amd64/libnet.so
7f2d18994000-7f2d18995000 r--p 00015000 08:01 14955743                   /usr/lib/jvm/java-9-openjdk-amd64/lib/amd64/libnet.so
7f2d18995000-7f2d18996000 rw-p 00016000 08:01 14955743                   /usr/lib/jvm/java-9-openjdk-amd64/lib/amd64/libnet.so
7f2d18996000-7f2d189a7000 r-xp 00000000 08:01 14955768                   /usr/lib/jvm/java-9-openjdk-amd64/lib/amd64/libnio.so
7f2d189a7000-7f2d18ba7000 ---p 00011000 08:01 14955768                   /usr/lib/jvm/java-9-openjdk-amd64/lib/amd64/libnio.so
7f2d18ba7000-7f2d18ba8000 r--p 00011000 08:01 14955768                   /usr/lib/jvm/java-9-openjdk-amd64/lib/amd64/libnio.so
7f2d18ba8000-7f2d18ba9000 rw-p 00012000 08:01 14955768                   /usr/lib/jvm/java-9-openjdk-amd64/lib/amd64/libnio.so
7f2d18ba9000-7f2d18bad000 ---p 00000000 00:00 0 
7f2d18bad000-7f2d18caa000 rw-p 00000000 00:00 0 
7f2d18caa000-7f2d18cae000 ---p 00000000 00:00 0 
7f2d18cae000-7f2d18dab000 rw-p 00000000 00:00 0 
7f2d18dab000-7f2d18daf000 ---p 00000000 00:00 0 
7f2d18daf000-7f2d18eac000 rw-p 00000000 00:00 0 
7f2d18eac000-7f2d18eb0000 ---p 00000000 00:00 0 
7f2d18eb0000-7f2d18fad000 rw-p 00000000 00:00 0 
7f2d18fad000-7f2d18fb1000 ---p 00000000 00:00 0 
7f2d18fb1000-7f2d190ae000 rw-p 00000000 00:00 0 
7f2d190ae000-7f2d190b2000 ---p 00000000 00:00 0 
7f2d190b2000-7f2d191af000 rw-p 00000000 00:00 0 
7f2d191af000-7f2d19487000 r--p 00000000 08:01 14419427                   /usr/lib/locale/locale-archive
7f2d19487000-7f2d1948b000 ---p 00000000 00:00 0 
7f2d1948b000-7f2d19588000 rw-p 00000000 00:00 0 
7f2d19588000-7f2d1958c000 ---p 00000000 00:00 0 
7f2d1958c000-7f2d19689000 rw-p 00000000 00:00 0 
7f2d19689000-7f2d1968a000 ---p 00000000 00:00 0 
7f2d1968a000-7f2d1c000000 rw-p 00000000 00:00 0 
7f2d1c000000-7f2d1c021000 rw-p 00000000 00:00 0 
7f2d1c021000-7f2d20000000 ---p 00000000 00:00 0 
7f2d20053000-7f2d20744000 rw-p 00000000 00:00 0 
7f2d20744000-7f2d21d14000 ---p 00000000 00:00 0 
7f2d21d14000-7f2d21e8c000 rw-p 00000000 00:00 0 
7f2d21e8c000-7f2d2345c000 ---p 00000000 00:00 0 
7f2d2345c000-7f2d2348b000 rw-p 00000000 00:00 0 
7f2d2348b000-7f2d23745000 ---p 00000000 00:00 0 
7f2d23745000-7f2d23774000 rw-p 00000000 00:00 0 
7f2d23774000-7f2d23d17000 ---p 00000000 00:00 0 
7f2d23d17000-7f2d23d46000 rw-p 00000000 00:00 0 
7f2d23d46000-7f2d24000000 ---p 00000000 00:00 0 
7f2d24000000-7f2d24021000 rw-p 00000000 00:00 0 
7f2d24021000-7f2d28000000 ---p 00000000 00:00 0 
7f2d28000000-7f2d28021000 rw-p 00000000 00:00 0 
7f2d28021000-7f2d2c000000 ---p 00000000 00:00 0 
7f2d2c000000-7f2d2c021000 rw-p 00000000 00:00 0 
7f2d2c021000-7f2d30000000 ---p 00000000 00:00 0 
7f2d30000000-7f2d30021000 rw-p 00000000 00:00 0 
7f2d30021000-7f2d34000000 ---p 00000000 00:00 0 
7f2d34000000-7f2d34021000 rw-p 00000000 00:00 0 
7f2d34021000-7f2d38000000 ---p 00000000 00:00 0 
7f2d38000000-7f2d38021000 rw-p 00000000 00:00 0 
7f2d38021000-7f2d3c000000 ---p 00000000 00:00 0 
7f2d3c000000-7f2d3c021000 rw-p 00000000 00:00 0 
7f2d3c021000-7f2d40000000 ---p 00000000 00:00 0 
7f2d40000000-7f2d40021000 rw-p 00000000 00:00 0 
7f2d40021000-7f2d44000000 ---p 00000000 00:00 0 
7f2d44000000-7f2d44021000 rw-p 00000000 00:00 0 
7f2d44021000-7f2d48000000 ---p 00000000 00:00 0 
7f2d48009000-7f2d4800a000 ---p 00000000 00:00 0 
7f2d4800a000-7f2d4810a000 rw-p 00000000 00:00 0 
7f2d4810a000-7f2d4810b000 ---p 00000000 00:00 0 
7f2d4810b000-7f2d4820b000 rw-p 00000000 00:00 0 
7f2d4820b000-7f2d4820c000 ---p 00000000 00:00 0 
7f2d4820c000-7f2d4830c000 rw-p 00000000 00:00 0 
7f2d4830c000-7f2d4830d000 ---p 00000000 00:00 0 
7f2d4830d000-7f2d4840d000 rw-p 00000000 00:00 0 
7f2d4840d000-7f2d4840e000 ---p 00000000 00:00 0 
7f2d4840e000-7f2d4850e000 rw-p 00000000 00:00 0 
7f2d4850e000-7f2d4850f000 ---p 00000000 00:00 0 
7f2d4850f000-7f2d4860f000 rw-p 00000000 00:00 0 
7f2d4860f000-7f2d48610000 ---p 00000000 00:00 0 
7f2d48610000-7f2d48b14000 rw-p 00000000 00:00 0 
7f2d48b14000-7f2d48b15000 ---p 00000000 00:00 0 
7f2d48b15000-7f2d48c15000 rw-p 00000000 00:00 0 
7f2d48c15000-7f2d48c16000 ---p 00000000 00:00 0 
7f2d48c16000-7f2d48d16000 rw-p 00000000 00:00 0 
7f2d48d16000-7f2d48d17000 ---p 00000000 00:00 0 
7f2d48d17000-7f2d48e17000 rw-p 00000000 00:00 0 
7f2d48e17000-7f2d48e18000 ---p 00000000 00:00 0 
7f2d48e18000-7f2d48f1d000 rw-p 00000000 00:00 0 
7f2d48f1d000-7f2d49003000 ---p 00000000 00:00 0 
7f2d49003000-7f2d49273000 rwxp 00000000 00:00 0 
7f2d49273000-7f2d49593000 ---p 00000000 00:00 0 
7f2d49593000-7f2d49803000 rwxp 00000000 00:00 0 
7f2d49803000-7f2d50acb000 ---p 00000000 00:00 0 
7f2d50acb000-7f2d50d3b000 rwxp 00000000 00:00 0 
7f2d50d3b000-7f2d58003000 ---p 00000000 00:00 0 
7f2d58003000-7f2d5f3b2000 r--s 00000000 08:01 14955727                   /usr/lib/jvm/java-9-openjdk-amd64/lib/modules
7f2d5f3b2000-7f2d5f3b7000 r-xp 00000000 08:01 14955757                   /usr/lib/jvm/java-9-openjdk-amd64/lib/amd64/libjimage.so
7f2d5f3b7000-7f2d5f5b6000 ---p 00005000 08:01 14955757                   /usr/lib/jvm/java-9-openjdk-amd64/lib/amd64/libjimage.so
7f2d5f5b6000-7f2d5f5b7000 r--p 00004000 08:01 14955757                   /usr/lib/jvm/java-9-openjdk-amd64/lib/amd64/libjimage.so
7f2d5f5b7000-7f2d5f5b8000 rw-p 00005000 08:01 14955757                   /usr/lib/jvm/java-9-openjdk-amd64/lib/amd64/libjimage.so
7f2d5f5b8000-7f2d5f5bf000 r-xp 00000000 08:01 14955753                   /usr/lib/jvm/java-9-openjdk-amd64/lib/amd64/libzip.so
7f2d5f5bf000-7f2d5f7be000 ---p 00007000 08:01 14955753                   /usr/lib/jvm/java-9-openjdk-amd64/lib/amd64/libzip.so
7f2d5f7be000-7f2d5f7bf000 r--p 00006000 08:01 14955753                   /usr/lib/jvm/java-9-openjdk-amd64/lib/amd64/libzip.so
7f2d5f7bf000-7f2d5f7c0000 rw-p 00007000 08:01 14955753                   /usr/lib/jvm/java-9-openjdk-amd64/lib/amd64/libzip.so
7f2d5f7c0000-7f2d5f7cb000 r-xp 00000000 08:01 4849746                    /lib/x86_64-linux-gnu/libnss_files-2.23.so
7f2d5f7cb000-7f2d5f9ca000 ---p 0000b000 08:01 4849746                    /lib/x86_64-linux-gnu/libnss_files-2.23.so
7f2d5f9ca000-7f2d5f9cb000 r--p 0000a000 08:01 4849746                    /lib/x86_64-linux-gnu/libnss_files-2.23.so
7f2d5f9cb000-7f2d5f9cc000 rw-p 0000b000 08:01 4849746                    /lib/x86_64-linux-gnu/libnss_files-2.23.so
7f2d5f9cc000-7f2d5f9d2000 rw-p 00000000 00:00 0 
7f2d5f9d2000-7f2d5f9dd000 r-xp 00000000 08:01 4849749                    /lib/x86_64-linux-gnu/libnss_nis-2.23.so
7f2d5f9dd000-7f2d5fbdc000 ---p 0000b000 08:01 4849749                    /lib/x86_64-linux-gnu/libnss_nis-2.23.so
7f2d5fbdc000-7f2d5fbdd000 r--p 0000a000 08:01 4849749                    /lib/x86_64-linux-gnu/libnss_nis-2.23.so
7f2d5fbdd000-7f2d5fbde000 rw-p 0000b000 08:01 4849749                    /lib/x86_64-linux-gnu/libnss_nis-2.23.so
7f2d5fbde000-7f2d5fbf4000 r-xp 00000000 08:01 4849669                    /lib/x86_64-linux-gnu/libnsl-2.23.so
7f2d5fbf4000-7f2d5fdf3000 ---p 00016000 08:01 4849669                    /lib/x86_64-linux-gnu/libnsl-2.23.so
7f2d5fdf3000-7f2d5fdf4000 r--p 00015000 08:01 4849669                    /lib/x86_64-linux-gnu/libnsl-2.23.so
7f2d5fdf4000-7f2d5fdf5000 rw-p 00016000 08:01 4849669                    /lib/x86_64-linux-gnu/libnsl-2.23.so
7f2d5fdf5000-7f2d5fdf7000 rw-p 00000000 00:00 0 
7f2d5fdf7000-7f2d5fdff000 r-xp 00000000 08:01 4849755                    /lib/x86_64-linux-gnu/libnss_compat-2.23.so
7f2d5fdff000-7f2d5fffe000 ---p 00008000 08:01 4849755                    /lib/x86_64-linux-gnu/libnss_compat-2.23.so
7f2d5fffe000-7f2d5ffff000 r--p 00007000 08:01 4849755                    /lib/x86_64-linux-gnu/libnss_compat-2.23.so
7f2d5ffff000-7f2d60000000 rw-p 00008000 08:01 4849755                    /lib/x86_64-linux-gnu/libnss_compat-2.23.so
7f2d60000000-7f2d6035b000 rw-p 00000000 00:00 0 
7f2d6035b000-7f2d64000000 ---p 00000000 00:00 0 
7f2d64001000-7f2d6402e000 rw-p 00000000 00:00 0 
7f2d6402e000-7f2d64114000 ---p 00000000 00:00 0 
7f2d64114000-7f2d6413f000 r-xp 00000000 08:01 14955736                   /usr/lib/jvm/java-9-openjdk-amd64/lib/amd64/libjava.so
7f2d6413f000-7f2d6433e000 ---p 0002b000 08:01 14955736                   /usr/lib/jvm/java-9-openjdk-amd64/lib/amd64/libjava.so
7f2d6433e000-7f2d6433f000 r--p 0002a000 08:01 14955736                   /usr/lib/jvm/java-9-openjdk-amd64/lib/amd64/libjava.so
7f2d6433f000-7f2d64341000 rw-p 0002b000 08:01 14955736                   /usr/lib/jvm/java-9-openjdk-amd64/lib/amd64/libjava.so
7f2d64341000-7f2d6434e000 r-xp 00000000 08:01 14955737                   /usr/lib/jvm/java-9-openjdk-amd64/lib/amd64/libverify.so
7f2d6434e000-7f2d6454d000 ---p 0000d000 08:01 14955737                   /usr/lib/jvm/java-9-openjdk-amd64/lib/amd64/libverify.so
7f2d6454d000-7f2d6454f000 r--p 0000c000 08:01 14955737                   /usr/lib/jvm/java-9-openjdk-amd64/lib/amd64/libverify.so
7f2d6454f000-7f2d64550000 rw-p 0000e000 08:01 14955737                   /usr/lib/jvm/java-9-openjdk-amd64/lib/amd64/libverify.so
7f2d64550000-7f2d64557000 r-xp 00000000 08:01 4849751                    /lib/x86_64-linux-gnu/librt-2.23.so
7f2d64557000-7f2d64756000 ---p 00007000 08:01 4849751                    /lib/x86_64-linux-gnu/librt-2.23.so
7f2d64756000-7f2d64757000 r--p 00006000 08:01 4849751                    /lib/x86_64-linux-gnu/librt-2.23.so
7f2d64757000-7f2d64758000 rw-p 00007000 08:01 4849751                    /lib/x86_64-linux-gnu/librt-2.23.so
7f2d64758000-7f2d6476e000 r-xp 00000000 08:01 4854223                    /lib/x86_64-linux-gnu/libgcc_s.so.1
7f2d6476e000-7f2d6496d000 ---p 00016000 08:01 4854223                    /lib/x86_64-linux-gnu/libgcc_s.so.1
7f2d6496d000-7f2d6496e000 rw-p 00015000 08:01 4854223                    /lib/x86_64-linux-gnu/libgcc_s.so.1
7f2d6496e000-7f2d64a76000 r-xp 00000000 08:01 4849760                    /lib/x86_64-linux-gnu/libm-2.23.so
7f2d64a76000-7f2d64c75000 ---p 00108000 08:01 4849760                    /lib/x86_64-linux-gnu/libm-2.23.so
7f2d64c75000-7f2d64c76000 r--p 00107000 08:01 4849760                    /lib/x86_64-linux-gnu/libm-2.23.so
7f2d64c76000-7f2d64c77000 rw-p 00108000 08:01 4849760                    /lib/x86_64-linux-gnu/libm-2.23.so
7f2d64c77000-7f2d64de9000 r-xp 00000000 08:01 14427630                   /usr/lib/x86_64-linux-gnu/libstdc++.so.6.0.21
7f2d64de9000-7f2d64fe9000 ---p 00172000 08:01 14427630                   /usr/lib/x86_64-linux-gnu/libstdc++.so.6.0.21
7f2d64fe9000-7f2d64ff3000 r--p 00172000 08:01 14427630                   /usr/lib/x86_64-linux-gnu/libstdc++.so.6.0.21
7f2d64ff3000-7f2d64ff5000 rw-p 0017c000 08:01 14427630                   /usr/lib/x86_64-linux-gnu/libstdc++.so.6.0.21
7f2d64ff5000-7f2d64ff9000 rw-p 00000000 00:00 0 
7f2d64ff9000-7f2d65e57000 r-xp 00000000 08:01 14955750                   /usr/lib/jvm/java-9-openjdk-amd64/lib/amd64/server/libjvm.so
7f2d65e57000-7f2d66057000 ---p 00e5e000 08:01 14955750                   /usr/lib/jvm/java-9-openjdk-amd64/lib/amd64/server/libjvm.so
7f2d66057000-7f2d66109000 r--p 00e5e000 08:01 14955750                   /usr/lib/jvm/java-9-openjdk-amd64/lib/amd64/server/libjvm.so
7f2d66109000-7f2d6613b000 rw-p 00f10000 08:01 14955750                   /usr/lib/jvm/java-9-openjdk-amd64/lib/amd64/server/libjvm.so
7f2d6613b000-7f2d66180000 rw-p 00000000 00:00 0 
7f2d66180000-7f2d66198000 r-xp 00000000 08:01 4849748                    /lib/x86_64-linux-gnu/libpthread-2.23.so
7f2d66198000-7f2d66397000 ---p 00018000 08:01 4849748                    /lib/x86_64-linux-gnu/libpthread-2.23.so
7f2d66397000-7f2d66398000 r--p 00017000 08:01 4849748                    /lib/x86_64-linux-gnu/libpthread-2.23.so
7f2d66398000-7f2d66399000 rw-p 00018000 08:01 4849748                    /lib/x86_64-linux-gnu/libpthread-2.23.so
7f2d66399000-7f2d6639d000 rw-p 00000000 00:00 0 
7f2d6639d000-7f2d663a0000 r-xp 00000000 08:01 4849754                    /lib/x86_64-linux-gnu/libdl-2.23.so
7f2d663a0000-7f2d6659f000 ---p 00003000 08:01 4849754                    /lib/x86_64-linux-gnu/libdl-2.23.so
7f2d6659f000-7f2d665a0000 r--p 00002000 08:01 4849754                    /lib/x86_64-linux-gnu/libdl-2.23.so
7f2d665a0000-7f2d665a1000 rw-p 00003000 08:01 4849754                    /lib/x86_64-linux-gnu/libdl-2.23.so
7f2d665a1000-7f2d665ba000 r-xp 00000000 08:01 4854160                    /lib/x86_64-linux-gnu/libz.so.1.2.8
7f2d665ba000-7f2d667b9000 ---p 00019000 08:01 4854160                    /lib/x86_64-linux-gnu/libz.so.1.2.8
7f2d667b9000-7f2d667ba000 r--p 00018000 08:01 4854160                    /lib/x86_64-linux-gnu/libz.so.1.2.8
7f2d667ba000-7f2d667bb000 rw-p 00019000 08:01 4854160                    /lib/x86_64-linux-gnu/libz.so.1.2.8
7f2d667bb000-7f2d6697b000 r-xp 00000000 08:01 4854204                    /lib/x86_64-linux-gnu/libc-2.23.so
7f2d6697b000-7f2d66b7b000 ---p 001c0000 08:01 4854204                    /lib/x86_64-linux-gnu/libc-2.23.so
7f2d66b7b000-7f2d66b7f000 r--p 001c0000 08:01 4854204                    /lib/x86_64-linux-gnu/libc-2.23.so
7f2d66b7f000-7f2d66b81000 rw-p 001c4000 08:01 4854204                    /lib/x86_64-linux-gnu/libc-2.23.so
7f2d66b81000-7f2d66b85000 rw-p 00000000 00:00 0 
7f2d66b85000-7f2d66b93000 r-xp 00000000 08:01 18090157                   /usr/lib/jvm/java-9-openjdk-amd64/lib/amd64/jli/libjli.so
7f2d66b93000-7f2d66d92000 ---p 0000e000 08:01 18090157                   /usr/lib/jvm/java-9-openjdk-amd64/lib/amd64/jli/libjli.so
7f2d66d92000-7f2d66d93000 r--p 0000d000 08:01 18090157                   /usr/lib/jvm/java-9-openjdk-amd64/lib/amd64/jli/libjli.so
7f2d66d93000-7f2d66d94000 rw-p 0000e000 08:01 18090157                   /usr/lib/jvm/java-9-openjdk-amd64/lib/amd64/jli/libjli.so
7f2d66d94000-7f2d66dba000 r-xp 00000000 08:01 4849678                    /lib/x86_64-linux-gnu/ld-2.23.so
7f2d66dd0000-7f2d66e8c000 rw-p 00000000 00:00 0 
7f2d66e8c000-7f2d66e90000 ---p 00000000 00:00 0 
7f2d66e90000-7f2d66f92000 rw-p 00000000 00:00 0 
7f2d66fa1000-7f2d66fa6000 rw-p 00000000 00:00 0 
7f2d66fa6000-7f2d66fad000 ---p 00000000 00:00 0 
7f2d66fad000-7f2d66fb5000 rw-s 00000000 08:01 13631744                   /tmp/hsperfdata_andrew/8205
7f2d66fb5000-7f2d66fb6000 rw-p 00000000 00:00 0 
7f2d66fb6000-7f2d66fb7000 r--p 00000000 00:00 0 
7f2d66fb7000-7f2d66fb9000 rw-p 00000000 00:00 0 
7f2d66fb9000-7f2d66fba000 r--p 00025000 08:01 4849678                    /lib/x86_64-linux-gnu/ld-2.23.so
7f2d66fba000-7f2d66fbb000 rw-p 00026000 08:01 4849678                    /lib/x86_64-linux-gnu/ld-2.23.so
7f2d66fbb000-7f2d66fbc000 rw-p 00000000 00:00 0 
7ffe8cbdb000-7ffe8cbfc000 rw-p 00000000 00:00 0                          [stack]
7ffe8cbfc000-7ffe8cbfe000 r--p 00000000 00:00 0                          [vvar]
7ffe8cbfe000-7ffe8cc00000 r-xp 00000000 00:00 0                          [vdso]
ffffffffff600000-ffffffffff601000 r-xp 00000000 00:00 0                  [vsyscall]

VM Arguments:
java_command: MyCustomFrameViewer
java_class_path (initial): .
Launcher Type: SUN_STANDARD

Environment Variables:
PATH=/home/andrew/anaconda3/bin:/home/andrew/bin:/home/andrew/.local/bin:/home/andrew/anaconda3/bin:/usr/local/sbin:/usr/local/bin:/usr/sbin:/usr/bin:/sbin:/bin:/usr/games:/usr/local/games:/snap/bin
USERNAME=andrew
SHELL=/bin/bash
DISPLAY=:1

Signal Handlers:
SIGSEGV: [libjvm.so+0xc12c20], sa_mask[0]=11111111011111111101111111111110, sa_flags=SA_RESTART|SA_SIGINFO
SIGBUS: [libjvm.so+0xc12c20], sa_mask[0]=11111111011111111101111111111110, sa_flags=SA_RESTART|SA_SIGINFO
SIGFPE: [libjvm.so+0xc12c20], sa_mask[0]=11111111011111111101111111111110, sa_flags=SA_RESTART|SA_SIGINFO
SIGPIPE: [libjvm.so+0xa3b600], sa_mask[0]=11111111011111111101111111111110, sa_flags=SA_RESTART|SA_SIGINFO
SIGXFSZ: [libjvm.so+0xa3b600], sa_mask[0]=11111111011111111101111111111110, sa_flags=SA_RESTART|SA_SIGINFO
SIGILL: [libjvm.so+0xc12c20], sa_mask[0]=11111111011111111101111111111110, sa_flags=SA_RESTART|SA_SIGINFO
SIGUSR2: [libjvm.so+0xa3b4a0], sa_mask[0]=00000000000000000000000000000000, sa_flags=SA_RESTART|SA_SIGINFO
SIGHUP: [libjvm.so+0xa3b870], sa_mask[0]=11111111011111111101111111111110, sa_flags=SA_RESTART|SA_SIGINFO
SIGINT: [libjvm.so+0xa3b870], sa_mask[0]=11111111011111111101111111111110, sa_flags=SA_RESTART|SA_SIGINFO
SIGTERM: [libjvm.so+0xa3b870], sa_mask[0]=11111111011111111101111111111110, sa_flags=SA_RESTART|SA_SIGINFO
SIGQUIT: [libjvm.so+0xa3b870], sa_mask[0]=11111111011111111101111111111110, sa_flags=SA_RESTART|SA_SIGINFO


---------------  S Y S T E M  ---------------

OS:DISTRIB_ID=Ubuntu
DISTRIB_RELEASE=16.04
DISTRIB_CODENAME=xenial
DISTRIB_DESCRIPTION="Ubuntu 16.04.3 LTS"
uname:Linux 4.10.0-35-generic #39~16.04.1-Ubuntu SMP Wed Sep 13 09:02:42 UTC 2017 x86_64
libc:glibc 2.23 NPTL 2.23 
rlimit: STACK 8192k, CORE 0k, NPROC 23650, NOFILE 1048576, AS infinity
load average:1.09 0.55 0.64

/proc/meminfo:
MemTotal:        6098444 kB
MemFree:         3647196 kB
MemAvailable:    4507188 kB
Buffers:          261428 kB
Cached:           743100 kB
SwapCached:        82976 kB
Active:          1237380 kB
Inactive:         853208 kB
Active(anon):     612148 kB
Inactive(anon):   488320 kB
Active(file):     625232 kB
Inactive(file):   364888 kB
Unevictable:         432 kB
Mlocked:             432 kB
SwapTotal:       6280188 kB
SwapFree:        6126584 kB
Dirty:               336 kB
Writeback:             0 kB
AnonPages:       1012300 kB
Mapped:           229192 kB
Shmem:             14176 kB
Slab:             208444 kB
SReclaimable:     164420 kB
SUnreclaim:        44024 kB
KernelStack:        8704 kB
PageTables:        33644 kB
NFS_Unstable:          0 kB
Bounce:                0 kB
WritebackTmp:          0 kB
CommitLimit:     9329408 kB
Committed_AS:    4726712 kB
VmallocTotal:   34359738367 kB
VmallocUsed:           0 kB
VmallocChunk:          0 kB
HardwareCorrupted:     0 kB
AnonHugePages:    634880 kB
ShmemHugePages:        0 kB
ShmemPmdMapped:        0 kB
CmaTotal:              0 kB
CmaFree:               0 kB
HugePages_Total:       0
HugePages_Free:        0
HugePages_Rsvd:        0
HugePages_Surp:        0
Hugepagesize:       2048 kB
DirectMap4k:      688508 kB
DirectMap2M:     5593088 kB


CPU:total 4 (2 cores per cpu, 2 threads per core) family 6 model 37 stepping 5, cmov, cx8, fxsr, mmx, sse, sse2, sse3, ssse3, sse4.1, sse4.2, popcnt, aes, clmul, ht, tsc, tscinvbit

CPU Model and flags from /proc/cpuinfo:
model name	: Intel(R) Core(TM) i5 CPU       M 520  @ 2.40GHz
flags		: fpu vme de pse tsc msr pae mce cx8 apic sep mtrr pge mca cmov pat pse36 clflush dts acpi mmx fxsr sse sse2 ss ht tm pbe syscall nx rdtscp lm constant_tsc arch_perfmon pebs bts rep_good nopl xtopology nonstop_tsc aperfmperf pni pclmulqdq dtes64 monitor ds_cpl vmx smx est tm2 ssse3 cx16 xtpr pdcm pcid sse4_1 sse4_2 popcnt aes lahf_lm tpr_shadow vnmi flexpriority ept vpid dtherm ida arat

Memory: 4k page, physical 6098444k(3647196k free), swap 6280188k(6126584k free)

vm_info: OpenJDK 64-Bit Server VM (9-internal+0-2016-04-14-195246.buildd.src) for linux-amd64 JRE (9-internal+0-2016-04-14-195246.buildd.src), built on Apr 14 2016 20:05:37 by "buildd" with gcc 5.3.1 20160413

END.
