#
# A fatal error has been detected by the Java Runtime Environment:
#
#  SIGSEGV (0xb) at pc=0x00007f5eee8d6009, pid=2306, tid=2307
#
# JRE version: OpenJDK Runtime Environment (9.0) (build 9-internal+0-2016-04-14-195246.buildd.src)
# Java VM: OpenJDK 64-Bit Server VM (9-internal+0-2016-04-14-195246.buildd.src, mixed mode, tiered, compressed oops, g1 gc, linux-amd64)
# Problematic frame:
# C  [libjava.so+0x1d009]  JNU_GetEnv+0x19
#
# Core dump will be written. Default location: Core dumps may be processed with "/usr/share/apport/apport %p %s %c %P" (or dumping to /home/andrew/CSE205/gui_review/core.2306)
#
# If you would like to submit a bug report, please visit:
#   http://bugreport.java.com/bugreport/crash.jsp
# The crash happened outside the Java Virtual Machine in native code.
# See problematic frame for where to report the bug.
#

---------------  S U M M A R Y ------------

Command Line: MyCustomFrameViewer

Host: Intel(R) Core(TM) i5 CPU       M 520  @ 2.40GHz, 4 cores, 5G, Ubuntu 16.04.3 LTS
Time: Wed Sep 27 20:06:43 2017 MST elapsed time: 1 seconds (0d 0h 0m 1s)

---------------  T H R E A D  ---------------

Current thread (0x00007f5ee8010800):  JavaThread "main" [_thread_in_native, id=2307, stack(0x00007f5ef1631000,0x00007f5ef1732000)]

Stack: [0x00007f5ef1631000,0x00007f5ef1732000],  sp=0x00007f5ef172ef60,  free space=1015k
Native frames: (J=compiled Java code, j=interpreted, Vv=VM code, C=native code)
C  [libjava.so+0x1d009]  JNU_GetEnv+0x19
C  [libfontmanager.so+0x33f8e]
C  [libfreetype.so.6+0x14d2b]  FT_Stream_Seek+0x1b

Java frames: (J=compiled Java code, j=interpreted, Vv=VM code)
j  sun.font.FreetypeFontScaler.initNativeScaler(Lsun/font/Font2D;IIZI)J+0 java.desktop@9-internal
j  sun.font.FreetypeFontScaler.<init>(Lsun/font/Font2D;IZI)V+26 java.desktop@9-internal
v  ~StubRoutines::call_stub
j  sun.reflect.NativeConstructorAccessorImpl.newInstance0(Ljava/lang/reflect/Constructor;[Ljava/lang/Object;)Ljava/lang/Object;+0 java.base@9-internal
j  sun.reflect.NativeConstructorAccessorImpl.newInstance([Ljava/lang/Object;)Ljava/lang/Object;+85 java.base@9-internal
j  sun.reflect.DelegatingConstructorAccessorImpl.newInstance([Ljava/lang/Object;)Ljava/lang/Object;+5 java.base@9-internal
j  java.lang.reflect.Constructor.newInstance([Ljava/lang/Object;)Ljava/lang/Object;+65 java.base@9-internal
j  sun.font.FontScaler.getScaler(Lsun/font/Font2D;IZI)Lsun/font/FontScaler;+39 java.desktop@9-internal
j  sun.font.TrueTypeFont.getScaler()Lsun/font/FontScaler;+21 java.desktop@9-internal
j  sun.font.FileFontStrike.<init>(Lsun/font/FileFont;Lsun/font/FontStrikeDesc;)V+204 java.desktop@9-internal
j  sun.font.FileFont.createStrike(Lsun/font/FontStrikeDesc;)Lsun/font/FontStrike;+18 java.desktop@9-internal
j  sun.font.Font2D.getStrike(Lsun/font/FontStrikeDesc;Z)Lsun/font/FontStrike;+92 java.desktop@9-internal
j  sun.font.Font2D.getStrike(Lsun/font/FontStrikeDesc;)Lsun/font/FontStrike;+3 java.desktop@9-internal
j  sun.font.CompositeStrike.getStrikeForSlot(I)Lsun/font/PhysicalStrike;+23 java.desktop@9-internal
j  sun.font.CompositeStrike.getFontMetrics()Lsun/font/StrikeMetrics;+31 java.desktop@9-internal
j  sun.font.FontDesignMetrics.initMatrixAndMetrics()V+28 java.desktop@9-internal
j  sun.font.FontDesignMetrics.<init>(Ljava/awt/Font;Ljava/awt/font/FontRenderContext;)V+62 java.desktop@9-internal
j  sun.font.FontDesignMetrics.getMetrics(Ljava/awt/Font;Ljava/awt/font/FontRenderContext;)Lsun/font/FontDesignMetrics;+128 java.desktop@9-internal
j  sun.swing.SwingUtilities2.getFontMetrics(Ljavax/swing/JComponent;Ljava/awt/Font;)Ljava/awt/FontMetrics;+15 java.desktop@9-internal
j  javax.swing.JComponent.getFontMetrics(Ljava/awt/Font;)Ljava/awt/FontMetrics;+2 java.desktop@9-internal
j  javax.swing.plaf.basic.BasicGraphicsUtils.getPreferredButtonSize(Ljavax/swing/AbstractButton;I)Ljava/awt/Dimension;+28 java.desktop@9-internal
j  javax.swing.plaf.basic.BasicButtonUI.getPreferredSize(Ljavax/swing/JComponent;)Ljava/awt/Dimension;+10 java.desktop@9-internal
j  javax.swing.JComponent.getPreferredSize()Ljava/awt/Dimension;+26 java.desktop@9-internal
j  java.awt.FlowLayout.layoutContainer(Ljava/awt/Container;)V+127 java.desktop@9-internal
j  java.awt.Container.layout()V+11 java.desktop@9-internal
j  java.awt.Container.doLayout()V+1 java.desktop@9-internal
j  java.awt.Container.validateTree()V+47 java.desktop@9-internal
j  java.awt.Container.validateTree()V+110 java.desktop@9-internal
j  java.awt.Container.validateTree()V+110 java.desktop@9-internal
j  java.awt.Container.validateTree()V+110 java.desktop@9-internal
j  java.awt.Container.validateTree()V+110 java.desktop@9-internal
j  java.awt.Container.validate()V+60 java.desktop@9-internal
j  java.awt.Container.validateUnconditionally()V+14 java.desktop@9-internal
j  java.awt.Window.show()V+12 java.desktop@9-internal
j  java.awt.Component.show(Z)V+5 java.desktop@9-internal
j  java.awt.Component.setVisible(Z)V+2 java.desktop@9-internal
j  java.awt.Window.setVisible(Z)V+2 java.desktop@9-internal
j  MyCustomFrameViewer.main([Ljava/lang/String;)V+81
v  ~StubRoutines::call_stub

siginfo: si_signo: 11 (SIGSEGV), si_code: 1 (SEGV_MAPERR), si_addr: 0x0000000000000000

Register to memory mapping:

RAX=0x0000000000000000 is an unknown value
RBX=0x0000000000000000 is an unknown value
RCX=0x0000000000000000 is an unknown value
RDX=0x0000000000010002 is an unknown value
RSP=0x00007f5ef172ef60 is pointing into the stack for thread: 0x00007f5ee8010800
RBP=0x00007f5ef172ef70 is pointing into the stack for thread: 0x00007f5ee8010800
RSI=0x0000000000010002 is an unknown value
RDI=0x0000000000000000 is an unknown value
R8 =0x0000000000000000 is an unknown value
R9 =0x0000000000367000 is an unknown value
R10=0x00000000000001db is an unknown value
R11=0x00007f5eee8d5ff0: JNU_GetEnv+0x0000000000000000 in /usr/lib/jvm/java-9-openjdk-amd64/lib/amd64/libjava.so at 0x00007f5eee8b9000
R12=0x00007f5ee8366e80 is an unknown value
R13=0x0000000000000000 is an unknown value
R14=0x0000000000000000 is an unknown value
R15=0x00007f5ee8366ee0 is an unknown value


Registers:
RAX=0x0000000000000000, RBX=0x0000000000000000, RCX=0x0000000000000000, RDX=0x0000000000010002
RSP=0x00007f5ef172ef60, RBP=0x00007f5ef172ef70, RSI=0x0000000000010002, RDI=0x0000000000000000
R8 =0x0000000000000000, R9 =0x0000000000367000, R10=0x00000000000001db, R11=0x00007f5eee8d5ff0
R12=0x00007f5ee8366e80, R13=0x0000000000000000, R14=0x0000000000000000, R15=0x00007f5ee8366ee0
RIP=0x00007f5eee8d6009, EFLAGS=0x0000000000010246, CSGSFS=0x002b000000000033, ERR=0x0000000000000004
  TRAPNO=0x000000000000000e

Top of Stack: (sp=0x00007f5ef172ef60)
0x00007f5ef172ef60:   0000000000000000 439a2deb54011900
0x00007f5ef172ef70:   00007f5ef172efb0 00007f5ea12c6f8e
0x00007f5ef172ef80:   00007f5ee8000078 00007f5ee8366e80
0x00007f5ef172ef90:   0000000000000000 0000000000000000
0x00007f5ef172efa0:   00007f5ee8366e80 00007f5ee8366ee0
0x00007f5ef172efb0:   0000000000000000 00007f5ea0ffdd2b
0x00007f5ef172efc0:   0000000000000000 00007f5ea128fd80
0x00007f5ef172efd0:   0000000000000000 00007f5ea10118e0
0x00007f5ef172efe0:   0000000000000002 0000003200000008
0x00007f5ef172eff0:   0000000000000000 0000000000000000
0x00007f5ef172f000:   0000006e0000005b 0000000000000000
0x00007f5ef172f010:   0000000000000000 0000007c00000077
0x00007f5ef172f020:   635365766974614e 0000000072656c61
0x00007f5ef172f030:   000000006974614e 0000000000656c61
0x00007f5ef172f040:   0000000000000072 00007f5ee8000020
0x00007f5ef172f050:   0000000000000070 00007f5ef172f104
0x00007f5ef172f060:   00007f5ee83662b0 00007f5ee8366ee0
0x00007f5ef172f070:   00007f5ef172f104 00007f5ef0fe4184
0x00007f5ef172f080:   00007f5ea1294120 00007f5ef172f0b4
0x00007f5ef172f090:   00007f5ea128c9e0 439a2deb54011900
0x00007f5ef172f0a0:   0000000000000070 00007f5ee83621f0
0x00007f5ef172f0b0:   00007f5ea128c9e0 00007f5ef172f1c8
0x00007f5ef172f0c0:   00007f5ee83662b0 00007f5ee8366ee0
0x00007f5ef172f0d0:   00007f5ee8367410 00007f5ea10004c2
0x00007f5ef172f0e0:   0000000100000000 00007f5ef172f1d0
0x00007f5ef172f0f0:   0000000000000000 0000000000000000
0x00007f5ef172f100:   00000000f172f1c8 439a2deb54011900
0x00007f5ef172f110:   00007f5ee83621f0 00007f5ef172f1d0
0x00007f5ef172f120:   0000000000000000 00007f5ee83661d8
0x00007f5ef172f130:   00007f5ef172f3d0 00007f5ee8366138
0x00007f5ef172f140:   00007f5ee83662b0 00007f5ea1002581
0x00007f5ef172f150:   00007f5ef172f1d0 00007f5ea1002376 

Instructions: (pc=0x00007f5eee8d6009)
0x00007f5eee8d5fe9:   ff eb ea 0f 1f 40 00 55 89 f2 48 89 e5 48 83 ec
0x00007f5eee8d5ff9:   10 64 48 8b 04 25 28 00 00 00 48 89 45 f8 31 c0
0x00007f5eee8d6009:   48 8b 07 48 8d 75 f0 ff 50 30 48 8b 4d f8 64 48
0x00007f5eee8d6019:   33 0c 25 28 00 00 00 48 8b 45 f0 75 02 c9 c3 e8 


---------------  P R O C E S S  ---------------

Java Threads: ( => current thread )
  0x00007f5ee833b800 JavaThread "AWT-Shutdown" [_thread_blocked, id=2333, stack(0x00007f5ea04b1000,0x00007f5ea05b2000)]
  0x00007f5ee82f2800 JavaThread "AWT-XAWT" daemon [_thread_in_native, id=2332, stack(0x00007f5ea07b2000,0x00007f5ea08b3000)]
  0x00007f5ee82ce000 JavaThread "Java2D Disposer" daemon [_thread_blocked, id=2331, stack(0x00007f5ea0cc3000,0x00007f5ea0dc4000)]
  0x00007f5ee822b000 JavaThread "Service Thread" daemon [_thread_blocked, id=2329, stack(0x00007f5ea2d22000,0x00007f5ea2e23000)]
  0x00007f5ee8164800 JavaThread "Common-Cleaner" daemon [_thread_blocked, id=2328, stack(0x00007f5ea2e23000,0x00007f5ea2f24000)]
  0x00007f5ee813d000 JavaThread "Sweeper thread" daemon [_thread_blocked, id=2327, stack(0x00007f5ea334e000,0x00007f5ea344f000)]
  0x00007f5ee813b000 JavaThread "C1 CompilerThread2" daemon [_thread_blocked, id=2326, stack(0x00007f5ea344f000,0x00007f5ea3550000)]
  0x00007f5ee8139000 JavaThread "C2 CompilerThread1" daemon [_thread_blocked, id=2325, stack(0x00007f5ea3550000,0x00007f5ea3651000)]
  0x00007f5ee8137800 JavaThread "C2 CompilerThread0" daemon [_thread_blocked, id=2324, stack(0x00007f5ea3651000,0x00007f5ea3752000)]
  0x00007f5ee8133000 JavaThread "Signal Dispatcher" daemon [_thread_blocked, id=2323, stack(0x00007f5ea3752000,0x00007f5ea3853000)]
  0x00007f5ee8131000 JavaThread "Surrogate Locker Thread (Concurrent GC)" daemon [_thread_blocked, id=2322, stack(0x00007f5ea3853000,0x00007f5ea3954000)]
  0x00007f5ee811f800 JavaThread "Finalizer" daemon [_thread_blocked, id=2321, stack(0x00007f5ea3c2c000,0x00007f5ea3d2d000)]
  0x00007f5ee811b800 JavaThread "Reference Handler" daemon [_thread_blocked, id=2320, stack(0x00007f5ea3d2d000,0x00007f5ea3e2e000)]
=>0x00007f5ee8010800 JavaThread "main" [_thread_in_native, id=2307, stack(0x00007f5ef1631000,0x00007f5ef1732000)]

Other Threads:
  0x00007f5ee8111800 VMThread [stack: 0x00007f5ea3e2e000,0x00007f5ea3f2f000] [id=2319]
  0x00007f5ee822d800 WatcherThread [stack: 0x00007f5ea2c21000,0x00007f5ea2d22000] [id=2330]

Threads with active compile tasks:

VM state:not at safepoint (normal execution)

VM Mutex/Monitor currently owned by a thread: None

heap address: 0x00000000a2e00000, size: 1490 MB, Compressed Oops mode: 32-bit
Narrow klass base: 0x0000000000000000, Narrow klass shift: 3
Compressed class space size: 1073741824 Address: 0x0000000100000000

Heap:
 garbage-first heap   total 96256K, used 5120K [0x00000000a2e00000, 0x00000000a2f002f0, 0x0000000100000000)
  region size 1024K, 6 young (6144K), 0 survivors (0K)
 Metaspace       used 10353K, capacity 10680K, committed 10752K, reserved 1058816K
  class space    used 1139K, capacity 1260K, committed 1280K, reserved 1048576K

Heap Regions: E=young(eden), S=young(survivor), O=old, HS=humongous(starts), HC=humongous(continues), CS=collection set, F=free, A=archive, TS=gc time stamp, AC=allocation context, TAMS=top-at-mark-start (previous, next)
|   0|0x00000000a2e00000, 0x00000000a2e00000, 0x00000000a2f00000|  0%| F|  |TS  0|AC  0|TAMS 0x00000000a2e00000, 0x00000000a2e00000|
|   1|0x00000000a2f00000, 0x00000000a2f00000, 0x00000000a3000000|  0%| F|  |TS  0|AC  0|TAMS 0x00000000a2f00000, 0x00000000a2f00000|
|   2|0x00000000a3000000, 0x00000000a3000000, 0x00000000a3100000|  0%| F|  |TS  0|AC  0|TAMS 0x00000000a3000000, 0x00000000a3000000|
|   3|0x00000000a3100000, 0x00000000a3100000, 0x00000000a3200000|  0%| F|  |TS  0|AC  0|TAMS 0x00000000a3100000, 0x00000000a3100000|
|   4|0x00000000a3200000, 0x00000000a3200000, 0x00000000a3300000|  0%| F|  |TS  0|AC  0|TAMS 0x00000000a3200000, 0x00000000a3200000|
|   5|0x00000000a3300000, 0x00000000a3300000, 0x00000000a3400000|  0%| F|  |TS  0|AC  0|TAMS 0x00000000a3300000, 0x00000000a3300000|
|   6|0x00000000a3400000, 0x00000000a3400000, 0x00000000a3500000|  0%| F|  |TS  0|AC  0|TAMS 0x00000000a3400000, 0x00000000a3400000|
|   7|0x00000000a3500000, 0x00000000a3500000, 0x00000000a3600000|  0%| F|  |TS  0|AC  0|TAMS 0x00000000a3500000, 0x00000000a3500000|
|   8|0x00000000a3600000, 0x00000000a3600000, 0x00000000a3700000|  0%| F|  |TS  0|AC  0|TAMS 0x00000000a3600000, 0x00000000a3600000|
|   9|0x00000000a3700000, 0x00000000a3700000, 0x00000000a3800000|  0%| F|  |TS  0|AC  0|TAMS 0x00000000a3700000, 0x00000000a3700000|
|  10|0x00000000a3800000, 0x00000000a3800000, 0x00000000a3900000|  0%| F|  |TS  0|AC  0|TAMS 0x00000000a3800000, 0x00000000a3800000|
|  11|0x00000000a3900000, 0x00000000a3900000, 0x00000000a3a00000|  0%| F|  |TS  0|AC  0|TAMS 0x00000000a3900000, 0x00000000a3900000|
|  12|0x00000000a3a00000, 0x00000000a3a00000, 0x00000000a3b00000|  0%| F|  |TS  0|AC  0|TAMS 0x00000000a3a00000, 0x00000000a3a00000|
|  13|0x00000000a3b00000, 0x00000000a3b00000, 0x00000000a3c00000|  0%| F|  |TS  0|AC  0|TAMS 0x00000000a3b00000, 0x00000000a3b00000|
|  14|0x00000000a3c00000, 0x00000000a3c00000, 0x00000000a3d00000|  0%| F|  |TS  0|AC  0|TAMS 0x00000000a3c00000, 0x00000000a3c00000|
|  15|0x00000000a3d00000, 0x00000000a3d00000, 0x00000000a3e00000|  0%| F|  |TS  0|AC  0|TAMS 0x00000000a3d00000, 0x00000000a3d00000|
|  16|0x00000000a3e00000, 0x00000000a3e00000, 0x00000000a3f00000|  0%| F|  |TS  0|AC  0|TAMS 0x00000000a3e00000, 0x00000000a3e00000|
|  17|0x00000000a3f00000, 0x00000000a3f00000, 0x00000000a4000000|  0%| F|  |TS  0|AC  0|TAMS 0x00000000a3f00000, 0x00000000a3f00000|
|  18|0x00000000a4000000, 0x00000000a4000000, 0x00000000a4100000|  0%| F|  |TS  0|AC  0|TAMS 0x00000000a4000000, 0x00000000a4000000|
|  19|0x00000000a4100000, 0x00000000a4100000, 0x00000000a4200000|  0%| F|  |TS  0|AC  0|TAMS 0x00000000a4100000, 0x00000000a4100000|
|  20|0x00000000a4200000, 0x00000000a4200000, 0x00000000a4300000|  0%| F|  |TS  0|AC  0|TAMS 0x00000000a4200000, 0x00000000a4200000|
|  21|0x00000000a4300000, 0x00000000a4300000, 0x00000000a4400000|  0%| F|  |TS  0|AC  0|TAMS 0x00000000a4300000, 0x00000000a4300000|
|  22|0x00000000a4400000, 0x00000000a4400000, 0x00000000a4500000|  0%| F|  |TS  0|AC  0|TAMS 0x00000000a4400000, 0x00000000a4400000|
|  23|0x00000000a4500000, 0x00000000a4500000, 0x00000000a4600000|  0%| F|  |TS  0|AC  0|TAMS 0x00000000a4500000, 0x00000000a4500000|
|  24|0x00000000a4600000, 0x00000000a4600000, 0x00000000a4700000|  0%| F|  |TS  0|AC  0|TAMS 0x00000000a4600000, 0x00000000a4600000|
|  25|0x00000000a4700000, 0x00000000a4700000, 0x00000000a4800000|  0%| F|  |TS  0|AC  0|TAMS 0x00000000a4700000, 0x00000000a4700000|
|  26|0x00000000a4800000, 0x00000000a4800000, 0x00000000a4900000|  0%| F|  |TS  0|AC  0|TAMS 0x00000000a4800000, 0x00000000a4800000|
|  27|0x00000000a4900000, 0x00000000a4900000, 0x00000000a4a00000|  0%| F|  |TS  0|AC  0|TAMS 0x00000000a4900000, 0x00000000a4900000|
|  28|0x00000000a4a00000, 0x00000000a4a00000, 0x00000000a4b00000|  0%| F|  |TS  0|AC  0|TAMS 0x00000000a4a00000, 0x00000000a4a00000|
|  29|0x00000000a4b00000, 0x00000000a4b00000, 0x00000000a4c00000|  0%| F|  |TS  0|AC  0|TAMS 0x00000000a4b00000, 0x00000000a4b00000|
|  30|0x00000000a4c00000, 0x00000000a4c00000, 0x00000000a4d00000|  0%| F|  |TS  0|AC  0|TAMS 0x00000000a4c00000, 0x00000000a4c00000|
|  31|0x00000000a4d00000, 0x00000000a4d00000, 0x00000000a4e00000|  0%| F|  |TS  0|AC  0|TAMS 0x00000000a4d00000, 0x00000000a4d00000|
|  32|0x00000000a4e00000, 0x00000000a4e00000, 0x00000000a4f00000|  0%| F|  |TS  0|AC  0|TAMS 0x00000000a4e00000, 0x00000000a4e00000|
|  33|0x00000000a4f00000, 0x00000000a4f00000, 0x00000000a5000000|  0%| F|  |TS  0|AC  0|TAMS 0x00000000a4f00000, 0x00000000a4f00000|
|  34|0x00000000a5000000, 0x00000000a5000000, 0x00000000a5100000|  0%| F|  |TS  0|AC  0|TAMS 0x00000000a5000000, 0x00000000a5000000|
|  35|0x00000000a5100000, 0x00000000a5100000, 0x00000000a5200000|  0%| F|  |TS  0|AC  0|TAMS 0x00000000a5100000, 0x00000000a5100000|
|  36|0x00000000a5200000, 0x00000000a5200000, 0x00000000a5300000|  0%| F|  |TS  0|AC  0|TAMS 0x00000000a5200000, 0x00000000a5200000|
|  37|0x00000000a5300000, 0x00000000a5300000, 0x00000000a5400000|  0%| F|  |TS  0|AC  0|TAMS 0x00000000a5300000, 0x00000000a5300000|
|  38|0x00000000a5400000, 0x00000000a5400000, 0x00000000a5500000|  0%| F|  |TS  0|AC  0|TAMS 0x00000000a5400000, 0x00000000a5400000|
|  39|0x00000000a5500000, 0x00000000a5500000, 0x00000000a5600000|  0%| F|  |TS  0|AC  0|TAMS 0x00000000a5500000, 0x00000000a5500000|
|  40|0x00000000a5600000, 0x00000000a5600000, 0x00000000a5700000|  0%| F|  |TS  0|AC  0|TAMS 0x00000000a5600000, 0x00000000a5600000|
|  41|0x00000000a5700000, 0x00000000a5700000, 0x00000000a5800000|  0%| F|  |TS  0|AC  0|TAMS 0x00000000a5700000, 0x00000000a5700000|
|  42|0x00000000a5800000, 0x00000000a5800000, 0x00000000a5900000|  0%| F|  |TS  0|AC  0|TAMS 0x00000000a5800000, 0x00000000a5800000|
|  43|0x00000000a5900000, 0x00000000a5900000, 0x00000000a5a00000|  0%| F|  |TS  0|AC  0|TAMS 0x00000000a5900000, 0x00000000a5900000|
|  44|0x00000000a5a00000, 0x00000000a5a00000, 0x00000000a5b00000|  0%| F|  |TS  0|AC  0|TAMS 0x00000000a5a00000, 0x00000000a5a00000|
|  45|0x00000000a5b00000, 0x00000000a5b00000, 0x00000000a5c00000|  0%| F|  |TS  0|AC  0|TAMS 0x00000000a5b00000, 0x00000000a5b00000|
|  46|0x00000000a5c00000, 0x00000000a5c00000, 0x00000000a5d00000|  0%| F|  |TS  0|AC  0|TAMS 0x00000000a5c00000, 0x00000000a5c00000|
|  47|0x00000000a5d00000, 0x00000000a5d00000, 0x00000000a5e00000|  0%| F|  |TS  0|AC  0|TAMS 0x00000000a5d00000, 0x00000000a5d00000|
|  48|0x00000000a5e00000, 0x00000000a5e00000, 0x00000000a5f00000|  0%| F|  |TS  0|AC  0|TAMS 0x00000000a5e00000, 0x00000000a5e00000|
|  49|0x00000000a5f00000, 0x00000000a5f00000, 0x00000000a6000000|  0%| F|  |TS  0|AC  0|TAMS 0x00000000a5f00000, 0x00000000a5f00000|
|  50|0x00000000a6000000, 0x00000000a6000000, 0x00000000a6100000|  0%| F|  |TS  0|AC  0|TAMS 0x00000000a6000000, 0x00000000a6000000|
|  51|0x00000000a6100000, 0x00000000a6100000, 0x00000000a6200000|  0%| F|  |TS  0|AC  0|TAMS 0x00000000a6100000, 0x00000000a6100000|
|  52|0x00000000a6200000, 0x00000000a6200000, 0x00000000a6300000|  0%| F|  |TS  0|AC  0|TAMS 0x00000000a6200000, 0x00000000a6200000|
|  53|0x00000000a6300000, 0x00000000a6300000, 0x00000000a6400000|  0%| F|  |TS  0|AC  0|TAMS 0x00000000a6300000, 0x00000000a6300000|
|  54|0x00000000a6400000, 0x00000000a6400000, 0x00000000a6500000|  0%| F|  |TS  0|AC  0|TAMS 0x00000000a6400000, 0x00000000a6400000|
|  55|0x00000000a6500000, 0x00000000a6500000, 0x00000000a6600000|  0%| F|  |TS  0|AC  0|TAMS 0x00000000a6500000, 0x00000000a6500000|
|  56|0x00000000a6600000, 0x00000000a6600000, 0x00000000a6700000|  0%| F|  |TS  0|AC  0|TAMS 0x00000000a6600000, 0x00000000a6600000|
|  57|0x00000000a6700000, 0x00000000a6700000, 0x00000000a6800000|  0%| F|  |TS  0|AC  0|TAMS 0x00000000a6700000, 0x00000000a6700000|
|  58|0x00000000a6800000, 0x00000000a6800000, 0x00000000a6900000|  0%| F|  |TS  0|AC  0|TAMS 0x00000000a6800000, 0x00000000a6800000|
|  59|0x00000000a6900000, 0x00000000a6900000, 0x00000000a6a00000|  0%| F|  |TS  0|AC  0|TAMS 0x00000000a6900000, 0x00000000a6900000|
|  60|0x00000000a6a00000, 0x00000000a6a00000, 0x00000000a6b00000|  0%| F|  |TS  0|AC  0|TAMS 0x00000000a6a00000, 0x00000000a6a00000|
|  61|0x00000000a6b00000, 0x00000000a6b00000, 0x00000000a6c00000|  0%| F|  |TS  0|AC  0|TAMS 0x00000000a6b00000, 0x00000000a6b00000|
|  62|0x00000000a6c00000, 0x00000000a6c00000, 0x00000000a6d00000|  0%| F|  |TS  0|AC  0|TAMS 0x00000000a6c00000, 0x00000000a6c00000|
|  63|0x00000000a6d00000, 0x00000000a6d00000, 0x00000000a6e00000|  0%| F|  |TS  0|AC  0|TAMS 0x00000000a6d00000, 0x00000000a6d00000|
|  64|0x00000000a6e00000, 0x00000000a6e00000, 0x00000000a6f00000|  0%| F|  |TS  0|AC  0|TAMS 0x00000000a6e00000, 0x00000000a6e00000|
|  65|0x00000000a6f00000, 0x00000000a6f00000, 0x00000000a7000000|  0%| F|  |TS  0|AC  0|TAMS 0x00000000a6f00000, 0x00000000a6f00000|
|  66|0x00000000a7000000, 0x00000000a7000000, 0x00000000a7100000|  0%| F|  |TS  0|AC  0|TAMS 0x00000000a7000000, 0x00000000a7000000|
|  67|0x00000000a7100000, 0x00000000a7100000, 0x00000000a7200000|  0%| F|  |TS  0|AC  0|TAMS 0x00000000a7100000, 0x00000000a7100000|
|  68|0x00000000a7200000, 0x00000000a7200000, 0x00000000a7300000|  0%| F|  |TS  0|AC  0|TAMS 0x00000000a7200000, 0x00000000a7200000|
|  69|0x00000000a7300000, 0x00000000a7300000, 0x00000000a7400000|  0%| F|  |TS  0|AC  0|TAMS 0x00000000a7300000, 0x00000000a7300000|
|  70|0x00000000a7400000, 0x00000000a7400000, 0x00000000a7500000|  0%| F|  |TS  0|AC  0|TAMS 0x00000000a7400000, 0x00000000a7400000|
|  71|0x00000000a7500000, 0x00000000a7500000, 0x00000000a7600000|  0%| F|  |TS  0|AC  0|TAMS 0x00000000a7500000, 0x00000000a7500000|
|  72|0x00000000a7600000, 0x00000000a7600000, 0x00000000a7700000|  0%| F|  |TS  0|AC  0|TAMS 0x00000000a7600000, 0x00000000a7600000|
|  73|0x00000000a7700000, 0x00000000a7700000, 0x00000000a7800000|  0%| F|  |TS  0|AC  0|TAMS 0x00000000a7700000, 0x00000000a7700000|
|  74|0x00000000a7800000, 0x00000000a7800000, 0x00000000a7900000|  0%| F|  |TS  0|AC  0|TAMS 0x00000000a7800000, 0x00000000a7800000|
|  75|0x00000000a7900000, 0x00000000a7900000, 0x00000000a7a00000|  0%| F|  |TS  0|AC  0|TAMS 0x00000000a7900000, 0x00000000a7900000|
|  76|0x00000000a7a00000, 0x00000000a7a00000, 0x00000000a7b00000|  0%| F|  |TS  0|AC  0|TAMS 0x00000000a7a00000, 0x00000000a7a00000|
|  77|0x00000000a7b00000, 0x00000000a7b00000, 0x00000000a7c00000|  0%| F|  |TS  0|AC  0|TAMS 0x00000000a7b00000, 0x00000000a7b00000|
|  78|0x00000000a7c00000, 0x00000000a7c00000, 0x00000000a7d00000|  0%| F|  |TS  0|AC  0|TAMS 0x00000000a7c00000, 0x00000000a7c00000|
|  79|0x00000000a7d00000, 0x00000000a7d00000, 0x00000000a7e00000|  0%| F|  |TS  0|AC  0|TAMS 0x00000000a7d00000, 0x00000000a7d00000|
|  80|0x00000000a7e00000, 0x00000000a7e00000, 0x00000000a7f00000|  0%| F|  |TS  0|AC  0|TAMS 0x00000000a7e00000, 0x00000000a7e00000|
|  81|0x00000000a7f00000, 0x00000000a7f00000, 0x00000000a8000000|  0%| F|  |TS  0|AC  0|TAMS 0x00000000a7f00000, 0x00000000a7f00000|
|  82|0x00000000a8000000, 0x00000000a8000000, 0x00000000a8100000|  0%| F|  |TS  0|AC  0|TAMS 0x00000000a8000000, 0x00000000a8000000|
|  83|0x00000000a8100000, 0x00000000a8100000, 0x00000000a8200000|  0%| F|  |TS  0|AC  0|TAMS 0x00000000a8100000, 0x00000000a8100000|
|  84|0x00000000a8200000, 0x00000000a8200000, 0x00000000a8300000|  0%| F|  |TS  0|AC  0|TAMS 0x00000000a8200000, 0x00000000a8200000|
|  85|0x00000000a8300000, 0x00000000a8300000, 0x00000000a8400000|  0%| F|  |TS  0|AC  0|TAMS 0x00000000a8300000, 0x00000000a8300000|
|  86|0x00000000a8400000, 0x00000000a8400000, 0x00000000a8500000|  0%| F|  |TS  0|AC  0|TAMS 0x00000000a8400000, 0x00000000a8400000|
|  87|0x00000000a8500000, 0x00000000a8500000, 0x00000000a8600000|  0%| F|  |TS  0|AC  0|TAMS 0x00000000a8500000, 0x00000000a8500000|
|  88|0x00000000a8600000, 0x00000000a868fea0, 0x00000000a8700000| 56%| E|  |TS  0|AC  0|TAMS 0x00000000a8600000, 0x00000000a8600000|
|  89|0x00000000a8700000, 0x00000000a8800000, 0x00000000a8800000|100%| E|CS|TS  0|AC  0|TAMS 0x00000000a8700000, 0x00000000a8700000|
|  90|0x00000000a8800000, 0x00000000a8900000, 0x00000000a8900000|100%| E|CS|TS  0|AC  0|TAMS 0x00000000a8800000, 0x00000000a8800000|
|  91|0x00000000a8900000, 0x00000000a8a00000, 0x00000000a8a00000|100%| E|CS|TS  0|AC  0|TAMS 0x00000000a8900000, 0x00000000a8900000|
|  92|0x00000000a8a00000, 0x00000000a8b00000, 0x00000000a8b00000|100%| E|CS|TS  0|AC  0|TAMS 0x00000000a8a00000, 0x00000000a8a00000|
|  93|0x00000000a8b00000, 0x00000000a8c00000, 0x00000000a8c00000|100%| E|CS|TS  0|AC  0|TAMS 0x00000000a8b00000, 0x00000000a8b00000|

Card table byte_map: [0x00007f5eec4cd000,0x00007f5eec7b6000] byte_map_base: 0x00007f5eebfb6000

Marking Bits (Prev, Next): (CMBitMap*) 0x00007f5ee80561e0, (CMBitMap*) 0x00007f5ee8056238
 Prev Bits: [0x00007f5ed0509000, 0x00007f5ed1c51000)
 Next Bits: [0x00007f5eaa8b8000, 0x00007f5eac000000)

Polling page: 0x00007f5ef175b000

CodeHeap 'non-nmethods': size=5696Kb used=1249Kb max_used=1260Kb free=4446Kb
 bounds [0x00007f5ed1c51000, 0x00007f5ed1ec1000, 0x00007f5ed21e1000]
CodeHeap 'profiled nmethods': size=120032Kb used=819Kb max_used=819Kb free=119212Kb
 bounds [0x00007f5ed21e1000, 0x00007f5ed2451000, 0x00007f5ed9719000]
CodeHeap 'non-profiled nmethods': size=120032Kb used=175Kb max_used=175Kb free=119857Kb
 bounds [0x00007f5ed9719000, 0x00007f5ed9989000, 0x00007f5ee0c51000]
 total_blobs=1161 nmethods=526 adapters=422
 compilation: enabled

Compilation events (10 events):
Event: 1.497 Thread 0x00007f5ee813b000  523       3       sun.invoke.util.VerifyAccess::isTypeVisible (49 bytes)
Event: 1.497 Thread 0x00007f5ee813b000 nmethod 523 0x00007f5ed22ac890 code [0x00007f5ed22aca40, 0x00007f5ed22acf88]
Event: 1.497 Thread 0x00007f5ee813b000  524       3       java.util.Collections$UnmodifiableCollection::size (10 bytes)
Event: 1.498 Thread 0x00007f5ee813b000 nmethod 524 0x00007f5ed22ad190 code [0x00007f5ed22ad320, 0x00007f5ed22ad548]
Event: 1.498 Thread 0x00007f5ee813b000  525       3       java.lang.String::startsWith (7 bytes)
Event: 1.498 Thread 0x00007f5ee8137800 nmethod 512 0x00007f5ed9742f10 code [0x00007f5ed9743080, 0x00007f5ed9743458]
Event: 1.498 Thread 0x00007f5ee813b000 nmethod 525 0x00007f5ed22ad610 code [0x00007f5ed22ad7a0, 0x00007f5ed22ad9a8]
Event: 1.504 Thread 0x00007f5ee813b000  526       3       java.nio.HeapByteBuffer::_get (7 bytes)
Event: 1.504 Thread 0x00007f5ee813b000 nmethod 526 0x00007f5ed22ada90 code [0x00007f5ed22adc00, 0x00007f5ed22add70]
Event: 1.510 Thread 0x00007f5ee8139000 nmethod 519 0x00007f5ed9743610 code [0x00007f5ed9743800, 0x00007f5ed9744568]

GC Heap History (0 events):
No events

Deoptimization events (10 events):
Event: 1.050 Thread 0x00007f5ee8010800 Uncommon trap: reason=unstable_if action=reinterpret pc=0x00007f5ed9723a98 method=java.util.HashMap.hash(Ljava/lang/Object;)I @ 1
Event: 1.055 Thread 0x00007f5ee8010800 Uncommon trap: reason=unstable_fused_if action=reinterpret pc=0x00007f5ed9731e1c method=java.util.HashMap.resize()[Ljava/util/HashMap$Node; @ 31
Event: 1.143 Thread 0x00007f5ee8010800 Uncommon trap: reason=class_check action=maybe_recompile pc=0x00007f5ed9721bac method=java.util.HashMap.putVal(ILjava/lang/Object;Ljava/lang/Object;ZZ)Ljava/lang/Object; @ 253
Event: 1.157 Thread 0x00007f5ee8010800 Uncommon trap: reason=class_check action=maybe_recompile pc=0x00007f5ed9721bac method=java.util.HashMap.putVal(ILjava/lang/Object;Ljava/lang/Object;ZZ)Ljava/lang/Object; @ 253
Event: 1.170 Thread 0x00007f5ee8010800 Uncommon trap: reason=class_check action=maybe_recompile pc=0x00007f5ed9721bac method=java.util.HashMap.putVal(ILjava/lang/Object;Ljava/lang/Object;ZZ)Ljava/lang/Object; @ 253
Event: 1.174 Thread 0x00007f5ee8010800 Uncommon trap: reason=unstable_fused_if action=reinterpret pc=0x00007f5ed972ff5c method=jdk.internal.org.objectweb.asm.ByteVector.putUTF8(Ljava/lang/String;)Ljdk/internal/org/objectweb/asm/ByteVector; @ 91
Event: 1.481 Thread 0x00007f5ee8010800 Uncommon trap: reason=bimorphic_or_optimized_type_check action=maybe_recompile pc=0x00007f5ed973fc8c method=java.util.HashMap.putVal(ILjava/lang/Object;Ljava/lang/Object;ZZ)Ljava/lang/Object; @ 91
Event: 1.481 Thread 0x00007f5ee8010800 Uncommon trap: reason=bimorphic_or_optimized_type_check action=maybe_recompile pc=0x00007f5ed973fc8c method=java.util.HashMap.putVal(ILjava/lang/Object;Ljava/lang/Object;ZZ)Ljava/lang/Object; @ 91
Event: 1.481 Thread 0x00007f5ee8010800 Uncommon trap: reason=bimorphic_or_optimized_type_check action=maybe_recompile pc=0x00007f5ed973fc8c method=java.util.HashMap.putVal(ILjava/lang/Object;Ljava/lang/Object;ZZ)Ljava/lang/Object; @ 91
Event: 1.481 Thread 0x00007f5ee8010800 Uncommon trap: reason=bimorphic_or_optimized_type_check action=maybe_recompile pc=0x00007f5ed973fc8c method=java.util.HashMap.putVal(ILjava/lang/Object;Ljava/lang/Object;ZZ)Ljava/lang/Object; @ 91

Classes redefined (0 events):
No events

Internal exceptions (6 events):
Event: 0.260 Thread 0x00007f5ee8010800 Exception <a 'java/lang/ClassNotFoundException': sun/awt/resources/awtProvider> (0x00000000a8956720) thrown at [/build/openjdk-9-argm_o/openjdk-9-9~b114/src/hotspot/src/share/vm/classfile/systemDictionary.cpp, line 224]
Event: 0.349 Thread 0x00007f5ee8010800 Exception <a 'java/io/FileNotFoundException'> (0x00000000a89960f8) thrown at [/build/openjdk-9-argm_o/openjdk-9-9~b114/src/hotspot/src/share/vm/prims/jni.cpp, line 605]
Event: 0.350 Thread 0x00007f5ee8010800 Exception <a 'java/io/FileNotFoundException'> (0x00000000a899e138) thrown at [/build/openjdk-9-argm_o/openjdk-9-9~b114/src/hotspot/src/share/vm/prims/jni.cpp, line 605]
Event: 0.995 Thread 0x00007f5ee8010800 Exception <a 'java/lang/ClassNotFoundException': com/sun/swing/internal/plaf/metal/resources/metalProvider> (0x00000000a8763478) thrown at [/build/openjdk-9-argm_o/openjdk-9-9~b114/src/hotspot/src/share/vm/classfile/systemDictionary.cpp, line 224]
Event: 0.996 Thread 0x00007f5ee8010800 Exception <a 'java/lang/ClassNotFoundException': com/sun/swing/internal/plaf/basic/resources/basicProvider> (0x00000000a8766ad8) thrown at [/build/openjdk-9-argm_o/openjdk-9-9~b114/src/hotspot/src/share/vm/classfile/systemDictionary.cpp, line 224]
Event: 1.050 Thread 0x00007f5ee8010800 Implicit null exception at 0x00007f5ed9722dbe to 0x00007f5ed9723a7d

Events (10 events):
Event: 1.505 loading class sun/nio/cs/UTF_16$Decoder
Event: 1.509 loading class sun/nio/cs/UnicodeDecoder
Event: 1.516 loading class sun/nio/cs/UnicodeDecoder done
Event: 1.516 loading class sun/nio/cs/UTF_16$Decoder done
Event: 1.517 loading class sun/font/FileFontStrike
Event: 1.518 loading class sun/font/FileFontStrike done
Event: 1.518 loading class sun/font/FontScaler
Event: 1.518 loading class sun/font/FontScaler done
Event: 1.519 loading class sun/font/FreetypeFontScaler
Event: 1.519 loading class sun/font/FreetypeFontScaler done


Dynamic libraries:
00400000-00401000 r-xp 00000000 08:01 14955722                           /usr/lib/jvm/java-9-openjdk-amd64/bin/java
00600000-00601000 r--p 00000000 08:01 14955722                           /usr/lib/jvm/java-9-openjdk-amd64/bin/java
00601000-00602000 rw-p 00001000 08:01 14955722                           /usr/lib/jvm/java-9-openjdk-amd64/bin/java
0131c000-0133d000 rw-p 00000000 00:00 0                                  [heap]
a2e00000-a8c00000 rw-p 00000000 00:00 0 
a8c00000-100000000 ---p 00000000 00:00 0 
100000000-100140000 rw-p 00000000 00:00 0 
100140000-140000000 ---p 00000000 00:00 0 
7f5e58000000-7f5e58021000 rw-p 00000000 00:00 0 
7f5e58021000-7f5e5c000000 ---p 00000000 00:00 0 
7f5e60000000-7f5e60021000 rw-p 00000000 00:00 0 
7f5e60021000-7f5e64000000 ---p 00000000 00:00 0 
7f5e64000000-7f5e64021000 rw-p 00000000 00:00 0 
7f5e64021000-7f5e68000000 ---p 00000000 00:00 0 
7f5e68000000-7f5e68021000 rw-p 00000000 00:00 0 
7f5e68021000-7f5e6c000000 ---p 00000000 00:00 0 
7f5e6c000000-7f5e6c021000 rw-p 00000000 00:00 0 
7f5e6c021000-7f5e70000000 ---p 00000000 00:00 0 
7f5e70000000-7f5e70021000 rw-p 00000000 00:00 0 
7f5e70021000-7f5e74000000 ---p 00000000 00:00 0 
7f5e74fff000-7f5e78000000 rw-p 00000000 00:00 0 
7f5e78000000-7f5e7814f000 rw-p 00000000 00:00 0 
7f5e7814f000-7f5e7c000000 ---p 00000000 00:00 0 
7f5e7c000000-7f5e7c021000 rw-p 00000000 00:00 0 
7f5e7c021000-7f5e80000000 ---p 00000000 00:00 0 
7f5e80000000-7f5e80272000 rw-p 00000000 00:00 0 
7f5e80272000-7f5e84000000 ---p 00000000 00:00 0 
7f5e84000000-7f5e8417e000 rw-p 00000000 00:00 0 
7f5e8417e000-7f5e88000000 ---p 00000000 00:00 0 
7f5e88000000-7f5e88021000 rw-p 00000000 00:00 0 
7f5e88021000-7f5e8c000000 ---p 00000000 00:00 0 
7f5e8c000000-7f5e8c021000 rw-p 00000000 00:00 0 
7f5e8c021000-7f5e90000000 ---p 00000000 00:00 0 
7f5e90000000-7f5e90021000 rw-p 00000000 00:00 0 
7f5e90021000-7f5e94000000 ---p 00000000 00:00 0 
7f5e94000000-7f5e94021000 rw-p 00000000 00:00 0 
7f5e94021000-7f5e98000000 ---p 00000000 00:00 0 
7f5e98000000-7f5e98021000 rw-p 00000000 00:00 0 
7f5e98021000-7f5e9c000000 ---p 00000000 00:00 0 
7f5e9c000000-7f5e9c021000 rw-p 00000000 00:00 0 
7f5e9c021000-7f5ea0000000 ---p 00000000 00:00 0 
7f5ea04b1000-7f5ea04b5000 ---p 00000000 00:00 0 
7f5ea04b5000-7f5ea06f2000 rw-p 00000000 00:00 0 
7f5ea06f2000-7f5ea07b2000 ---p 00000000 00:00 0 
7f5ea07b2000-7f5ea07b6000 ---p 00000000 00:00 0 
7f5ea07b6000-7f5ea08b3000 rw-p 00000000 00:00 0 
7f5ea08b3000-7f5ea08b8000 r-xp 00000000 08:01 14426492                   /usr/lib/x86_64-linux-gnu/libXfixes.so.3.1.0
7f5ea08b8000-7f5ea0ab7000 ---p 00005000 08:01 14426492                   /usr/lib/x86_64-linux-gnu/libXfixes.so.3.1.0
7f5ea0ab7000-7f5ea0ab8000 r--p 00004000 08:01 14426492                   /usr/lib/x86_64-linux-gnu/libXfixes.so.3.1.0
7f5ea0ab8000-7f5ea0ab9000 rw-p 00005000 08:01 14426492                   /usr/lib/x86_64-linux-gnu/libXfixes.so.3.1.0
7f5ea0ab9000-7f5ea0ac2000 r-xp 00000000 08:01 14426484                   /usr/lib/x86_64-linux-gnu/libXcursor.so.1.0.2
7f5ea0ac2000-7f5ea0cc1000 ---p 00009000 08:01 14426484                   /usr/lib/x86_64-linux-gnu/libXcursor.so.1.0.2
7f5ea0cc1000-7f5ea0cc2000 r--p 00008000 08:01 14426484                   /usr/lib/x86_64-linux-gnu/libXcursor.so.1.0.2
7f5ea0cc2000-7f5ea0cc3000 rw-p 00009000 08:01 14426484                   /usr/lib/x86_64-linux-gnu/libXcursor.so.1.0.2
7f5ea0cc3000-7f5ea0cc7000 ---p 00000000 00:00 0 
7f5ea0cc7000-7f5ea0dc4000 rw-p 00000000 00:00 0 
7f5ea0dc4000-7f5ea0de8000 r-xp 00000000 08:01 4854325                    /lib/x86_64-linux-gnu/libpng12.so.0.54.0
7f5ea0de8000-7f5ea0fe7000 ---p 00024000 08:01 4854325                    /lib/x86_64-linux-gnu/libpng12.so.0.54.0
7f5ea0fe7000-7f5ea0fe8000 r--p 00023000 08:01 4854325                    /lib/x86_64-linux-gnu/libpng12.so.0.54.0
7f5ea0fe8000-7f5ea0fe9000 rw-p 00024000 08:01 4854325                    /lib/x86_64-linux-gnu/libpng12.so.0.54.0
7f5ea0fe9000-7f5ea108d000 r-xp 00000000 08:01 14420469                   /usr/lib/x86_64-linux-gnu/libfreetype.so.6.12.1
7f5ea108d000-7f5ea128c000 ---p 000a4000 08:01 14420469                   /usr/lib/x86_64-linux-gnu/libfreetype.so.6.12.1
7f5ea128c000-7f5ea1292000 r--p 000a3000 08:01 14420469                   /usr/lib/x86_64-linux-gnu/libfreetype.so.6.12.1
7f5ea1292000-7f5ea1293000 rw-p 000a9000 08:01 14420469                   /usr/lib/x86_64-linux-gnu/libfreetype.so.6.12.1
7f5ea1293000-7f5ea1359000 r-xp 00000000 08:01 14955742                   /usr/lib/jvm/java-9-openjdk-amd64/lib/amd64/libfontmanager.so
7f5ea1359000-7f5ea1558000 ---p 000c6000 08:01 14955742                   /usr/lib/jvm/java-9-openjdk-amd64/lib/amd64/libfontmanager.so
7f5ea1558000-7f5ea155b000 r--p 000c5000 08:01 14955742                   /usr/lib/jvm/java-9-openjdk-amd64/lib/amd64/libfontmanager.so
7f5ea155b000-7f5ea155c000 rw-p 000c8000 08:01 14955742                   /usr/lib/jvm/java-9-openjdk-amd64/lib/amd64/libfontmanager.so
7f5ea155c000-7f5ea155d000 rw-p 00000000 00:00 0 
7f5ea155d000-7f5ea1562000 r-xp 00000000 08:01 14426488                   /usr/lib/x86_64-linux-gnu/libXdmcp.so.6.0.0
7f5ea1562000-7f5ea1761000 ---p 00005000 08:01 14426488                   /usr/lib/x86_64-linux-gnu/libXdmcp.so.6.0.0
7f5ea1761000-7f5ea1762000 r--p 00004000 08:01 14426488                   /usr/lib/x86_64-linux-gnu/libXdmcp.so.6.0.0
7f5ea1762000-7f5ea1763000 rw-p 00005000 08:01 14426488                   /usr/lib/x86_64-linux-gnu/libXdmcp.so.6.0.0
7f5ea1763000-7f5ea1765000 r-xp 00000000 08:01 14426477                   /usr/lib/x86_64-linux-gnu/libXau.so.6.0.0
7f5ea1765000-7f5ea1965000 ---p 00002000 08:01 14426477                   /usr/lib/x86_64-linux-gnu/libXau.so.6.0.0
7f5ea1965000-7f5ea1966000 r--p 00002000 08:01 14426477                   /usr/lib/x86_64-linux-gnu/libXau.so.6.0.0
7f5ea1966000-7f5ea1967000 rw-p 00003000 08:01 14426477                   /usr/lib/x86_64-linux-gnu/libXau.so.6.0.0
7f5ea1967000-7f5ea1988000 r-xp 00000000 08:01 14427830                   /usr/lib/x86_64-linux-gnu/libxcb.so.1.1.0
7f5ea1988000-7f5ea1b87000 ---p 00021000 08:01 14427830                   /usr/lib/x86_64-linux-gnu/libxcb.so.1.1.0
7f5ea1b87000-7f5ea1b88000 r--p 00020000 08:01 14427830                   /usr/lib/x86_64-linux-gnu/libxcb.so.1.1.0
7f5ea1b88000-7f5ea1b89000 rw-p 00021000 08:01 14427830                   /usr/lib/x86_64-linux-gnu/libxcb.so.1.1.0
7f5ea1b89000-7f5ea1b98000 r-xp 00000000 08:01 14426498                   /usr/lib/x86_64-linux-gnu/libXi.so.6.1.0
7f5ea1b98000-7f5ea1d97000 ---p 0000f000 08:01 14426498                   /usr/lib/x86_64-linux-gnu/libXi.so.6.1.0
7f5ea1d97000-7f5ea1d98000 r--p 0000e000 08:01 14426498                   /usr/lib/x86_64-linux-gnu/libXi.so.6.1.0
7f5ea1d98000-7f5ea1d99000 rw-p 0000f000 08:01 14426498                   /usr/lib/x86_64-linux-gnu/libXi.so.6.1.0
7f5ea1d99000-7f5ea1d9e000 r-xp 00000000 08:01 14426516                   /usr/lib/x86_64-linux-gnu/libXtst.so.6.1.0
7f5ea1d9e000-7f5ea1f9d000 ---p 00005000 08:01 14426516                   /usr/lib/x86_64-linux-gnu/libXtst.so.6.1.0
7f5ea1f9d000-7f5ea1f9e000 r--p 00004000 08:01 14426516                   /usr/lib/x86_64-linux-gnu/libXtst.so.6.1.0
7f5ea1f9e000-7f5ea1f9f000 rw-p 00005000 08:01 14426516                   /usr/lib/x86_64-linux-gnu/libXtst.so.6.1.0
7f5ea1f9f000-7f5ea1fa8000 r-xp 00000000 08:01 14426510                   /usr/lib/x86_64-linux-gnu/libXrender.so.1.3.0
7f5ea1fa8000-7f5ea21a7000 ---p 00009000 08:01 14426510                   /usr/lib/x86_64-linux-gnu/libXrender.so.1.3.0
7f5ea21a7000-7f5ea21a8000 r--p 00008000 08:01 14426510                   /usr/lib/x86_64-linux-gnu/libXrender.so.1.3.0
7f5ea21a8000-7f5ea21a9000 rw-p 00009000 08:01 14426510                   /usr/lib/x86_64-linux-gnu/libXrender.so.1.3.0
7f5ea21a9000-7f5ea22de000 r-xp 00000000 08:01 14426473                   /usr/lib/x86_64-linux-gnu/libX11.so.6.3.0
7f5ea22de000-7f5ea24de000 ---p 00135000 08:01 14426473                   /usr/lib/x86_64-linux-gnu/libX11.so.6.3.0
7f5ea24de000-7f5ea24df000 r--p 00135000 08:01 14426473                   /usr/lib/x86_64-linux-gnu/libX11.so.6.3.0
7f5ea24df000-7f5ea24e3000 rw-p 00136000 08:01 14426473                   /usr/lib/x86_64-linux-gnu/libX11.so.6.3.0
7f5ea24e3000-7f5ea24f4000 r-xp 00000000 08:01 14426490                   /usr/lib/x86_64-linux-gnu/libXext.so.6.4.0
7f5ea24f4000-7f5ea26f3000 ---p 00011000 08:01 14426490                   /usr/lib/x86_64-linux-gnu/libXext.so.6.4.0
7f5ea26f3000-7f5ea26f4000 r--p 00010000 08:01 14426490                   /usr/lib/x86_64-linux-gnu/libXext.so.6.4.0
7f5ea26f4000-7f5ea26f5000 rw-p 00011000 08:01 14426490                   /usr/lib/x86_64-linux-gnu/libXext.so.6.4.0
7f5ea26f5000-7f5ea274c000 r-xp 00000000 08:01 14955767                   /usr/lib/jvm/java-9-openjdk-amd64/lib/amd64/libawt_xawt.so
7f5ea274c000-7f5ea294c000 ---p 00057000 08:01 14955767                   /usr/lib/jvm/java-9-openjdk-amd64/lib/amd64/libawt_xawt.so
7f5ea294c000-7f5ea294d000 r--p 00057000 08:01 14955767                   /usr/lib/jvm/java-9-openjdk-amd64/lib/amd64/libawt_xawt.so
7f5ea294d000-7f5ea2950000 rw-p 00058000 08:01 14955767                   /usr/lib/jvm/java-9-openjdk-amd64/lib/amd64/libawt_xawt.so
7f5ea2950000-7f5ea2951000 rw-p 00000000 00:00 0 
7f5ea2951000-7f5ea29f1000 r-xp 00000000 08:01 14955741                   /usr/lib/jvm/java-9-openjdk-amd64/lib/amd64/libawt.so
7f5ea29f1000-7f5ea2bf0000 ---p 000a0000 08:01 14955741                   /usr/lib/jvm/java-9-openjdk-amd64/lib/amd64/libawt.so
7f5ea2bf0000-7f5ea2bf1000 r--p 0009f000 08:01 14955741                   /usr/lib/jvm/java-9-openjdk-amd64/lib/amd64/libawt.so
7f5ea2bf1000-7f5ea2bfc000 rw-p 000a0000 08:01 14955741                   /usr/lib/jvm/java-9-openjdk-amd64/lib/amd64/libawt.so
7f5ea2bfc000-7f5ea2c21000 rw-p 00000000 00:00 0 
7f5ea2c21000-7f5ea2c22000 ---p 00000000 00:00 0 
7f5ea2c22000-7f5ea2d22000 rw-p 00000000 00:00 0 
7f5ea2d22000-7f5ea2d26000 ---p 00000000 00:00 0 
7f5ea2d26000-7f5ea2e23000 rw-p 00000000 00:00 0 
7f5ea2e23000-7f5ea2e27000 ---p 00000000 00:00 0 
7f5ea2e27000-7f5ea2f24000 rw-p 00000000 00:00 0 
7f5ea2f24000-7f5ea2f3a000 r-xp 00000000 08:01 14955743                   /usr/lib/jvm/java-9-openjdk-amd64/lib/amd64/libnet.so
7f5ea2f3a000-7f5ea3139000 ---p 00016000 08:01 14955743                   /usr/lib/jvm/java-9-openjdk-amd64/lib/amd64/libnet.so
7f5ea3139000-7f5ea313a000 r--p 00015000 08:01 14955743                   /usr/lib/jvm/java-9-openjdk-amd64/lib/amd64/libnet.so
7f5ea313a000-7f5ea313b000 rw-p 00016000 08:01 14955743                   /usr/lib/jvm/java-9-openjdk-amd64/lib/amd64/libnet.so
7f5ea313b000-7f5ea314c000 r-xp 00000000 08:01 14955768                   /usr/lib/jvm/java-9-openjdk-amd64/lib/amd64/libnio.so
7f5ea314c000-7f5ea334c000 ---p 00011000 08:01 14955768                   /usr/lib/jvm/java-9-openjdk-amd64/lib/amd64/libnio.so
7f5ea334c000-7f5ea334d000 r--p 00011000 08:01 14955768                   /usr/lib/jvm/java-9-openjdk-amd64/lib/amd64/libnio.so
7f5ea334d000-7f5ea334e000 rw-p 00012000 08:01 14955768                   /usr/lib/jvm/java-9-openjdk-amd64/lib/amd64/libnio.so
7f5ea334e000-7f5ea3352000 ---p 00000000 00:00 0 
7f5ea3352000-7f5ea344f000 rw-p 00000000 00:00 0 
7f5ea344f000-7f5ea3453000 ---p 00000000 00:00 0 
7f5ea3453000-7f5ea3550000 rw-p 00000000 00:00 0 
7f5ea3550000-7f5ea3554000 ---p 00000000 00:00 0 
7f5ea3554000-7f5ea3651000 rw-p 00000000 00:00 0 
7f5ea3651000-7f5ea3655000 ---p 00000000 00:00 0 
7f5ea3655000-7f5ea3752000 rw-p 00000000 00:00 0 
7f5ea3752000-7f5ea3756000 ---p 00000000 00:00 0 
7f5ea3756000-7f5ea3853000 rw-p 00000000 00:00 0 
7f5ea3853000-7f5ea3857000 ---p 00000000 00:00 0 
7f5ea3857000-7f5ea3954000 rw-p 00000000 00:00 0 
7f5ea3954000-7f5ea3c2c000 r--p 00000000 08:01 14419427                   /usr/lib/locale/locale-archive
7f5ea3c2c000-7f5ea3c30000 ---p 00000000 00:00 0 
7f5ea3c30000-7f5ea3d2d000 rw-p 00000000 00:00 0 
7f5ea3d2d000-7f5ea3d31000 ---p 00000000 00:00 0 
7f5ea3d31000-7f5ea3e2e000 rw-p 00000000 00:00 0 
7f5ea3e2e000-7f5ea3e2f000 ---p 00000000 00:00 0 
7f5ea3e2f000-7f5ea4000000 rw-p 00000000 00:00 0 
7f5ea4000000-7f5ea4021000 rw-p 00000000 00:00 0 
7f5ea4021000-7f5ea8000000 ---p 00000000 00:00 0 
7f5ea8032000-7f5ea885a000 rw-p 00000000 00:00 0 
7f5ea885a000-7f5eaaa30000 rw-p 00000000 00:00 0 
7f5eaaa30000-7f5eac000000 ---p 00000000 00:00 0 
7f5eac000000-7f5eac021000 rw-p 00000000 00:00 0 
7f5eac021000-7f5eb0000000 ---p 00000000 00:00 0 
7f5eb0000000-7f5eb0021000 rw-p 00000000 00:00 0 
7f5eb0021000-7f5eb4000000 ---p 00000000 00:00 0 
7f5eb4000000-7f5eb4021000 rw-p 00000000 00:00 0 
7f5eb4021000-7f5eb8000000 ---p 00000000 00:00 0 
7f5eb8000000-7f5eb8021000 rw-p 00000000 00:00 0 
7f5eb8021000-7f5ebc000000 ---p 00000000 00:00 0 
7f5ebc000000-7f5ebc021000 rw-p 00000000 00:00 0 
7f5ebc021000-7f5ec0000000 ---p 00000000 00:00 0 
7f5ec0000000-7f5ec0021000 rw-p 00000000 00:00 0 
7f5ec0021000-7f5ec4000000 ---p 00000000 00:00 0 
7f5ec4000000-7f5ec4021000 rw-p 00000000 00:00 0 
7f5ec4021000-7f5ec8000000 ---p 00000000 00:00 0 
7f5ec8000000-7f5ec8021000 rw-p 00000000 00:00 0 
7f5ec8021000-7f5ecc000000 ---p 00000000 00:00 0 
7f5ecc000000-7f5ecc021000 rw-p 00000000 00:00 0 
7f5ecc021000-7f5ed0000000 ---p 00000000 00:00 0 
7f5ed0004000-7f5ed0408000 rw-p 00000000 00:00 0 
7f5ed0408000-7f5ed0409000 ---p 00000000 00:00 0 
7f5ed0409000-7f5ed0681000 rw-p 00000000 00:00 0 
7f5ed0681000-7f5ed1c51000 ---p 00000000 00:00 0 
7f5ed1c51000-7f5ed1ec1000 rwxp 00000000 00:00 0 
7f5ed1ec1000-7f5ed21e1000 ---p 00000000 00:00 0 
7f5ed21e1000-7f5ed2451000 rwxp 00000000 00:00 0 
7f5ed2451000-7f5ed9719000 ---p 00000000 00:00 0 
7f5ed9719000-7f5ed9989000 rwxp 00000000 00:00 0 
7f5ed9989000-7f5ee0c51000 ---p 00000000 00:00 0 
7f5ee0c51000-7f5ee8000000 r--s 00000000 08:01 14955727                   /usr/lib/jvm/java-9-openjdk-amd64/lib/modules
7f5ee8000000-7f5ee836b000 rw-p 00000000 00:00 0 
7f5ee836b000-7f5eec000000 ---p 00000000 00:00 0 
7f5eec027000-7f5eec0e3000 rw-p 00000000 00:00 0 
7f5eec0e3000-7f5eec0e4000 ---p 00000000 00:00 0 
7f5eec0e4000-7f5eec213000 rw-p 00000000 00:00 0 
7f5eec213000-7f5eec4cd000 ---p 00000000 00:00 0 
7f5eec4cd000-7f5eec4fc000 rw-p 00000000 00:00 0 
7f5eec4fc000-7f5eeca9f000 ---p 00000000 00:00 0 
7f5eeca9f000-7f5eecace000 rw-p 00000000 00:00 0 
7f5eecace000-7f5eecd88000 ---p 00000000 00:00 0 
7f5eecd88000-7f5eecd89000 ---p 00000000 00:00 0 
7f5eecd89000-7f5eece89000 rw-p 00000000 00:00 0 
7f5eece89000-7f5eece8a000 ---p 00000000 00:00 0 
7f5eece8a000-7f5eecf8a000 rw-p 00000000 00:00 0 
7f5eecf8a000-7f5eecf8b000 ---p 00000000 00:00 0 
7f5eecf8b000-7f5eed08b000 rw-p 00000000 00:00 0 
7f5eed08b000-7f5eed08c000 ---p 00000000 00:00 0 
7f5eed08c000-7f5eed18c000 rw-p 00000000 00:00 0 
7f5eed18c000-7f5eed18d000 ---p 00000000 00:00 0 
7f5eed18d000-7f5eed691000 rw-p 00000000 00:00 0 
7f5eed691000-7f5eed692000 ---p 00000000 00:00 0 
7f5eed692000-7f5eed792000 rw-p 00000000 00:00 0 
7f5eed792000-7f5eed793000 ---p 00000000 00:00 0 
7f5eed793000-7f5eed893000 rw-p 00000000 00:00 0 
7f5eed893000-7f5eed894000 ---p 00000000 00:00 0 
7f5eed894000-7f5eed994000 rw-p 00000000 00:00 0 
7f5eed994000-7f5eed995000 ---p 00000000 00:00 0 
7f5eed995000-7f5eeda9a000 rw-p 00000000 00:00 0 
7f5eeda9a000-7f5eedb80000 ---p 00000000 00:00 0 
7f5eedb80000-7f5eedb85000 rw-p 00000000 00:00 0 
7f5eedb85000-7f5eedc6b000 ---p 00000000 00:00 0 
7f5eedc6b000-7f5eedc70000 r-xp 00000000 08:01 14955757                   /usr/lib/jvm/java-9-openjdk-amd64/lib/amd64/libjimage.so
7f5eedc70000-7f5eede6f000 ---p 00005000 08:01 14955757                   /usr/lib/jvm/java-9-openjdk-amd64/lib/amd64/libjimage.so
7f5eede6f000-7f5eede70000 r--p 00004000 08:01 14955757                   /usr/lib/jvm/java-9-openjdk-amd64/lib/amd64/libjimage.so
7f5eede70000-7f5eede71000 rw-p 00005000 08:01 14955757                   /usr/lib/jvm/java-9-openjdk-amd64/lib/amd64/libjimage.so
7f5eede71000-7f5eede78000 r-xp 00000000 08:01 14955753                   /usr/lib/jvm/java-9-openjdk-amd64/lib/amd64/libzip.so
7f5eede78000-7f5eee077000 ---p 00007000 08:01 14955753                   /usr/lib/jvm/java-9-openjdk-amd64/lib/amd64/libzip.so
7f5eee077000-7f5eee078000 r--p 00006000 08:01 14955753                   /usr/lib/jvm/java-9-openjdk-amd64/lib/amd64/libzip.so
7f5eee078000-7f5eee079000 rw-p 00007000 08:01 14955753                   /usr/lib/jvm/java-9-openjdk-amd64/lib/amd64/libzip.so
7f5eee079000-7f5eee084000 r-xp 00000000 08:01 4849746                    /lib/x86_64-linux-gnu/libnss_files-2.23.so
7f5eee084000-7f5eee283000 ---p 0000b000 08:01 4849746                    /lib/x86_64-linux-gnu/libnss_files-2.23.so
7f5eee283000-7f5eee284000 r--p 0000a000 08:01 4849746                    /lib/x86_64-linux-gnu/libnss_files-2.23.so
7f5eee284000-7f5eee285000 rw-p 0000b000 08:01 4849746                    /lib/x86_64-linux-gnu/libnss_files-2.23.so
7f5eee285000-7f5eee28b000 rw-p 00000000 00:00 0 
7f5eee28b000-7f5eee296000 r-xp 00000000 08:01 4849749                    /lib/x86_64-linux-gnu/libnss_nis-2.23.so
7f5eee296000-7f5eee495000 ---p 0000b000 08:01 4849749                    /lib/x86_64-linux-gnu/libnss_nis-2.23.so
7f5eee495000-7f5eee496000 r--p 0000a000 08:01 4849749                    /lib/x86_64-linux-gnu/libnss_nis-2.23.so
7f5eee496000-7f5eee497000 rw-p 0000b000 08:01 4849749                    /lib/x86_64-linux-gnu/libnss_nis-2.23.so
7f5eee497000-7f5eee4ad000 r-xp 00000000 08:01 4849669                    /lib/x86_64-linux-gnu/libnsl-2.23.so
7f5eee4ad000-7f5eee6ac000 ---p 00016000 08:01 4849669                    /lib/x86_64-linux-gnu/libnsl-2.23.so
7f5eee6ac000-7f5eee6ad000 r--p 00015000 08:01 4849669                    /lib/x86_64-linux-gnu/libnsl-2.23.so
7f5eee6ad000-7f5eee6ae000 rw-p 00016000 08:01 4849669                    /lib/x86_64-linux-gnu/libnsl-2.23.so
7f5eee6ae000-7f5eee6b0000 rw-p 00000000 00:00 0 
7f5eee6b0000-7f5eee6b8000 r-xp 00000000 08:01 4849755                    /lib/x86_64-linux-gnu/libnss_compat-2.23.so
7f5eee6b8000-7f5eee8b7000 ---p 00008000 08:01 4849755                    /lib/x86_64-linux-gnu/libnss_compat-2.23.so
7f5eee8b7000-7f5eee8b8000 r--p 00007000 08:01 4849755                    /lib/x86_64-linux-gnu/libnss_compat-2.23.so
7f5eee8b8000-7f5eee8b9000 rw-p 00008000 08:01 4849755                    /lib/x86_64-linux-gnu/libnss_compat-2.23.so
7f5eee8b9000-7f5eee8e4000 r-xp 00000000 08:01 14955736                   /usr/lib/jvm/java-9-openjdk-amd64/lib/amd64/libjava.so
7f5eee8e4000-7f5eeeae3000 ---p 0002b000 08:01 14955736                   /usr/lib/jvm/java-9-openjdk-amd64/lib/amd64/libjava.so
7f5eeeae3000-7f5eeeae4000 r--p 0002a000 08:01 14955736                   /usr/lib/jvm/java-9-openjdk-amd64/lib/amd64/libjava.so
7f5eeeae4000-7f5eeeae6000 rw-p 0002b000 08:01 14955736                   /usr/lib/jvm/java-9-openjdk-amd64/lib/amd64/libjava.so
7f5eeeae6000-7f5eeeaf3000 r-xp 00000000 08:01 14955737                   /usr/lib/jvm/java-9-openjdk-amd64/lib/amd64/libverify.so
7f5eeeaf3000-7f5eeecf2000 ---p 0000d000 08:01 14955737                   /usr/lib/jvm/java-9-openjdk-amd64/lib/amd64/libverify.so
7f5eeecf2000-7f5eeecf4000 r--p 0000c000 08:01 14955737                   /usr/lib/jvm/java-9-openjdk-amd64/lib/amd64/libverify.so
7f5eeecf4000-7f5eeecf5000 rw-p 0000e000 08:01 14955737                   /usr/lib/jvm/java-9-openjdk-amd64/lib/amd64/libverify.so
7f5eeecf5000-7f5eeecfc000 r-xp 00000000 08:01 4849751                    /lib/x86_64-linux-gnu/librt-2.23.so
7f5eeecfc000-7f5eeeefb000 ---p 00007000 08:01 4849751                    /lib/x86_64-linux-gnu/librt-2.23.so
7f5eeeefb000-7f5eeeefc000 r--p 00006000 08:01 4849751                    /lib/x86_64-linux-gnu/librt-2.23.so
7f5eeeefc000-7f5eeeefd000 rw-p 00007000 08:01 4849751                    /lib/x86_64-linux-gnu/librt-2.23.so
7f5eeeefd000-7f5eeef13000 r-xp 00000000 08:01 4854223                    /lib/x86_64-linux-gnu/libgcc_s.so.1
7f5eeef13000-7f5eef112000 ---p 00016000 08:01 4854223                    /lib/x86_64-linux-gnu/libgcc_s.so.1
7f5eef112000-7f5eef113000 rw-p 00015000 08:01 4854223                    /lib/x86_64-linux-gnu/libgcc_s.so.1
7f5eef113000-7f5eef21b000 r-xp 00000000 08:01 4849760                    /lib/x86_64-linux-gnu/libm-2.23.so
7f5eef21b000-7f5eef41a000 ---p 00108000 08:01 4849760                    /lib/x86_64-linux-gnu/libm-2.23.so
7f5eef41a000-7f5eef41b000 r--p 00107000 08:01 4849760                    /lib/x86_64-linux-gnu/libm-2.23.so
7f5eef41b000-7f5eef41c000 rw-p 00108000 08:01 4849760                    /lib/x86_64-linux-gnu/libm-2.23.so
7f5eef41c000-7f5eef58e000 r-xp 00000000 08:01 14427630                   /usr/lib/x86_64-linux-gnu/libstdc++.so.6.0.21
7f5eef58e000-7f5eef78e000 ---p 00172000 08:01 14427630                   /usr/lib/x86_64-linux-gnu/libstdc++.so.6.0.21
7f5eef78e000-7f5eef798000 r--p 00172000 08:01 14427630                   /usr/lib/x86_64-linux-gnu/libstdc++.so.6.0.21
7f5eef798000-7f5eef79a000 rw-p 0017c000 08:01 14427630                   /usr/lib/x86_64-linux-gnu/libstdc++.so.6.0.21
7f5eef79a000-7f5eef79e000 rw-p 00000000 00:00 0 
7f5eef79e000-7f5ef05fc000 r-xp 00000000 08:01 14955750                   /usr/lib/jvm/java-9-openjdk-amd64/lib/amd64/server/libjvm.so
7f5ef05fc000-7f5ef07fc000 ---p 00e5e000 08:01 14955750                   /usr/lib/jvm/java-9-openjdk-amd64/lib/amd64/server/libjvm.so
7f5ef07fc000-7f5ef08ae000 r--p 00e5e000 08:01 14955750                   /usr/lib/jvm/java-9-openjdk-amd64/lib/amd64/server/libjvm.so
7f5ef08ae000-7f5ef08e0000 rw-p 00f10000 08:01 14955750                   /usr/lib/jvm/java-9-openjdk-amd64/lib/amd64/server/libjvm.so
7f5ef08e0000-7f5ef0925000 rw-p 00000000 00:00 0 
7f5ef0925000-7f5ef093d000 r-xp 00000000 08:01 4849748                    /lib/x86_64-linux-gnu/libpthread-2.23.so
7f5ef093d000-7f5ef0b3c000 ---p 00018000 08:01 4849748                    /lib/x86_64-linux-gnu/libpthread-2.23.so
7f5ef0b3c000-7f5ef0b3d000 r--p 00017000 08:01 4849748                    /lib/x86_64-linux-gnu/libpthread-2.23.so
7f5ef0b3d000-7f5ef0b3e000 rw-p 00018000 08:01 4849748                    /lib/x86_64-linux-gnu/libpthread-2.23.so
7f5ef0b3e000-7f5ef0b42000 rw-p 00000000 00:00 0 
7f5ef0b42000-7f5ef0b45000 r-xp 00000000 08:01 4849754                    /lib/x86_64-linux-gnu/libdl-2.23.so
7f5ef0b45000-7f5ef0d44000 ---p 00003000 08:01 4849754                    /lib/x86_64-linux-gnu/libdl-2.23.so
7f5ef0d44000-7f5ef0d45000 r--p 00002000 08:01 4849754                    /lib/x86_64-linux-gnu/libdl-2.23.so
7f5ef0d45000-7f5ef0d46000 rw-p 00003000 08:01 4849754                    /lib/x86_64-linux-gnu/libdl-2.23.so
7f5ef0d46000-7f5ef0d5f000 r-xp 00000000 08:01 4854160                    /lib/x86_64-linux-gnu/libz.so.1.2.8
7f5ef0d5f000-7f5ef0f5e000 ---p 00019000 08:01 4854160                    /lib/x86_64-linux-gnu/libz.so.1.2.8
7f5ef0f5e000-7f5ef0f5f000 r--p 00018000 08:01 4854160                    /lib/x86_64-linux-gnu/libz.so.1.2.8
7f5ef0f5f000-7f5ef0f60000 rw-p 00019000 08:01 4854160                    /lib/x86_64-linux-gnu/libz.so.1.2.8
7f5ef0f60000-7f5ef1120000 r-xp 00000000 08:01 4854204                    /lib/x86_64-linux-gnu/libc-2.23.so
7f5ef1120000-7f5ef1320000 ---p 001c0000 08:01 4854204                    /lib/x86_64-linux-gnu/libc-2.23.so
7f5ef1320000-7f5ef1324000 r--p 001c0000 08:01 4854204                    /lib/x86_64-linux-gnu/libc-2.23.so
7f5ef1324000-7f5ef1326000 rw-p 001c4000 08:01 4854204                    /lib/x86_64-linux-gnu/libc-2.23.so
7f5ef1326000-7f5ef132a000 rw-p 00000000 00:00 0 
7f5ef132a000-7f5ef1338000 r-xp 00000000 08:01 18090157                   /usr/lib/jvm/java-9-openjdk-amd64/lib/amd64/jli/libjli.so
7f5ef1338000-7f5ef1537000 ---p 0000e000 08:01 18090157                   /usr/lib/jvm/java-9-openjdk-amd64/lib/amd64/jli/libjli.so
7f5ef1537000-7f5ef1538000 r--p 0000d000 08:01 18090157                   /usr/lib/jvm/java-9-openjdk-amd64/lib/amd64/jli/libjli.so
7f5ef1538000-7f5ef1539000 rw-p 0000e000 08:01 18090157                   /usr/lib/jvm/java-9-openjdk-amd64/lib/amd64/jli/libjli.so
7f5ef1539000-7f5ef155f000 r-xp 00000000 08:01 4849678                    /lib/x86_64-linux-gnu/ld-2.23.so
7f5ef1575000-7f5ef1631000 rw-p 00000000 00:00 0 
7f5ef1631000-7f5ef1635000 ---p 00000000 00:00 0 
7f5ef1635000-7f5ef1737000 rw-p 00000000 00:00 0 
7f5ef1746000-7f5ef174b000 rw-p 00000000 00:00 0 
7f5ef174b000-7f5ef1752000 ---p 00000000 00:00 0 
7f5ef1752000-7f5ef175a000 rw-s 00000000 08:01 13631499                   /tmp/hsperfdata_andrew/2306
7f5ef175a000-7f5ef175b000 rw-p 00000000 00:00 0 
7f5ef175b000-7f5ef175c000 r--p 00000000 00:00 0 
7f5ef175c000-7f5ef175e000 rw-p 00000000 00:00 0 
7f5ef175e000-7f5ef175f000 r--p 00025000 08:01 4849678                    /lib/x86_64-linux-gnu/ld-2.23.so
7f5ef175f000-7f5ef1760000 rw-p 00026000 08:01 4849678                    /lib/x86_64-linux-gnu/ld-2.23.so
7f5ef1760000-7f5ef1761000 rw-p 00000000 00:00 0 
7ffe9a971000-7ffe9a992000 rw-p 00000000 00:00 0                          [stack]
7ffe9a999000-7ffe9a99b000 r--p 00000000 00:00 0                          [vvar]
7ffe9a99b000-7ffe9a99d000 r-xp 00000000 00:00 0                          [vdso]
ffffffffff600000-ffffffffff601000 r-xp 00000000 00:00 0                  [vsyscall]

VM Arguments:
java_command: MyCustomFrameViewer
java_class_path (initial): .
Launcher Type: SUN_STANDARD

Environment Variables:
PATH=/home/andrew/anaconda3/bin:/home/andrew/bin:/home/andrew/.local/bin:/home/andrew/anaconda3/bin:/usr/local/sbin:/usr/local/bin:/usr/sbin:/usr/bin:/sbin:/bin:/usr/games:/usr/local/games:/snap/bin
USERNAME=andrew
SHELL=/bin/bash
DISPLAY=:1

Signal Handlers:
SIGSEGV: [libjvm.so+0xc12c20], sa_mask[0]=11111111011111111101111111111110, sa_flags=SA_RESTART|SA_SIGINFO
SIGBUS: [libjvm.so+0xc12c20], sa_mask[0]=11111111011111111101111111111110, sa_flags=SA_RESTART|SA_SIGINFO
SIGFPE: [libjvm.so+0xc12c20], sa_mask[0]=11111111011111111101111111111110, sa_flags=SA_RESTART|SA_SIGINFO
SIGPIPE: [libjvm.so+0xa3b600], sa_mask[0]=11111111011111111101111111111110, sa_flags=SA_RESTART|SA_SIGINFO
SIGXFSZ: [libjvm.so+0xa3b600], sa_mask[0]=11111111011111111101111111111110, sa_flags=SA_RESTART|SA_SIGINFO
SIGILL: [libjvm.so+0xc12c20], sa_mask[0]=11111111011111111101111111111110, sa_flags=SA_RESTART|SA_SIGINFO
SIGUSR2: [libjvm.so+0xa3b4a0], sa_mask[0]=00000000000000000000000000000000, sa_flags=SA_RESTART|SA_SIGINFO
SIGHUP: [libjvm.so+0xa3b870], sa_mask[0]=11111111011111111101111111111110, sa_flags=SA_RESTART|SA_SIGINFO
SIGINT: [libjvm.so+0xa3b870], sa_mask[0]=11111111011111111101111111111110, sa_flags=SA_RESTART|SA_SIGINFO
SIGTERM: [libjvm.so+0xa3b870], sa_mask[0]=11111111011111111101111111111110, sa_flags=SA_RESTART|SA_SIGINFO
SIGQUIT: [libjvm.so+0xa3b870], sa_mask[0]=11111111011111111101111111111110, sa_flags=SA_RESTART|SA_SIGINFO


---------------  S Y S T E M  ---------------

OS:DISTRIB_ID=Ubuntu
DISTRIB_RELEASE=16.04
DISTRIB_CODENAME=xenial
DISTRIB_DESCRIPTION="Ubuntu 16.04.3 LTS"
uname:Linux 4.10.0-35-generic #39~16.04.1-Ubuntu SMP Wed Sep 13 09:02:42 UTC 2017 x86_64
libc:glibc 2.23 NPTL 2.23 
rlimit: STACK 8192k, CORE 0k, NPROC 23650, NOFILE 1048576, AS infinity
load average:2.61 1.52 0.60

/proc/meminfo:
MemTotal:        6098444 kB
MemFree:         4505448 kB
MemAvailable:    4861852 kB
Buffers:           62608 kB
Cached:           505284 kB
SwapCached:            0 kB
Active:          1051668 kB
Inactive:         328552 kB
Active(anon):     813892 kB
Inactive(anon):    17492 kB
Active(file):     237776 kB
Inactive(file):   311060 kB
Unevictable:         104 kB
Mlocked:             104 kB
SwapTotal:       6280188 kB
SwapFree:        6280188 kB
Dirty:               820 kB
Writeback:             0 kB
AnonPages:        790692 kB
Mapped:           244048 kB
Shmem:             18704 kB
Slab:              77668 kB
SReclaimable:      39816 kB
SUnreclaim:        37852 kB
KernelStack:        8320 kB
PageTables:        30336 kB
NFS_Unstable:          0 kB
Bounce:                0 kB
WritebackTmp:          0 kB
CommitLimit:     9329408 kB
Committed_AS:    4002496 kB
VmallocTotal:   34359738367 kB
VmallocUsed:           0 kB
VmallocChunk:          0 kB
HardwareCorrupted:     0 kB
AnonHugePages:    102400 kB
ShmemHugePages:        0 kB
ShmemPmdMapped:        0 kB
CmaTotal:              0 kB
CmaFree:               0 kB
HugePages_Total:       0
HugePages_Free:        0
HugePages_Rsvd:        0
HugePages_Surp:        0
Hugepagesize:       2048 kB
DirectMap4k:      162172 kB
DirectMap2M:     6119424 kB


CPU:total 4 (2 cores per cpu, 2 threads per core) family 6 model 37 stepping 5, cmov, cx8, fxsr, mmx, sse, sse2, sse3, ssse3, sse4.1, sse4.2, popcnt, aes, clmul, ht, tsc, tscinvbit

CPU Model and flags from /proc/cpuinfo:
model name	: Intel(R) Core(TM) i5 CPU       M 520  @ 2.40GHz
flags		: fpu vme de pse tsc msr pae mce cx8 apic sep mtrr pge mca cmov pat pse36 clflush dts acpi mmx fxsr sse sse2 ss ht tm pbe syscall nx rdtscp lm constant_tsc arch_perfmon pebs bts rep_good nopl xtopology nonstop_tsc aperfmperf pni pclmulqdq dtes64 monitor ds_cpl vmx smx est tm2 ssse3 cx16 xtpr pdcm pcid sse4_1 sse4_2 popcnt aes lahf_lm tpr_shadow vnmi flexpriority ept vpid dtherm ida arat

Memory: 4k page, physical 6098444k(4505448k free), swap 6280188k(6280188k free)

vm_info: OpenJDK 64-Bit Server VM (9-internal+0-2016-04-14-195246.buildd.src) for linux-amd64 JRE (9-internal+0-2016-04-14-195246.buildd.src), built on Apr 14 2016 20:05:37 by "buildd" with gcc 5.3.1 20160413

END.
