#
# A fatal error has been detected by the Java Runtime Environment:
#
#  SIGSEGV (0xb) at pc=0x00007fb58d53e009, pid=3171, tid=3172
#
# JRE version: OpenJDK Runtime Environment (9.0) (build 9-internal+0-2016-04-14-195246.buildd.src)
# Java VM: OpenJDK 64-Bit Server VM (9-internal+0-2016-04-14-195246.buildd.src, mixed mode, tiered, compressed oops, g1 gc, linux-amd64)
# Problematic frame:
# C  [libjava.so+0x1d009]  JNU_GetEnv+0x19
#
# Core dump will be written. Default location: Core dumps may be processed with "/usr/share/apport/apport %p %s %c %P" (or dumping to /home/andrew/CSE205/gui_review/core.3171)
#
# If you would like to submit a bug report, please visit:
#   http://bugreport.java.com/bugreport/crash.jsp
# The crash happened outside the Java Virtual Machine in native code.
# See problematic frame for where to report the bug.
#

---------------  S U M M A R Y ------------

Command Line: MyCustomFrameViewer

Host: Intel(R) Core(TM) i5 CPU       M 520  @ 2.40GHz, 4 cores, 5G, Ubuntu 16.04.3 LTS
Time: Wed Sep 27 20:21:03 2017 MST elapsed time: 0 seconds (0d 0h 0m 0s)

---------------  T H R E A D  ---------------

Current thread (0x00007fb588010800):  JavaThread "main" [_thread_in_native, id=3172, stack(0x00007fb590299000,0x00007fb59039a000)]

Stack: [0x00007fb590299000,0x00007fb59039a000],  sp=0x00007fb590396f60,  free space=1015k
Native frames: (J=compiled Java code, j=interpreted, Vv=VM code, C=native code)
C  [libjava.so+0x1d009]  JNU_GetEnv+0x19
C  [libfontmanager.so+0x33f8e]
C  [libfreetype.so.6+0x14d2b]  FT_Stream_Seek+0x1b

Java frames: (J=compiled Java code, j=interpreted, Vv=VM code)
j  sun.font.FreetypeFontScaler.initNativeScaler(Lsun/font/Font2D;IIZI)J+0 java.desktop@9-internal
j  sun.font.FreetypeFontScaler.<init>(Lsun/font/Font2D;IZI)V+26 java.desktop@9-internal
v  ~StubRoutines::call_stub
j  sun.reflect.NativeConstructorAccessorImpl.newInstance0(Ljava/lang/reflect/Constructor;[Ljava/lang/Object;)Ljava/lang/Object;+0 java.base@9-internal
j  sun.reflect.NativeConstructorAccessorImpl.newInstance([Ljava/lang/Object;)Ljava/lang/Object;+85 java.base@9-internal
j  sun.reflect.DelegatingConstructorAccessorImpl.newInstance([Ljava/lang/Object;)Ljava/lang/Object;+5 java.base@9-internal
j  java.lang.reflect.Constructor.newInstance([Ljava/lang/Object;)Ljava/lang/Object;+65 java.base@9-internal
j  sun.font.FontScaler.getScaler(Lsun/font/Font2D;IZI)Lsun/font/FontScaler;+39 java.desktop@9-internal
j  sun.font.TrueTypeFont.getScaler()Lsun/font/FontScaler;+21 java.desktop@9-internal
j  sun.font.FileFontStrike.<init>(Lsun/font/FileFont;Lsun/font/FontStrikeDesc;)V+204 java.desktop@9-internal
j  sun.font.FileFont.createStrike(Lsun/font/FontStrikeDesc;)Lsun/font/FontStrike;+18 java.desktop@9-internal
j  sun.font.Font2D.getStrike(Lsun/font/FontStrikeDesc;Z)Lsun/font/FontStrike;+92 java.desktop@9-internal
j  sun.font.Font2D.getStrike(Lsun/font/FontStrikeDesc;)Lsun/font/FontStrike;+3 java.desktop@9-internal
j  sun.font.CompositeStrike.getStrikeForSlot(I)Lsun/font/PhysicalStrike;+23 java.desktop@9-internal
j  sun.font.CompositeStrike.getFontMetrics()Lsun/font/StrikeMetrics;+31 java.desktop@9-internal
j  sun.font.FontDesignMetrics.initMatrixAndMetrics()V+28 java.desktop@9-internal
j  sun.font.FontDesignMetrics.<init>(Ljava/awt/Font;Ljava/awt/font/FontRenderContext;)V+62 java.desktop@9-internal
j  sun.font.FontDesignMetrics.getMetrics(Ljava/awt/Font;Ljava/awt/font/FontRenderContext;)Lsun/font/FontDesignMetrics;+128 java.desktop@9-internal
j  sun.swing.SwingUtilities2.getFontMetrics(Ljavax/swing/JComponent;Ljava/awt/Font;)Ljava/awt/FontMetrics;+15 java.desktop@9-internal
j  javax.swing.JComponent.getFontMetrics(Ljava/awt/Font;)Ljava/awt/FontMetrics;+2 java.desktop@9-internal
j  javax.swing.plaf.basic.BasicGraphicsUtils.getPreferredButtonSize(Ljavax/swing/AbstractButton;I)Ljava/awt/Dimension;+28 java.desktop@9-internal
j  javax.swing.plaf.basic.BasicButtonUI.getPreferredSize(Ljavax/swing/JComponent;)Ljava/awt/Dimension;+10 java.desktop@9-internal
j  javax.swing.JComponent.getPreferredSize()Ljava/awt/Dimension;+26 java.desktop@9-internal
j  java.awt.FlowLayout.layoutContainer(Ljava/awt/Container;)V+127 java.desktop@9-internal
j  java.awt.Container.layout()V+11 java.desktop@9-internal
j  java.awt.Container.doLayout()V+1 java.desktop@9-internal
j  java.awt.Container.validateTree()V+47 java.desktop@9-internal
j  java.awt.Container.validateTree()V+110 java.desktop@9-internal
j  java.awt.Container.validateTree()V+110 java.desktop@9-internal
j  java.awt.Container.validateTree()V+110 java.desktop@9-internal
j  java.awt.Container.validateTree()V+110 java.desktop@9-internal
j  java.awt.Container.validate()V+60 java.desktop@9-internal
j  java.awt.Container.validateUnconditionally()V+14 java.desktop@9-internal
j  java.awt.Window.show()V+12 java.desktop@9-internal
j  java.awt.Component.show(Z)V+5 java.desktop@9-internal
j  java.awt.Component.setVisible(Z)V+2 java.desktop@9-internal
j  java.awt.Window.setVisible(Z)V+2 java.desktop@9-internal
j  MyCustomFrameViewer.main([Ljava/lang/String;)V+81
v  ~StubRoutines::call_stub

siginfo: si_signo: 11 (SIGSEGV), si_code: 1 (SEGV_MAPERR), si_addr: 0x0000000000000000

Register to memory mapping:

RAX=0x0000000000000000 is an unknown value
RBX=0x0000000000000000 is an unknown value
RCX=0x0000000000000000 is an unknown value
RDX=0x0000000000010002 is an unknown value
RSP=0x00007fb590396f60 is pointing into the stack for thread: 0x00007fb588010800
RBP=0x00007fb590396f70 is pointing into the stack for thread: 0x00007fb588010800
RSI=0x0000000000010002 is an unknown value
RDI=0x0000000000000000 is an unknown value
R8 =0x0000000000000000 is an unknown value
R9 =0x0000000000391000 is an unknown value
R10=0x00000000000001db is an unknown value
R11=0x00007fb58d53dff0: JNU_GetEnv+0x0000000000000000 in /usr/lib/jvm/java-9-openjdk-amd64/lib/amd64/libjava.so at 0x00007fb58d521000
R12=0x00007fb588390b40 is an unknown value
R13=0x0000000000000000 is an unknown value
R14=0x0000000000000000 is an unknown value
R15=0x00007fb588390ba0 is an unknown value


Registers:
RAX=0x0000000000000000, RBX=0x0000000000000000, RCX=0x0000000000000000, RDX=0x0000000000010002
RSP=0x00007fb590396f60, RBP=0x00007fb590396f70, RSI=0x0000000000010002, RDI=0x0000000000000000
R8 =0x0000000000000000, R9 =0x0000000000391000, R10=0x00000000000001db, R11=0x00007fb58d53dff0
R12=0x00007fb588390b40, R13=0x0000000000000000, R14=0x0000000000000000, R15=0x00007fb588390ba0
RIP=0x00007fb58d53e009, EFLAGS=0x0000000000010246, CSGSFS=0x002b000000000033, ERR=0x0000000000000004
  TRAPNO=0x000000000000000e

Top of Stack: (sp=0x00007fb590396f60)
0x00007fb590396f60:   0000000000000000 11468c16a143ff00
0x00007fb590396f70:   00007fb590396fb0 00007fb514d68f8e
0x00007fb590396f80:   00007fb588000078 00007fb588390b40
0x00007fb590396f90:   0000000000000000 0000000000000000
0x00007fb590396fa0:   00007fb588390b40 00007fb588390ba0
0x00007fb590396fb0:   0000000000000000 00007fb514a9fd2b
0x00007fb590396fc0:   0000000000000000 00007fb514d31d80
0x00007fb590396fd0:   0000000000000000 00007fb514ab38e0
0x00007fb590396fe0:   0000000000000002 0000003200000008
0x00007fb590396ff0:   0000000000000000 0000000000000000
0x00007fb590397000:   0000006e0000005b 0000000000000000
0x00007fb590397010:   0000000000000000 0000007c00000077
0x00007fb590397020:   635365766974614e 1e70780072656c61
0x00007fb590397030:   000000006974614e 0000000000656c61
0x00007fb590397040:   2d066d1e70780072 00007fb588000020
0x00007fb590397050:   0000000000000070 00007fb590397104
0x00007fb590397060:   00007fb58838be50 00007fb588390ba0
0x00007fb590397070:   00007fb590397104 00007fb58fc4c184
0x00007fb590397080:   00007fb514d36120 00007fb5903970b4
0x00007fb590397090:   00007fb514d2e9e0 11468c16a143ff00
0x00007fb5903970a0:   0000000000000070 00007fb58838bf10
0x00007fb5903970b0:   00007fb514d2e9e0 00007fb5903971c8
0x00007fb5903970c0:   00007fb58838be50 00007fb588390ba0
0x00007fb5903970d0:   00007fb5883910d0 00007fb514aa24c2
0x00007fb5903970e0:   0000000100000000 00007fb5903971d0
0x00007fb5903970f0:   0000000000000000 0000000000000000
0x00007fb590397100:   00000000903971c8 11468c16a143ff00
0x00007fb590397110:   00007fb58838bf10 00007fb5903971d0
0x00007fb590397120:   0000000000000000 00007fb58838ff08
0x00007fb590397130:   00007fb5903973d0 00007fb58838fe68
0x00007fb590397140:   00007fb58838be50 00007fb514aa4581
0x00007fb590397150:   00007fb5903971d0 00007fb514aa4376 

Instructions: (pc=0x00007fb58d53e009)
0x00007fb58d53dfe9:   ff eb ea 0f 1f 40 00 55 89 f2 48 89 e5 48 83 ec
0x00007fb58d53dff9:   10 64 48 8b 04 25 28 00 00 00 48 89 45 f8 31 c0
0x00007fb58d53e009:   48 8b 07 48 8d 75 f0 ff 50 30 48 8b 4d f8 64 48
0x00007fb58d53e019:   33 0c 25 28 00 00 00 48 8b 45 f0 75 02 c9 c3 e8 


---------------  P R O C E S S  ---------------

Java Threads: ( => current thread )
  0x00007fb588372000 JavaThread "AWT-Shutdown" [_thread_blocked, id=3198, stack(0x00007fb514054000,0x00007fb514155000)]
  0x00007fb58831a800 JavaThread "AWT-XAWT" daemon [_thread_in_native, id=3197, stack(0x00007fb514355000,0x00007fb514456000)]
  0x00007fb5882f6000 JavaThread "Java2D Disposer" daemon [_thread_blocked, id=3196, stack(0x00007fb54000d000,0x00007fb54010e000)]
  0x00007fb588222800 JavaThread "Service Thread" daemon [_thread_blocked, id=3194, stack(0x00007fb5418d3000,0x00007fb5419d4000)]
  0x00007fb58816c800 JavaThread "Common-Cleaner" daemon [_thread_blocked, id=3193, stack(0x00007fb5419d4000,0x00007fb541ad5000)]
  0x00007fb58813d000 JavaThread "Sweeper thread" daemon [_thread_blocked, id=3192, stack(0x00007fb541eff000,0x00007fb542000000)]
  0x00007fb58813b000 JavaThread "C1 CompilerThread2" daemon [_thread_blocked, id=3191, stack(0x00007fb548092000,0x00007fb548193000)]
  0x00007fb588139000 JavaThread "C2 CompilerThread1" daemon [_thread_blocked, id=3190, stack(0x00007fb548193000,0x00007fb548294000)]
  0x00007fb588137800 JavaThread "C2 CompilerThread0" daemon [_thread_in_native, id=3189, stack(0x00007fb548294000,0x00007fb548395000)]
  0x00007fb588133000 JavaThread "Signal Dispatcher" daemon [_thread_blocked, id=3188, stack(0x00007fb548395000,0x00007fb548496000)]
  0x00007fb588131000 JavaThread "Surrogate Locker Thread (Concurrent GC)" daemon [_thread_blocked, id=3187, stack(0x00007fb548496000,0x00007fb548597000)]
  0x00007fb58811f800 JavaThread "Finalizer" daemon [_thread_blocked, id=3186, stack(0x00007fb54886f000,0x00007fb548970000)]
  0x00007fb58811b800 JavaThread "Reference Handler" daemon [_thread_blocked, id=3185, stack(0x00007fb57006f000,0x00007fb570170000)]
=>0x00007fb588010800 JavaThread "main" [_thread_in_native, id=3172, stack(0x00007fb590299000,0x00007fb59039a000)]

Other Threads:
  0x00007fb588111800 VMThread [stack: 0x00007fb570170000,0x00007fb570271000] [id=3184]
  0x00007fb588225800 WatcherThread [stack: 0x00007fb5417d2000,0x00007fb5418d3000] [id=3195]

Threads with active compile tasks:
C2 CompilerThread0 504       4       java.util.Properties::loadConvert (505 bytes)

VM state:not at safepoint (normal execution)

VM Mutex/Monitor currently owned by a thread: None

heap address: 0x00000000a2e00000, size: 1490 MB, Compressed Oops mode: 32-bit
Narrow klass base: 0x0000000000000000, Narrow klass shift: 3
Compressed class space size: 1073741824 Address: 0x0000000100000000

Heap:
 garbage-first heap   total 96256K, used 5120K [0x00000000a2e00000, 0x00000000a2f002f0, 0x0000000100000000)
  region size 1024K, 6 young (6144K), 0 survivors (0K)
 Metaspace       used 10344K, capacity 10680K, committed 10752K, reserved 1058816K
  class space    used 1138K, capacity 1260K, committed 1280K, reserved 1048576K

Heap Regions: E=young(eden), S=young(survivor), O=old, HS=humongous(starts), HC=humongous(continues), CS=collection set, F=free, A=archive, TS=gc time stamp, AC=allocation context, TAMS=top-at-mark-start (previous, next)
|   0|0x00000000a2e00000, 0x00000000a2e00000, 0x00000000a2f00000|  0%| F|  |TS  0|AC  0|TAMS 0x00000000a2e00000, 0x00000000a2e00000|
|   1|0x00000000a2f00000, 0x00000000a2f00000, 0x00000000a3000000|  0%| F|  |TS  0|AC  0|TAMS 0x00000000a2f00000, 0x00000000a2f00000|
|   2|0x00000000a3000000, 0x00000000a3000000, 0x00000000a3100000|  0%| F|  |TS  0|AC  0|TAMS 0x00000000a3000000, 0x00000000a3000000|
|   3|0x00000000a3100000, 0x00000000a3100000, 0x00000000a3200000|  0%| F|  |TS  0|AC  0|TAMS 0x00000000a3100000, 0x00000000a3100000|
|   4|0x00000000a3200000, 0x00000000a3200000, 0x00000000a3300000|  0%| F|  |TS  0|AC  0|TAMS 0x00000000a3200000, 0x00000000a3200000|
|   5|0x00000000a3300000, 0x00000000a3300000, 0x00000000a3400000|  0%| F|  |TS  0|AC  0|TAMS 0x00000000a3300000, 0x00000000a3300000|
|   6|0x00000000a3400000, 0x00000000a3400000, 0x00000000a3500000|  0%| F|  |TS  0|AC  0|TAMS 0x00000000a3400000, 0x00000000a3400000|
|   7|0x00000000a3500000, 0x00000000a3500000, 0x00000000a3600000|  0%| F|  |TS  0|AC  0|TAMS 0x00000000a3500000, 0x00000000a3500000|
|   8|0x00000000a3600000, 0x00000000a3600000, 0x00000000a3700000|  0%| F|  |TS  0|AC  0|TAMS 0x00000000a3600000, 0x00000000a3600000|
|   9|0x00000000a3700000, 0x00000000a3700000, 0x00000000a3800000|  0%| F|  |TS  0|AC  0|TAMS 0x00000000a3700000, 0x00000000a3700000|
|  10|0x00000000a3800000, 0x00000000a3800000, 0x00000000a3900000|  0%| F|  |TS  0|AC  0|TAMS 0x00000000a3800000, 0x00000000a3800000|
|  11|0x00000000a3900000, 0x00000000a3900000, 0x00000000a3a00000|  0%| F|  |TS  0|AC  0|TAMS 0x00000000a3900000, 0x00000000a3900000|
|  12|0x00000000a3a00000, 0x00000000a3a00000, 0x00000000a3b00000|  0%| F|  |TS  0|AC  0|TAMS 0x00000000a3a00000, 0x00000000a3a00000|
|  13|0x00000000a3b00000, 0x00000000a3b00000, 0x00000000a3c00000|  0%| F|  |TS  0|AC  0|TAMS 0x00000000a3b00000, 0x00000000a3b00000|
|  14|0x00000000a3c00000, 0x00000000a3c00000, 0x00000000a3d00000|  0%| F|  |TS  0|AC  0|TAMS 0x00000000a3c00000, 0x00000000a3c00000|
|  15|0x00000000a3d00000, 0x00000000a3d00000, 0x00000000a3e00000|  0%| F|  |TS  0|AC  0|TAMS 0x00000000a3d00000, 0x00000000a3d00000|
|  16|0x00000000a3e00000, 0x00000000a3e00000, 0x00000000a3f00000|  0%| F|  |TS  0|AC  0|TAMS 0x00000000a3e00000, 0x00000000a3e00000|
|  17|0x00000000a3f00000, 0x00000000a3f00000, 0x00000000a4000000|  0%| F|  |TS  0|AC  0|TAMS 0x00000000a3f00000, 0x00000000a3f00000|
|  18|0x00000000a4000000, 0x00000000a4000000, 0x00000000a4100000|  0%| F|  |TS  0|AC  0|TAMS 0x00000000a4000000, 0x00000000a4000000|
|  19|0x00000000a4100000, 0x00000000a4100000, 0x00000000a4200000|  0%| F|  |TS  0|AC  0|TAMS 0x00000000a4100000, 0x00000000a4100000|
|  20|0x00000000a4200000, 0x00000000a4200000, 0x00000000a4300000|  0%| F|  |TS  0|AC  0|TAMS 0x00000000a4200000, 0x00000000a4200000|
|  21|0x00000000a4300000, 0x00000000a4300000, 0x00000000a4400000|  0%| F|  |TS  0|AC  0|TAMS 0x00000000a4300000, 0x00000000a4300000|
|  22|0x00000000a4400000, 0x00000000a4400000, 0x00000000a4500000|  0%| F|  |TS  0|AC  0|TAMS 0x00000000a4400000, 0x00000000a4400000|
|  23|0x00000000a4500000, 0x00000000a4500000, 0x00000000a4600000|  0%| F|  |TS  0|AC  0|TAMS 0x00000000a4500000, 0x00000000a4500000|
|  24|0x00000000a4600000, 0x00000000a4600000, 0x00000000a4700000|  0%| F|  |TS  0|AC  0|TAMS 0x00000000a4600000, 0x00000000a4600000|
|  25|0x00000000a4700000, 0x00000000a4700000, 0x00000000a4800000|  0%| F|  |TS  0|AC  0|TAMS 0x00000000a4700000, 0x00000000a4700000|
|  26|0x00000000a4800000, 0x00000000a4800000, 0x00000000a4900000|  0%| F|  |TS  0|AC  0|TAMS 0x00000000a4800000, 0x00000000a4800000|
|  27|0x00000000a4900000, 0x00000000a4900000, 0x00000000a4a00000|  0%| F|  |TS  0|AC  0|TAMS 0x00000000a4900000, 0x00000000a4900000|
|  28|0x00000000a4a00000, 0x00000000a4a00000, 0x00000000a4b00000|  0%| F|  |TS  0|AC  0|TAMS 0x00000000a4a00000, 0x00000000a4a00000|
|  29|0x00000000a4b00000, 0x00000000a4b00000, 0x00000000a4c00000|  0%| F|  |TS  0|AC  0|TAMS 0x00000000a4b00000, 0x00000000a4b00000|
|  30|0x00000000a4c00000, 0x00000000a4c00000, 0x00000000a4d00000|  0%| F|  |TS  0|AC  0|TAMS 0x00000000a4c00000, 0x00000000a4c00000|
|  31|0x00000000a4d00000, 0x00000000a4d00000, 0x00000000a4e00000|  0%| F|  |TS  0|AC  0|TAMS 0x00000000a4d00000, 0x00000000a4d00000|
|  32|0x00000000a4e00000, 0x00000000a4e00000, 0x00000000a4f00000|  0%| F|  |TS  0|AC  0|TAMS 0x00000000a4e00000, 0x00000000a4e00000|
|  33|0x00000000a4f00000, 0x00000000a4f00000, 0x00000000a5000000|  0%| F|  |TS  0|AC  0|TAMS 0x00000000a4f00000, 0x00000000a4f00000|
|  34|0x00000000a5000000, 0x00000000a5000000, 0x00000000a5100000|  0%| F|  |TS  0|AC  0|TAMS 0x00000000a5000000, 0x00000000a5000000|
|  35|0x00000000a5100000, 0x00000000a5100000, 0x00000000a5200000|  0%| F|  |TS  0|AC  0|TAMS 0x00000000a5100000, 0x00000000a5100000|
|  36|0x00000000a5200000, 0x00000000a5200000, 0x00000000a5300000|  0%| F|  |TS  0|AC  0|TAMS 0x00000000a5200000, 0x00000000a5200000|
|  37|0x00000000a5300000, 0x00000000a5300000, 0x00000000a5400000|  0%| F|  |TS  0|AC  0|TAMS 0x00000000a5300000, 0x00000000a5300000|
|  38|0x00000000a5400000, 0x00000000a5400000, 0x00000000a5500000|  0%| F|  |TS  0|AC  0|TAMS 0x00000000a5400000, 0x00000000a5400000|
|  39|0x00000000a5500000, 0x00000000a5500000, 0x00000000a5600000|  0%| F|  |TS  0|AC  0|TAMS 0x00000000a5500000, 0x00000000a5500000|
|  40|0x00000000a5600000, 0x00000000a5600000, 0x00000000a5700000|  0%| F|  |TS  0|AC  0|TAMS 0x00000000a5600000, 0x00000000a5600000|
|  41|0x00000000a5700000, 0x00000000a5700000, 0x00000000a5800000|  0%| F|  |TS  0|AC  0|TAMS 0x00000000a5700000, 0x00000000a5700000|
|  42|0x00000000a5800000, 0x00000000a5800000, 0x00000000a5900000|  0%| F|  |TS  0|AC  0|TAMS 0x00000000a5800000, 0x00000000a5800000|
|  43|0x00000000a5900000, 0x00000000a5900000, 0x00000000a5a00000|  0%| F|  |TS  0|AC  0|TAMS 0x00000000a5900000, 0x00000000a5900000|
|  44|0x00000000a5a00000, 0x00000000a5a00000, 0x00000000a5b00000|  0%| F|  |TS  0|AC  0|TAMS 0x00000000a5a00000, 0x00000000a5a00000|
|  45|0x00000000a5b00000, 0x00000000a5b00000, 0x00000000a5c00000|  0%| F|  |TS  0|AC  0|TAMS 0x00000000a5b00000, 0x00000000a5b00000|
|  46|0x00000000a5c00000, 0x00000000a5c00000, 0x00000000a5d00000|  0%| F|  |TS  0|AC  0|TAMS 0x00000000a5c00000, 0x00000000a5c00000|
|  47|0x00000000a5d00000, 0x00000000a5d00000, 0x00000000a5e00000|  0%| F|  |TS  0|AC  0|TAMS 0x00000000a5d00000, 0x00000000a5d00000|
|  48|0x00000000a5e00000, 0x00000000a5e00000, 0x00000000a5f00000|  0%| F|  |TS  0|AC  0|TAMS 0x00000000a5e00000, 0x00000000a5e00000|
|  49|0x00000000a5f00000, 0x00000000a5f00000, 0x00000000a6000000|  0%| F|  |TS  0|AC  0|TAMS 0x00000000a5f00000, 0x00000000a5f00000|
|  50|0x00000000a6000000, 0x00000000a6000000, 0x00000000a6100000|  0%| F|  |TS  0|AC  0|TAMS 0x00000000a6000000, 0x00000000a6000000|
|  51|0x00000000a6100000, 0x00000000a6100000, 0x00000000a6200000|  0%| F|  |TS  0|AC  0|TAMS 0x00000000a6100000, 0x00000000a6100000|
|  52|0x00000000a6200000, 0x00000000a6200000, 0x00000000a6300000|  0%| F|  |TS  0|AC  0|TAMS 0x00000000a6200000, 0x00000000a6200000|
|  53|0x00000000a6300000, 0x00000000a6300000, 0x00000000a6400000|  0%| F|  |TS  0|AC  0|TAMS 0x00000000a6300000, 0x00000000a6300000|
|  54|0x00000000a6400000, 0x00000000a6400000, 0x00000000a6500000|  0%| F|  |TS  0|AC  0|TAMS 0x00000000a6400000, 0x00000000a6400000|
|  55|0x00000000a6500000, 0x00000000a6500000, 0x00000000a6600000|  0%| F|  |TS  0|AC  0|TAMS 0x00000000a6500000, 0x00000000a6500000|
|  56|0x00000000a6600000, 0x00000000a6600000, 0x00000000a6700000|  0%| F|  |TS  0|AC  0|TAMS 0x00000000a6600000, 0x00000000a6600000|
|  57|0x00000000a6700000, 0x00000000a6700000, 0x00000000a6800000|  0%| F|  |TS  0|AC  0|TAMS 0x00000000a6700000, 0x00000000a6700000|
|  58|0x00000000a6800000, 0x00000000a6800000, 0x00000000a6900000|  0%| F|  |TS  0|AC  0|TAMS 0x00000000a6800000, 0x00000000a6800000|
|  59|0x00000000a6900000, 0x00000000a6900000, 0x00000000a6a00000|  0%| F|  |TS  0|AC  0|TAMS 0x00000000a6900000, 0x00000000a6900000|
|  60|0x00000000a6a00000, 0x00000000a6a00000, 0x00000000a6b00000|  0%| F|  |TS  0|AC  0|TAMS 0x00000000a6a00000, 0x00000000a6a00000|
|  61|0x00000000a6b00000, 0x00000000a6b00000, 0x00000000a6c00000|  0%| F|  |TS  0|AC  0|TAMS 0x00000000a6b00000, 0x00000000a6b00000|
|  62|0x00000000a6c00000, 0x00000000a6c00000, 0x00000000a6d00000|  0%| F|  |TS  0|AC  0|TAMS 0x00000000a6c00000, 0x00000000a6c00000|
|  63|0x00000000a6d00000, 0x00000000a6d00000, 0x00000000a6e00000|  0%| F|  |TS  0|AC  0|TAMS 0x00000000a6d00000, 0x00000000a6d00000|
|  64|0x00000000a6e00000, 0x00000000a6e00000, 0x00000000a6f00000|  0%| F|  |TS  0|AC  0|TAMS 0x00000000a6e00000, 0x00000000a6e00000|
|  65|0x00000000a6f00000, 0x00000000a6f00000, 0x00000000a7000000|  0%| F|  |TS  0|AC  0|TAMS 0x00000000a6f00000, 0x00000000a6f00000|
|  66|0x00000000a7000000, 0x00000000a7000000, 0x00000000a7100000|  0%| F|  |TS  0|AC  0|TAMS 0x00000000a7000000, 0x00000000a7000000|
|  67|0x00000000a7100000, 0x00000000a7100000, 0x00000000a7200000|  0%| F|  |TS  0|AC  0|TAMS 0x00000000a7100000, 0x00000000a7100000|
|  68|0x00000000a7200000, 0x00000000a7200000, 0x00000000a7300000|  0%| F|  |TS  0|AC  0|TAMS 0x00000000a7200000, 0x00000000a7200000|
|  69|0x00000000a7300000, 0x00000000a7300000, 0x00000000a7400000|  0%| F|  |TS  0|AC  0|TAMS 0x00000000a7300000, 0x00000000a7300000|
|  70|0x00000000a7400000, 0x00000000a7400000, 0x00000000a7500000|  0%| F|  |TS  0|AC  0|TAMS 0x00000000a7400000, 0x00000000a7400000|
|  71|0x00000000a7500000, 0x00000000a7500000, 0x00000000a7600000|  0%| F|  |TS  0|AC  0|TAMS 0x00000000a7500000, 0x00000000a7500000|
|  72|0x00000000a7600000, 0x00000000a7600000, 0x00000000a7700000|  0%| F|  |TS  0|AC  0|TAMS 0x00000000a7600000, 0x00000000a7600000|
|  73|0x00000000a7700000, 0x00000000a7700000, 0x00000000a7800000|  0%| F|  |TS  0|AC  0|TAMS 0x00000000a7700000, 0x00000000a7700000|
|  74|0x00000000a7800000, 0x00000000a7800000, 0x00000000a7900000|  0%| F|  |TS  0|AC  0|TAMS 0x00000000a7800000, 0x00000000a7800000|
|  75|0x00000000a7900000, 0x00000000a7900000, 0x00000000a7a00000|  0%| F|  |TS  0|AC  0|TAMS 0x00000000a7900000, 0x00000000a7900000|
|  76|0x00000000a7a00000, 0x00000000a7a00000, 0x00000000a7b00000|  0%| F|  |TS  0|AC  0|TAMS 0x00000000a7a00000, 0x00000000a7a00000|
|  77|0x00000000a7b00000, 0x00000000a7b00000, 0x00000000a7c00000|  0%| F|  |TS  0|AC  0|TAMS 0x00000000a7b00000, 0x00000000a7b00000|
|  78|0x00000000a7c00000, 0x00000000a7c00000, 0x00000000a7d00000|  0%| F|  |TS  0|AC  0|TAMS 0x00000000a7c00000, 0x00000000a7c00000|
|  79|0x00000000a7d00000, 0x00000000a7d00000, 0x00000000a7e00000|  0%| F|  |TS  0|AC  0|TAMS 0x00000000a7d00000, 0x00000000a7d00000|
|  80|0x00000000a7e00000, 0x00000000a7e00000, 0x00000000a7f00000|  0%| F|  |TS  0|AC  0|TAMS 0x00000000a7e00000, 0x00000000a7e00000|
|  81|0x00000000a7f00000, 0x00000000a7f00000, 0x00000000a8000000|  0%| F|  |TS  0|AC  0|TAMS 0x00000000a7f00000, 0x00000000a7f00000|
|  82|0x00000000a8000000, 0x00000000a8000000, 0x00000000a8100000|  0%| F|  |TS  0|AC  0|TAMS 0x00000000a8000000, 0x00000000a8000000|
|  83|0x00000000a8100000, 0x00000000a8100000, 0x00000000a8200000|  0%| F|  |TS  0|AC  0|TAMS 0x00000000a8100000, 0x00000000a8100000|
|  84|0x00000000a8200000, 0x00000000a8200000, 0x00000000a8300000|  0%| F|  |TS  0|AC  0|TAMS 0x00000000a8200000, 0x00000000a8200000|
|  85|0x00000000a8300000, 0x00000000a8300000, 0x00000000a8400000|  0%| F|  |TS  0|AC  0|TAMS 0x00000000a8300000, 0x00000000a8300000|
|  86|0x00000000a8400000, 0x00000000a8400000, 0x00000000a8500000|  0%| F|  |TS  0|AC  0|TAMS 0x00000000a8400000, 0x00000000a8400000|
|  87|0x00000000a8500000, 0x00000000a8500000, 0x00000000a8600000|  0%| F|  |TS  0|AC  0|TAMS 0x00000000a8500000, 0x00000000a8500000|
|  88|0x00000000a8600000, 0x00000000a868fec0, 0x00000000a8700000| 56%| E|  |TS  0|AC  0|TAMS 0x00000000a8600000, 0x00000000a8600000|
|  89|0x00000000a8700000, 0x00000000a8800000, 0x00000000a8800000|100%| E|CS|TS  0|AC  0|TAMS 0x00000000a8700000, 0x00000000a8700000|
|  90|0x00000000a8800000, 0x00000000a8900000, 0x00000000a8900000|100%| E|CS|TS  0|AC  0|TAMS 0x00000000a8800000, 0x00000000a8800000|
|  91|0x00000000a8900000, 0x00000000a8a00000, 0x00000000a8a00000|100%| E|CS|TS  0|AC  0|TAMS 0x00000000a8900000, 0x00000000a8900000|
|  92|0x00000000a8a00000, 0x00000000a8b00000, 0x00000000a8b00000|100%| E|CS|TS  0|AC  0|TAMS 0x00000000a8a00000, 0x00000000a8a00000|
|  93|0x00000000a8b00000, 0x00000000a8c00000, 0x00000000a8c00000|100%| E|CS|TS  0|AC  0|TAMS 0x00000000a8b00000, 0x00000000a8b00000|

Card table byte_map: [0x00007fb570c8f000,0x00007fb570f78000] byte_map_base: 0x00007fb570778000

Marking Bits (Prev, Next): (CMBitMap*) 0x00007fb5880561e0, (CMBitMap*) 0x00007fb588056238
 Prev Bits: [0x00007fb54a8b8000, 0x00007fb54c000000)
 Next Bits: [0x00007fb549170000, 0x00007fb54a8b8000)

Polling page: 0x00007fb5903c3000

CodeHeap 'non-nmethods': size=5696Kb used=1248Kb max_used=1254Kb free=4447Kb
 bounds [0x00007fb571c51000, 0x00007fb571ec1000, 0x00007fb5721e1000]
CodeHeap 'profiled nmethods': size=120032Kb used=806Kb max_used=806Kb free=119225Kb
 bounds [0x00007fb5721e1000, 0x00007fb572451000, 0x00007fb579719000]
CodeHeap 'non-profiled nmethods': size=120032Kb used=158Kb max_used=158Kb free=119873Kb
 bounds [0x00007fb579719000, 0x00007fb579989000, 0x00007fb580c51000]
 total_blobs=1154 nmethods=523 adapters=422
 compilation: enabled

Compilation events (10 events):
Event: 0.446 Thread 0x00007fb58813b000 nmethod 521 0x00007fb5722a6810 code [0x00007fb5722a69c0, 0x00007fb5722a6f08]
Event: 0.446 Thread 0x00007fb58813b000  522       3       java.util.Collections$UnmodifiableCollection::size (10 bytes)
Event: 0.446 Thread 0x00007fb58813b000 nmethod 522 0x00007fb5722a7110 code [0x00007fb5722a72a0, 0x00007fb5722a74c8]
Event: 0.446 Thread 0x00007fb58813b000  523       3       java.lang.String::startsWith (7 bytes)
Event: 0.446 Thread 0x00007fb58813b000 nmethod 523 0x00007fb5722a7590 code [0x00007fb5722a7720, 0x00007fb5722a7928]
Event: 0.448 Thread 0x00007fb588139000 nmethod 515 0x00007fb579740390 code [0x00007fb579740500, 0x00007fb5797408d8]
Event: 0.452 Thread 0x00007fb58813b000  524       3       java.nio.HeapByteBuffer::_get (7 bytes)
Event: 0.452 Thread 0x00007fb58813b000 nmethod 524 0x00007fb5722a7a10 code [0x00007fb5722a7b80, 0x00007fb5722a7cf0]
Event: 0.453 Thread 0x00007fb58813b000  525   !   3       java.lang.StringCoding::decode (167 bytes)
Event: 0.455 Thread 0x00007fb58813b000 nmethod 525 0x00007fb5722a7e10 code [0x00007fb5722a81a0, 0x00007fb5722a9e28]

GC Heap History (0 events):
No events

Deoptimization events (9 events):
Event: 0.089 Thread 0x00007fb588010800 Uncommon trap: reason=unstable_if action=reinterpret pc=0x00007fb57971b64c method=java.lang.String.hashCode()I @ 12
Event: 0.262 Thread 0x00007fb588010800 Uncommon trap: reason=unstable_if action=reinterpret pc=0x00007fb5797221d0 method=java.lang.StringLatin1.replace([BCC)Ljava/lang/String; @ 19
Event: 0.279 Thread 0x00007fb588010800 Uncommon trap: reason=class_check action=maybe_recompile pc=0x00007fb5797236e4 method=java.util.HashMap.putVal(ILjava/lang/Object;Ljava/lang/Object;ZZ)Ljava/lang/Object; @ 91
Event: 0.356 Thread 0x00007fb588010800 Uncommon trap: reason=unstable_if action=reinterpret pc=0x00007fb579724a50 method=java.util.HashMap.hash(Ljava/lang/Object;)I @ 1
Event: 0.357 Thread 0x00007fb588010800 Uncommon trap: reason=unstable_fused_if action=reinterpret pc=0x00007fb579733c9c method=java.util.HashMap.resize()[Ljava/util/HashMap$Node; @ 31
Event: 0.378 Thread 0x00007fb588010800 Uncommon trap: reason=class_check action=maybe_recompile pc=0x00007fb5797231ac method=java.util.HashMap.putVal(ILjava/lang/Object;Ljava/lang/Object;ZZ)Ljava/lang/Object; @ 253
Event: 0.378 Thread 0x00007fb588010800 Uncommon trap: reason=class_check action=maybe_recompile pc=0x00007fb5797231ac method=java.util.HashMap.putVal(ILjava/lang/Object;Ljava/lang/Object;ZZ)Ljava/lang/Object; @ 253
Event: 0.379 Thread 0x00007fb588010800 Uncommon trap: reason=class_check action=maybe_recompile pc=0x00007fb5797231ac method=java.util.HashMap.putVal(ILjava/lang/Object;Ljava/lang/Object;ZZ)Ljava/lang/Object; @ 253
Event: 0.381 Thread 0x00007fb588010800 Uncommon trap: reason=unstable_fused_if action=reinterpret pc=0x00007fb57972eddc method=jdk.internal.org.objectweb.asm.ByteVector.putUTF8(Ljava/lang/String;)Ljdk/internal/org/objectweb/asm/ByteVector; @ 91

Classes redefined (0 events):
No events

Internal exceptions (6 events):
Event: 0.192 Thread 0x00007fb588010800 Exception <a 'java/lang/ClassNotFoundException': sun/awt/resources/awtProvider> (0x00000000a8956760) thrown at [/build/openjdk-9-argm_o/openjdk-9-9~b114/src/hotspot/src/share/vm/classfile/systemDictionary.cpp, line 224]
Event: 0.209 Thread 0x00007fb588010800 Exception <a 'java/io/FileNotFoundException'> (0x00000000a8996038) thrown at [/build/openjdk-9-argm_o/openjdk-9-9~b114/src/hotspot/src/share/vm/prims/jni.cpp, line 605]
Event: 0.210 Thread 0x00007fb588010800 Exception <a 'java/io/FileNotFoundException'> (0x00000000a899e078) thrown at [/build/openjdk-9-argm_o/openjdk-9-9~b114/src/hotspot/src/share/vm/prims/jni.cpp, line 605]
Event: 0.345 Thread 0x00007fb588010800 Exception <a 'java/lang/ClassNotFoundException': com/sun/swing/internal/plaf/metal/resources/metalProvider> (0x00000000a8763478) thrown at [/build/openjdk-9-argm_o/openjdk-9-9~b114/src/hotspot/src/share/vm/classfile/systemDictionary.cpp, line 224]
Event: 0.346 Thread 0x00007fb588010800 Exception <a 'java/lang/ClassNotFoundException': com/sun/swing/internal/plaf/basic/resources/basicProvider> (0x00000000a8766ad8) thrown at [/build/openjdk-9-argm_o/openjdk-9-9~b114/src/hotspot/src/share/vm/classfile/systemDictionary.cpp, line 224]
Event: 0.356 Thread 0x00007fb588010800 Implicit null exception at 0x00007fb5797249b8 to 0x00007fb579724a46

Events (10 events):
Event: 0.453 loading class sun/nio/cs/UTF_16$Decoder
Event: 0.453 loading class sun/nio/cs/UnicodeDecoder
Event: 0.453 loading class sun/nio/cs/UnicodeDecoder done
Event: 0.453 loading class sun/nio/cs/UTF_16$Decoder done
Event: 0.454 loading class sun/font/FileFontStrike
Event: 0.454 loading class sun/font/FileFontStrike done
Event: 0.454 loading class sun/font/FontScaler
Event: 0.454 loading class sun/font/FontScaler done
Event: 0.455 loading class sun/font/FreetypeFontScaler
Event: 0.455 loading class sun/font/FreetypeFontScaler done


Dynamic libraries:
00400000-00401000 r-xp 00000000 08:01 14955722                           /usr/lib/jvm/java-9-openjdk-amd64/bin/java
00600000-00601000 r--p 00000000 08:01 14955722                           /usr/lib/jvm/java-9-openjdk-amd64/bin/java
00601000-00602000 rw-p 00001000 08:01 14955722                           /usr/lib/jvm/java-9-openjdk-amd64/bin/java
02410000-02431000 rw-p 00000000 00:00 0                                  [heap]
a2e00000-a8c00000 rw-p 00000000 00:00 0 
a8c00000-100000000 ---p 00000000 00:00 0 
100000000-100140000 rw-p 00000000 00:00 0 
100140000-140000000 ---p 00000000 00:00 0 
7fb4f8000000-7fb4f8021000 rw-p 00000000 00:00 0 
7fb4f8021000-7fb4fc000000 ---p 00000000 00:00 0 
7fb500000000-7fb500021000 rw-p 00000000 00:00 0 
7fb500021000-7fb504000000 ---p 00000000 00:00 0 
7fb504000000-7fb504021000 rw-p 00000000 00:00 0 
7fb504021000-7fb508000000 ---p 00000000 00:00 0 
7fb508000000-7fb508021000 rw-p 00000000 00:00 0 
7fb508021000-7fb50c000000 ---p 00000000 00:00 0 
7fb50c000000-7fb50c021000 rw-p 00000000 00:00 0 
7fb50c021000-7fb510000000 ---p 00000000 00:00 0 
7fb510000000-7fb510021000 rw-p 00000000 00:00 0 
7fb510021000-7fb514000000 ---p 00000000 00:00 0 
7fb514054000-7fb514058000 ---p 00000000 00:00 0 
7fb514058000-7fb514295000 rw-p 00000000 00:00 0 
7fb514295000-7fb514355000 ---p 00000000 00:00 0 
7fb514355000-7fb514359000 ---p 00000000 00:00 0 
7fb514359000-7fb514456000 rw-p 00000000 00:00 0 
7fb514456000-7fb51445b000 r-xp 00000000 08:01 14426492                   /usr/lib/x86_64-linux-gnu/libXfixes.so.3.1.0
7fb51445b000-7fb51465a000 ---p 00005000 08:01 14426492                   /usr/lib/x86_64-linux-gnu/libXfixes.so.3.1.0
7fb51465a000-7fb51465b000 r--p 00004000 08:01 14426492                   /usr/lib/x86_64-linux-gnu/libXfixes.so.3.1.0
7fb51465b000-7fb51465c000 rw-p 00005000 08:01 14426492                   /usr/lib/x86_64-linux-gnu/libXfixes.so.3.1.0
7fb51465c000-7fb514665000 r-xp 00000000 08:01 14426484                   /usr/lib/x86_64-linux-gnu/libXcursor.so.1.0.2
7fb514665000-7fb514864000 ---p 00009000 08:01 14426484                   /usr/lib/x86_64-linux-gnu/libXcursor.so.1.0.2
7fb514864000-7fb514865000 r--p 00008000 08:01 14426484                   /usr/lib/x86_64-linux-gnu/libXcursor.so.1.0.2
7fb514865000-7fb514866000 rw-p 00009000 08:01 14426484                   /usr/lib/x86_64-linux-gnu/libXcursor.so.1.0.2
7fb514866000-7fb51488a000 r-xp 00000000 08:01 4854325                    /lib/x86_64-linux-gnu/libpng12.so.0.54.0
7fb51488a000-7fb514a89000 ---p 00024000 08:01 4854325                    /lib/x86_64-linux-gnu/libpng12.so.0.54.0
7fb514a89000-7fb514a8a000 r--p 00023000 08:01 4854325                    /lib/x86_64-linux-gnu/libpng12.so.0.54.0
7fb514a8a000-7fb514a8b000 rw-p 00024000 08:01 4854325                    /lib/x86_64-linux-gnu/libpng12.so.0.54.0
7fb514a8b000-7fb514b2f000 r-xp 00000000 08:01 14420469                   /usr/lib/x86_64-linux-gnu/libfreetype.so.6.12.1
7fb514b2f000-7fb514d2e000 ---p 000a4000 08:01 14420469                   /usr/lib/x86_64-linux-gnu/libfreetype.so.6.12.1
7fb514d2e000-7fb514d34000 r--p 000a3000 08:01 14420469                   /usr/lib/x86_64-linux-gnu/libfreetype.so.6.12.1
7fb514d34000-7fb514d35000 rw-p 000a9000 08:01 14420469                   /usr/lib/x86_64-linux-gnu/libfreetype.so.6.12.1
7fb514d35000-7fb514dfb000 r-xp 00000000 08:01 14955742                   /usr/lib/jvm/java-9-openjdk-amd64/lib/amd64/libfontmanager.so
7fb514dfb000-7fb514ffa000 ---p 000c6000 08:01 14955742                   /usr/lib/jvm/java-9-openjdk-amd64/lib/amd64/libfontmanager.so
7fb514ffa000-7fb514ffd000 r--p 000c5000 08:01 14955742                   /usr/lib/jvm/java-9-openjdk-amd64/lib/amd64/libfontmanager.so
7fb514ffd000-7fb514ffe000 rw-p 000c8000 08:01 14955742                   /usr/lib/jvm/java-9-openjdk-amd64/lib/amd64/libfontmanager.so
7fb514ffe000-7fb518000000 rw-p 00000000 00:00 0 
7fb518000000-7fb5180f9000 rw-p 00000000 00:00 0 
7fb5180f9000-7fb51c000000 ---p 00000000 00:00 0 
7fb51c000000-7fb51c021000 rw-p 00000000 00:00 0 
7fb51c021000-7fb520000000 ---p 00000000 00:00 0 
7fb520000000-7fb520200000 rw-p 00000000 00:00 0 
7fb520200000-7fb524000000 ---p 00000000 00:00 0 
7fb524000000-7fb524188000 rw-p 00000000 00:00 0 
7fb524188000-7fb528000000 ---p 00000000 00:00 0 
7fb528000000-7fb528021000 rw-p 00000000 00:00 0 
7fb528021000-7fb52c000000 ---p 00000000 00:00 0 
7fb52c000000-7fb52c021000 rw-p 00000000 00:00 0 
7fb52c021000-7fb530000000 ---p 00000000 00:00 0 
7fb530000000-7fb530021000 rw-p 00000000 00:00 0 
7fb530021000-7fb534000000 ---p 00000000 00:00 0 
7fb534000000-7fb534021000 rw-p 00000000 00:00 0 
7fb534021000-7fb538000000 ---p 00000000 00:00 0 
7fb538000000-7fb538021000 rw-p 00000000 00:00 0 
7fb538021000-7fb53c000000 ---p 00000000 00:00 0 
7fb53c000000-7fb53c021000 rw-p 00000000 00:00 0 
7fb53c021000-7fb540000000 ---p 00000000 00:00 0 
7fb54000d000-7fb540011000 ---p 00000000 00:00 0 
7fb540011000-7fb54010e000 rw-p 00000000 00:00 0 
7fb54010e000-7fb540113000 r-xp 00000000 08:01 14426488                   /usr/lib/x86_64-linux-gnu/libXdmcp.so.6.0.0
7fb540113000-7fb540312000 ---p 00005000 08:01 14426488                   /usr/lib/x86_64-linux-gnu/libXdmcp.so.6.0.0
7fb540312000-7fb540313000 r--p 00004000 08:01 14426488                   /usr/lib/x86_64-linux-gnu/libXdmcp.so.6.0.0
7fb540313000-7fb540314000 rw-p 00005000 08:01 14426488                   /usr/lib/x86_64-linux-gnu/libXdmcp.so.6.0.0
7fb540314000-7fb540316000 r-xp 00000000 08:01 14426477                   /usr/lib/x86_64-linux-gnu/libXau.so.6.0.0
7fb540316000-7fb540516000 ---p 00002000 08:01 14426477                   /usr/lib/x86_64-linux-gnu/libXau.so.6.0.0
7fb540516000-7fb540517000 r--p 00002000 08:01 14426477                   /usr/lib/x86_64-linux-gnu/libXau.so.6.0.0
7fb540517000-7fb540518000 rw-p 00003000 08:01 14426477                   /usr/lib/x86_64-linux-gnu/libXau.so.6.0.0
7fb540518000-7fb540539000 r-xp 00000000 08:01 14427830                   /usr/lib/x86_64-linux-gnu/libxcb.so.1.1.0
7fb540539000-7fb540738000 ---p 00021000 08:01 14427830                   /usr/lib/x86_64-linux-gnu/libxcb.so.1.1.0
7fb540738000-7fb540739000 r--p 00020000 08:01 14427830                   /usr/lib/x86_64-linux-gnu/libxcb.so.1.1.0
7fb540739000-7fb54073a000 rw-p 00021000 08:01 14427830                   /usr/lib/x86_64-linux-gnu/libxcb.so.1.1.0
7fb54073a000-7fb540749000 r-xp 00000000 08:01 14426498                   /usr/lib/x86_64-linux-gnu/libXi.so.6.1.0
7fb540749000-7fb540948000 ---p 0000f000 08:01 14426498                   /usr/lib/x86_64-linux-gnu/libXi.so.6.1.0
7fb540948000-7fb540949000 r--p 0000e000 08:01 14426498                   /usr/lib/x86_64-linux-gnu/libXi.so.6.1.0
7fb540949000-7fb54094a000 rw-p 0000f000 08:01 14426498                   /usr/lib/x86_64-linux-gnu/libXi.so.6.1.0
7fb54094a000-7fb54094f000 r-xp 00000000 08:01 14426516                   /usr/lib/x86_64-linux-gnu/libXtst.so.6.1.0
7fb54094f000-7fb540b4e000 ---p 00005000 08:01 14426516                   /usr/lib/x86_64-linux-gnu/libXtst.so.6.1.0
7fb540b4e000-7fb540b4f000 r--p 00004000 08:01 14426516                   /usr/lib/x86_64-linux-gnu/libXtst.so.6.1.0
7fb540b4f000-7fb540b50000 rw-p 00005000 08:01 14426516                   /usr/lib/x86_64-linux-gnu/libXtst.so.6.1.0
7fb540b50000-7fb540b59000 r-xp 00000000 08:01 14426510                   /usr/lib/x86_64-linux-gnu/libXrender.so.1.3.0
7fb540b59000-7fb540d58000 ---p 00009000 08:01 14426510                   /usr/lib/x86_64-linux-gnu/libXrender.so.1.3.0
7fb540d58000-7fb540d59000 r--p 00008000 08:01 14426510                   /usr/lib/x86_64-linux-gnu/libXrender.so.1.3.0
7fb540d59000-7fb540d5a000 rw-p 00009000 08:01 14426510                   /usr/lib/x86_64-linux-gnu/libXrender.so.1.3.0
7fb540d5a000-7fb540e8f000 r-xp 00000000 08:01 14426473                   /usr/lib/x86_64-linux-gnu/libX11.so.6.3.0
7fb540e8f000-7fb54108f000 ---p 00135000 08:01 14426473                   /usr/lib/x86_64-linux-gnu/libX11.so.6.3.0
7fb54108f000-7fb541090000 r--p 00135000 08:01 14426473                   /usr/lib/x86_64-linux-gnu/libX11.so.6.3.0
7fb541090000-7fb541094000 rw-p 00136000 08:01 14426473                   /usr/lib/x86_64-linux-gnu/libX11.so.6.3.0
7fb541094000-7fb5410a5000 r-xp 00000000 08:01 14426490                   /usr/lib/x86_64-linux-gnu/libXext.so.6.4.0
7fb5410a5000-7fb5412a4000 ---p 00011000 08:01 14426490                   /usr/lib/x86_64-linux-gnu/libXext.so.6.4.0
7fb5412a4000-7fb5412a5000 r--p 00010000 08:01 14426490                   /usr/lib/x86_64-linux-gnu/libXext.so.6.4.0
7fb5412a5000-7fb5412a6000 rw-p 00011000 08:01 14426490                   /usr/lib/x86_64-linux-gnu/libXext.so.6.4.0
7fb5412a6000-7fb5412fd000 r-xp 00000000 08:01 14955767                   /usr/lib/jvm/java-9-openjdk-amd64/lib/amd64/libawt_xawt.so
7fb5412fd000-7fb5414fd000 ---p 00057000 08:01 14955767                   /usr/lib/jvm/java-9-openjdk-amd64/lib/amd64/libawt_xawt.so
7fb5414fd000-7fb5414fe000 r--p 00057000 08:01 14955767                   /usr/lib/jvm/java-9-openjdk-amd64/lib/amd64/libawt_xawt.so
7fb5414fe000-7fb541501000 rw-p 00058000 08:01 14955767                   /usr/lib/jvm/java-9-openjdk-amd64/lib/amd64/libawt_xawt.so
7fb541501000-7fb541502000 rw-p 00000000 00:00 0 
7fb541502000-7fb5415a2000 r-xp 00000000 08:01 14955741                   /usr/lib/jvm/java-9-openjdk-amd64/lib/amd64/libawt.so
7fb5415a2000-7fb5417a1000 ---p 000a0000 08:01 14955741                   /usr/lib/jvm/java-9-openjdk-amd64/lib/amd64/libawt.so
7fb5417a1000-7fb5417a2000 r--p 0009f000 08:01 14955741                   /usr/lib/jvm/java-9-openjdk-amd64/lib/amd64/libawt.so
7fb5417a2000-7fb5417ad000 rw-p 000a0000 08:01 14955741                   /usr/lib/jvm/java-9-openjdk-amd64/lib/amd64/libawt.so
7fb5417ad000-7fb5417d2000 rw-p 00000000 00:00 0 
7fb5417d2000-7fb5417d3000 ---p 00000000 00:00 0 
7fb5417d3000-7fb5418d3000 rw-p 00000000 00:00 0 
7fb5418d3000-7fb5418d7000 ---p 00000000 00:00 0 
7fb5418d7000-7fb5419d4000 rw-p 00000000 00:00 0 
7fb5419d4000-7fb5419d8000 ---p 00000000 00:00 0 
7fb5419d8000-7fb541ad5000 rw-p 00000000 00:00 0 
7fb541ad5000-7fb541aeb000 r-xp 00000000 08:01 14955743                   /usr/lib/jvm/java-9-openjdk-amd64/lib/amd64/libnet.so
7fb541aeb000-7fb541cea000 ---p 00016000 08:01 14955743                   /usr/lib/jvm/java-9-openjdk-amd64/lib/amd64/libnet.so
7fb541cea000-7fb541ceb000 r--p 00015000 08:01 14955743                   /usr/lib/jvm/java-9-openjdk-amd64/lib/amd64/libnet.so
7fb541ceb000-7fb541cec000 rw-p 00016000 08:01 14955743                   /usr/lib/jvm/java-9-openjdk-amd64/lib/amd64/libnet.so
7fb541cec000-7fb541cfd000 r-xp 00000000 08:01 14955768                   /usr/lib/jvm/java-9-openjdk-amd64/lib/amd64/libnio.so
7fb541cfd000-7fb541efd000 ---p 00011000 08:01 14955768                   /usr/lib/jvm/java-9-openjdk-amd64/lib/amd64/libnio.so
7fb541efd000-7fb541efe000 r--p 00011000 08:01 14955768                   /usr/lib/jvm/java-9-openjdk-amd64/lib/amd64/libnio.so
7fb541efe000-7fb541eff000 rw-p 00012000 08:01 14955768                   /usr/lib/jvm/java-9-openjdk-amd64/lib/amd64/libnio.so
7fb541eff000-7fb541f03000 ---p 00000000 00:00 0 
7fb541f03000-7fb544000000 rw-p 00000000 00:00 0 
7fb544000000-7fb544021000 rw-p 00000000 00:00 0 
7fb544021000-7fb548000000 ---p 00000000 00:00 0 
7fb548092000-7fb548096000 ---p 00000000 00:00 0 
7fb548096000-7fb548193000 rw-p 00000000 00:00 0 
7fb548193000-7fb548197000 ---p 00000000 00:00 0 
7fb548197000-7fb548294000 rw-p 00000000 00:00 0 
7fb548294000-7fb548298000 ---p 00000000 00:00 0 
7fb548298000-7fb548395000 rw-p 00000000 00:00 0 
7fb548395000-7fb548399000 ---p 00000000 00:00 0 
7fb548399000-7fb548496000 rw-p 00000000 00:00 0 
7fb548496000-7fb54849a000 ---p 00000000 00:00 0 
7fb54849a000-7fb548597000 rw-p 00000000 00:00 0 
7fb548597000-7fb54886f000 r--p 00000000 08:01 14419427                   /usr/lib/locale/locale-archive
7fb54886f000-7fb548873000 ---p 00000000 00:00 0 
7fb548873000-7fb5492e8000 rw-p 00000000 00:00 0 
7fb5492e8000-7fb54a8b8000 ---p 00000000 00:00 0 
7fb54a8b8000-7fb54aa30000 rw-p 00000000 00:00 0 
7fb54aa30000-7fb54c000000 ---p 00000000 00:00 0 
7fb54c000000-7fb54c021000 rw-p 00000000 00:00 0 
7fb54c021000-7fb550000000 ---p 00000000 00:00 0 
7fb550000000-7fb550021000 rw-p 00000000 00:00 0 
7fb550021000-7fb554000000 ---p 00000000 00:00 0 
7fb554000000-7fb554021000 rw-p 00000000 00:00 0 
7fb554021000-7fb558000000 ---p 00000000 00:00 0 
7fb558000000-7fb558021000 rw-p 00000000 00:00 0 
7fb558021000-7fb55c000000 ---p 00000000 00:00 0 
7fb55c000000-7fb55c021000 rw-p 00000000 00:00 0 
7fb55c021000-7fb560000000 ---p 00000000 00:00 0 
7fb560000000-7fb560021000 rw-p 00000000 00:00 0 
7fb560021000-7fb564000000 ---p 00000000 00:00 0 
7fb564000000-7fb564021000 rw-p 00000000 00:00 0 
7fb564021000-7fb568000000 ---p 00000000 00:00 0 
7fb568000000-7fb568021000 rw-p 00000000 00:00 0 
7fb568021000-7fb56c000000 ---p 00000000 00:00 0 
7fb56c000000-7fb56c021000 rw-p 00000000 00:00 0 
7fb56c021000-7fb570000000 ---p 00000000 00:00 0 
7fb57006f000-7fb570073000 ---p 00000000 00:00 0 
7fb570073000-7fb570170000 rw-p 00000000 00:00 0 
7fb570170000-7fb570171000 ---p 00000000 00:00 0 
7fb570171000-7fb5707a4000 rw-p 00000000 00:00 0 
7fb5707a4000-7fb5707a5000 ---p 00000000 00:00 0 
7fb5707a5000-7fb5708a5000 rw-p 00000000 00:00 0 
7fb5708a5000-7fb5708a6000 ---p 00000000 00:00 0 
7fb5708a6000-7fb5709d5000 rw-p 00000000 00:00 0 
7fb5709d5000-7fb570c8f000 ---p 00000000 00:00 0 
7fb570c8f000-7fb570cbe000 rw-p 00000000 00:00 0 
7fb570cbe000-7fb571261000 ---p 00000000 00:00 0 
7fb571261000-7fb571290000 rw-p 00000000 00:00 0 
7fb571290000-7fb57154a000 ---p 00000000 00:00 0 
7fb57154a000-7fb57154b000 ---p 00000000 00:00 0 
7fb57154b000-7fb57164b000 rw-p 00000000 00:00 0 
7fb57164b000-7fb57164c000 ---p 00000000 00:00 0 
7fb57164c000-7fb57174c000 rw-p 00000000 00:00 0 
7fb57174c000-7fb57174d000 ---p 00000000 00:00 0 
7fb57174d000-7fb57184d000 rw-p 00000000 00:00 0 
7fb57184d000-7fb57184e000 ---p 00000000 00:00 0 
7fb57184e000-7fb57194e000 rw-p 00000000 00:00 0 
7fb57194e000-7fb57194f000 ---p 00000000 00:00 0 
7fb57194f000-7fb571c51000 rw-p 00000000 00:00 0 
7fb571c51000-7fb571ec1000 rwxp 00000000 00:00 0 
7fb571ec1000-7fb5721e1000 ---p 00000000 00:00 0 
7fb5721e1000-7fb572451000 rwxp 00000000 00:00 0 
7fb572451000-7fb579719000 ---p 00000000 00:00 0 
7fb579719000-7fb579989000 rwxp 00000000 00:00 0 
7fb579989000-7fb580c51000 ---p 00000000 00:00 0 
7fb580c51000-7fb588000000 r--s 00000000 08:01 14955727                   /usr/lib/jvm/java-9-openjdk-amd64/lib/modules
7fb588000000-7fb588395000 rw-p 00000000 00:00 0 
7fb588395000-7fb58c000000 ---p 00000000 00:00 0 
7fb58c013000-7fb58c2f9000 rw-p 00000000 00:00 0 
7fb58c2f9000-7fb58c2fa000 ---p 00000000 00:00 0 
7fb58c2fa000-7fb58c3fa000 rw-p 00000000 00:00 0 
7fb58c3fa000-7fb58c3fb000 ---p 00000000 00:00 0 
7fb58c3fb000-7fb58c4fb000 rw-p 00000000 00:00 0 
7fb58c4fb000-7fb58c4fc000 ---p 00000000 00:00 0 
7fb58c4fc000-7fb58c5fc000 rw-p 00000000 00:00 0 
7fb58c5fc000-7fb58c5fd000 ---p 00000000 00:00 0 
7fb58c5fd000-7fb58c702000 rw-p 00000000 00:00 0 
7fb58c702000-7fb58c7e8000 ---p 00000000 00:00 0 
7fb58c7e8000-7fb58c7ed000 rw-p 00000000 00:00 0 
7fb58c7ed000-7fb58c8d3000 ---p 00000000 00:00 0 
7fb58c8d3000-7fb58c8d8000 r-xp 00000000 08:01 14955757                   /usr/lib/jvm/java-9-openjdk-amd64/lib/amd64/libjimage.so
7fb58c8d8000-7fb58cad7000 ---p 00005000 08:01 14955757                   /usr/lib/jvm/java-9-openjdk-amd64/lib/amd64/libjimage.so
7fb58cad7000-7fb58cad8000 r--p 00004000 08:01 14955757                   /usr/lib/jvm/java-9-openjdk-amd64/lib/amd64/libjimage.so
7fb58cad8000-7fb58cad9000 rw-p 00005000 08:01 14955757                   /usr/lib/jvm/java-9-openjdk-amd64/lib/amd64/libjimage.so
7fb58cad9000-7fb58cae0000 r-xp 00000000 08:01 14955753                   /usr/lib/jvm/java-9-openjdk-amd64/lib/amd64/libzip.so
7fb58cae0000-7fb58ccdf000 ---p 00007000 08:01 14955753                   /usr/lib/jvm/java-9-openjdk-amd64/lib/amd64/libzip.so
7fb58ccdf000-7fb58cce0000 r--p 00006000 08:01 14955753                   /usr/lib/jvm/java-9-openjdk-amd64/lib/amd64/libzip.so
7fb58cce0000-7fb58cce1000 rw-p 00007000 08:01 14955753                   /usr/lib/jvm/java-9-openjdk-amd64/lib/amd64/libzip.so
7fb58cce1000-7fb58ccec000 r-xp 00000000 08:01 4849746                    /lib/x86_64-linux-gnu/libnss_files-2.23.so
7fb58ccec000-7fb58ceeb000 ---p 0000b000 08:01 4849746                    /lib/x86_64-linux-gnu/libnss_files-2.23.so
7fb58ceeb000-7fb58ceec000 r--p 0000a000 08:01 4849746                    /lib/x86_64-linux-gnu/libnss_files-2.23.so
7fb58ceec000-7fb58ceed000 rw-p 0000b000 08:01 4849746                    /lib/x86_64-linux-gnu/libnss_files-2.23.so
7fb58ceed000-7fb58cef3000 rw-p 00000000 00:00 0 
7fb58cef3000-7fb58cefe000 r-xp 00000000 08:01 4849749                    /lib/x86_64-linux-gnu/libnss_nis-2.23.so
7fb58cefe000-7fb58d0fd000 ---p 0000b000 08:01 4849749                    /lib/x86_64-linux-gnu/libnss_nis-2.23.so
7fb58d0fd000-7fb58d0fe000 r--p 0000a000 08:01 4849749                    /lib/x86_64-linux-gnu/libnss_nis-2.23.so
7fb58d0fe000-7fb58d0ff000 rw-p 0000b000 08:01 4849749                    /lib/x86_64-linux-gnu/libnss_nis-2.23.so
7fb58d0ff000-7fb58d115000 r-xp 00000000 08:01 4849669                    /lib/x86_64-linux-gnu/libnsl-2.23.so
7fb58d115000-7fb58d314000 ---p 00016000 08:01 4849669                    /lib/x86_64-linux-gnu/libnsl-2.23.so
7fb58d314000-7fb58d315000 r--p 00015000 08:01 4849669                    /lib/x86_64-linux-gnu/libnsl-2.23.so
7fb58d315000-7fb58d316000 rw-p 00016000 08:01 4849669                    /lib/x86_64-linux-gnu/libnsl-2.23.so
7fb58d316000-7fb58d318000 rw-p 00000000 00:00 0 
7fb58d318000-7fb58d320000 r-xp 00000000 08:01 4849755                    /lib/x86_64-linux-gnu/libnss_compat-2.23.so
7fb58d320000-7fb58d51f000 ---p 00008000 08:01 4849755                    /lib/x86_64-linux-gnu/libnss_compat-2.23.so
7fb58d51f000-7fb58d520000 r--p 00007000 08:01 4849755                    /lib/x86_64-linux-gnu/libnss_compat-2.23.so
7fb58d520000-7fb58d521000 rw-p 00008000 08:01 4849755                    /lib/x86_64-linux-gnu/libnss_compat-2.23.so
7fb58d521000-7fb58d54c000 r-xp 00000000 08:01 14955736                   /usr/lib/jvm/java-9-openjdk-amd64/lib/amd64/libjava.so
7fb58d54c000-7fb58d74b000 ---p 0002b000 08:01 14955736                   /usr/lib/jvm/java-9-openjdk-amd64/lib/amd64/libjava.so
7fb58d74b000-7fb58d74c000 r--p 0002a000 08:01 14955736                   /usr/lib/jvm/java-9-openjdk-amd64/lib/amd64/libjava.so
7fb58d74c000-7fb58d74e000 rw-p 0002b000 08:01 14955736                   /usr/lib/jvm/java-9-openjdk-amd64/lib/amd64/libjava.so
7fb58d74e000-7fb58d75b000 r-xp 00000000 08:01 14955737                   /usr/lib/jvm/java-9-openjdk-amd64/lib/amd64/libverify.so
7fb58d75b000-7fb58d95a000 ---p 0000d000 08:01 14955737                   /usr/lib/jvm/java-9-openjdk-amd64/lib/amd64/libverify.so
7fb58d95a000-7fb58d95c000 r--p 0000c000 08:01 14955737                   /usr/lib/jvm/java-9-openjdk-amd64/lib/amd64/libverify.so
7fb58d95c000-7fb58d95d000 rw-p 0000e000 08:01 14955737                   /usr/lib/jvm/java-9-openjdk-amd64/lib/amd64/libverify.so
7fb58d95d000-7fb58d964000 r-xp 00000000 08:01 4849751                    /lib/x86_64-linux-gnu/librt-2.23.so
7fb58d964000-7fb58db63000 ---p 00007000 08:01 4849751                    /lib/x86_64-linux-gnu/librt-2.23.so
7fb58db63000-7fb58db64000 r--p 00006000 08:01 4849751                    /lib/x86_64-linux-gnu/librt-2.23.so
7fb58db64000-7fb58db65000 rw-p 00007000 08:01 4849751                    /lib/x86_64-linux-gnu/librt-2.23.so
7fb58db65000-7fb58db7b000 r-xp 00000000 08:01 4854223                    /lib/x86_64-linux-gnu/libgcc_s.so.1
7fb58db7b000-7fb58dd7a000 ---p 00016000 08:01 4854223                    /lib/x86_64-linux-gnu/libgcc_s.so.1
7fb58dd7a000-7fb58dd7b000 rw-p 00015000 08:01 4854223                    /lib/x86_64-linux-gnu/libgcc_s.so.1
7fb58dd7b000-7fb58de83000 r-xp 00000000 08:01 4849760                    /lib/x86_64-linux-gnu/libm-2.23.so
7fb58de83000-7fb58e082000 ---p 00108000 08:01 4849760                    /lib/x86_64-linux-gnu/libm-2.23.so
7fb58e082000-7fb58e083000 r--p 00107000 08:01 4849760                    /lib/x86_64-linux-gnu/libm-2.23.so
7fb58e083000-7fb58e084000 rw-p 00108000 08:01 4849760                    /lib/x86_64-linux-gnu/libm-2.23.so
7fb58e084000-7fb58e1f6000 r-xp 00000000 08:01 14427630                   /usr/lib/x86_64-linux-gnu/libstdc++.so.6.0.21
7fb58e1f6000-7fb58e3f6000 ---p 00172000 08:01 14427630                   /usr/lib/x86_64-linux-gnu/libstdc++.so.6.0.21
7fb58e3f6000-7fb58e400000 r--p 00172000 08:01 14427630                   /usr/lib/x86_64-linux-gnu/libstdc++.so.6.0.21
7fb58e400000-7fb58e402000 rw-p 0017c000 08:01 14427630                   /usr/lib/x86_64-linux-gnu/libstdc++.so.6.0.21
7fb58e402000-7fb58e406000 rw-p 00000000 00:00 0 
7fb58e406000-7fb58f264000 r-xp 00000000 08:01 14955750                   /usr/lib/jvm/java-9-openjdk-amd64/lib/amd64/server/libjvm.so
7fb58f264000-7fb58f464000 ---p 00e5e000 08:01 14955750                   /usr/lib/jvm/java-9-openjdk-amd64/lib/amd64/server/libjvm.so
7fb58f464000-7fb58f516000 r--p 00e5e000 08:01 14955750                   /usr/lib/jvm/java-9-openjdk-amd64/lib/amd64/server/libjvm.so
7fb58f516000-7fb58f548000 rw-p 00f10000 08:01 14955750                   /usr/lib/jvm/java-9-openjdk-amd64/lib/amd64/server/libjvm.so
7fb58f548000-7fb58f58d000 rw-p 00000000 00:00 0 
7fb58f58d000-7fb58f5a5000 r-xp 00000000 08:01 4849748                    /lib/x86_64-linux-gnu/libpthread-2.23.so
7fb58f5a5000-7fb58f7a4000 ---p 00018000 08:01 4849748                    /lib/x86_64-linux-gnu/libpthread-2.23.so
7fb58f7a4000-7fb58f7a5000 r--p 00017000 08:01 4849748                    /lib/x86_64-linux-gnu/libpthread-2.23.so
7fb58f7a5000-7fb58f7a6000 rw-p 00018000 08:01 4849748                    /lib/x86_64-linux-gnu/libpthread-2.23.so
7fb58f7a6000-7fb58f7aa000 rw-p 00000000 00:00 0 
7fb58f7aa000-7fb58f7ad000 r-xp 00000000 08:01 4849754                    /lib/x86_64-linux-gnu/libdl-2.23.so
7fb58f7ad000-7fb58f9ac000 ---p 00003000 08:01 4849754                    /lib/x86_64-linux-gnu/libdl-2.23.so
7fb58f9ac000-7fb58f9ad000 r--p 00002000 08:01 4849754                    /lib/x86_64-linux-gnu/libdl-2.23.so
7fb58f9ad000-7fb58f9ae000 rw-p 00003000 08:01 4849754                    /lib/x86_64-linux-gnu/libdl-2.23.so
7fb58f9ae000-7fb58f9c7000 r-xp 00000000 08:01 4854160                    /lib/x86_64-linux-gnu/libz.so.1.2.8
7fb58f9c7000-7fb58fbc6000 ---p 00019000 08:01 4854160                    /lib/x86_64-linux-gnu/libz.so.1.2.8
7fb58fbc6000-7fb58fbc7000 r--p 00018000 08:01 4854160                    /lib/x86_64-linux-gnu/libz.so.1.2.8
7fb58fbc7000-7fb58fbc8000 rw-p 00019000 08:01 4854160                    /lib/x86_64-linux-gnu/libz.so.1.2.8
7fb58fbc8000-7fb58fd88000 r-xp 00000000 08:01 4854204                    /lib/x86_64-linux-gnu/libc-2.23.so
7fb58fd88000-7fb58ff88000 ---p 001c0000 08:01 4854204                    /lib/x86_64-linux-gnu/libc-2.23.so
7fb58ff88000-7fb58ff8c000 r--p 001c0000 08:01 4854204                    /lib/x86_64-linux-gnu/libc-2.23.so
7fb58ff8c000-7fb58ff8e000 rw-p 001c4000 08:01 4854204                    /lib/x86_64-linux-gnu/libc-2.23.so
7fb58ff8e000-7fb58ff92000 rw-p 00000000 00:00 0 
7fb58ff92000-7fb58ffa0000 r-xp 00000000 08:01 18090157                   /usr/lib/jvm/java-9-openjdk-amd64/lib/amd64/jli/libjli.so
7fb58ffa0000-7fb59019f000 ---p 0000e000 08:01 18090157                   /usr/lib/jvm/java-9-openjdk-amd64/lib/amd64/jli/libjli.so
7fb59019f000-7fb5901a0000 r--p 0000d000 08:01 18090157                   /usr/lib/jvm/java-9-openjdk-amd64/lib/amd64/jli/libjli.so
7fb5901a0000-7fb5901a1000 rw-p 0000e000 08:01 18090157                   /usr/lib/jvm/java-9-openjdk-amd64/lib/amd64/jli/libjli.so
7fb5901a1000-7fb5901c7000 r-xp 00000000 08:01 4849678                    /lib/x86_64-linux-gnu/ld-2.23.so
7fb5901dd000-7fb590299000 rw-p 00000000 00:00 0 
7fb590299000-7fb59029d000 ---p 00000000 00:00 0 
7fb59029d000-7fb59039f000 rw-p 00000000 00:00 0 
7fb5903ae000-7fb5903b3000 rw-p 00000000 00:00 0 
7fb5903b3000-7fb5903ba000 ---p 00000000 00:00 0 
7fb5903ba000-7fb5903c2000 rw-s 00000000 08:01 13631499                   /tmp/hsperfdata_andrew/3171
7fb5903c2000-7fb5903c3000 rw-p 00000000 00:00 0 
7fb5903c3000-7fb5903c4000 r--p 00000000 00:00 0 
7fb5903c4000-7fb5903c6000 rw-p 00000000 00:00 0 
7fb5903c6000-7fb5903c7000 r--p 00025000 08:01 4849678                    /lib/x86_64-linux-gnu/ld-2.23.so
7fb5903c7000-7fb5903c8000 rw-p 00026000 08:01 4849678                    /lib/x86_64-linux-gnu/ld-2.23.so
7fb5903c8000-7fb5903c9000 rw-p 00000000 00:00 0 
7ffe0cb06000-7ffe0cb27000 rw-p 00000000 00:00 0                          [stack]
7ffe0cbb7000-7ffe0cbb9000 r--p 00000000 00:00 0                          [vvar]
7ffe0cbb9000-7ffe0cbbb000 r-xp 00000000 00:00 0                          [vdso]
ffffffffff600000-ffffffffff601000 r-xp 00000000 00:00 0                  [vsyscall]

VM Arguments:
java_command: MyCustomFrameViewer
java_class_path (initial): .
Launcher Type: SUN_STANDARD

Environment Variables:
PATH=/home/andrew/anaconda3/bin:/home/andrew/bin:/home/andrew/.local/bin:/home/andrew/anaconda3/bin:/usr/local/sbin:/usr/local/bin:/usr/sbin:/usr/bin:/sbin:/bin:/usr/games:/usr/local/games:/snap/bin
USERNAME=andrew
SHELL=/bin/bash
DISPLAY=:1

Signal Handlers:
SIGSEGV: [libjvm.so+0xc12c20], sa_mask[0]=11111111011111111101111111111110, sa_flags=SA_RESTART|SA_SIGINFO
SIGBUS: [libjvm.so+0xc12c20], sa_mask[0]=11111111011111111101111111111110, sa_flags=SA_RESTART|SA_SIGINFO
SIGFPE: [libjvm.so+0xc12c20], sa_mask[0]=11111111011111111101111111111110, sa_flags=SA_RESTART|SA_SIGINFO
SIGPIPE: [libjvm.so+0xa3b600], sa_mask[0]=11111111011111111101111111111110, sa_flags=SA_RESTART|SA_SIGINFO
SIGXFSZ: [libjvm.so+0xa3b600], sa_mask[0]=11111111011111111101111111111110, sa_flags=SA_RESTART|SA_SIGINFO
SIGILL: [libjvm.so+0xc12c20], sa_mask[0]=11111111011111111101111111111110, sa_flags=SA_RESTART|SA_SIGINFO
SIGUSR2: [libjvm.so+0xa3b4a0], sa_mask[0]=00000000000000000000000000000000, sa_flags=SA_RESTART|SA_SIGINFO
SIGHUP: [libjvm.so+0xa3b870], sa_mask[0]=11111111011111111101111111111110, sa_flags=SA_RESTART|SA_SIGINFO
SIGINT: [libjvm.so+0xa3b870], sa_mask[0]=11111111011111111101111111111110, sa_flags=SA_RESTART|SA_SIGINFO
SIGTERM: [libjvm.so+0xa3b870], sa_mask[0]=11111111011111111101111111111110, sa_flags=SA_RESTART|SA_SIGINFO
SIGQUIT: [libjvm.so+0xa3b870], sa_mask[0]=11111111011111111101111111111110, sa_flags=SA_RESTART|SA_SIGINFO


---------------  S Y S T E M  ---------------

OS:DISTRIB_ID=Ubuntu
DISTRIB_RELEASE=16.04
DISTRIB_CODENAME=xenial
DISTRIB_DESCRIPTION="Ubuntu 16.04.3 LTS"
uname:Linux 4.10.0-35-generic #39~16.04.1-Ubuntu SMP Wed Sep 13 09:02:42 UTC 2017 x86_64
libc:glibc 2.23 NPTL 2.23 
rlimit: STACK 8192k, CORE 0k, NPROC 23650, NOFILE 1048576, AS infinity
load average:1.80 1.74 0.94

/proc/meminfo:
MemTotal:        6098444 kB
MemFree:         4088924 kB
MemAvailable:    4660412 kB
Buffers:           71060 kB
Cached:           709396 kB
SwapCached:            0 kB
Active:          1404288 kB
Inactive:         373152 kB
Active(anon):     998328 kB
Inactive(anon):    19628 kB
Active(file):     405960 kB
Inactive(file):   353524 kB
Unevictable:         136 kB
Mlocked:             136 kB
SwapTotal:       6280188 kB
SwapFree:        6280188 kB
Dirty:                12 kB
Writeback:             0 kB
AnonPages:        968632 kB
Mapped:           270228 kB
Shmem:             20976 kB
Slab:              88080 kB
SReclaimable:      48688 kB
SUnreclaim:        39392 kB
KernelStack:        9648 kB
PageTables:        33308 kB
NFS_Unstable:          0 kB
Bounce:                0 kB
WritebackTmp:          0 kB
CommitLimit:     9329408 kB
Committed_AS:    4515388 kB
VmallocTotal:   34359738367 kB
VmallocUsed:           0 kB
VmallocChunk:          0 kB
HardwareCorrupted:     0 kB
AnonHugePages:    174080 kB
ShmemHugePages:        0 kB
ShmemPmdMapped:        0 kB
CmaTotal:              0 kB
CmaFree:               0 kB
HugePages_Total:       0
HugePages_Free:        0
HugePages_Rsvd:        0
HugePages_Surp:        0
Hugepagesize:       2048 kB
DirectMap4k:      176508 kB
DirectMap2M:     6105088 kB


CPU:total 4 (2 cores per cpu, 2 threads per core) family 6 model 37 stepping 5, cmov, cx8, fxsr, mmx, sse, sse2, sse3, ssse3, sse4.1, sse4.2, popcnt, aes, clmul, ht, tsc, tscinvbit

CPU Model and flags from /proc/cpuinfo:
model name	: Intel(R) Core(TM) i5 CPU       M 520  @ 2.40GHz
flags		: fpu vme de pse tsc msr pae mce cx8 apic sep mtrr pge mca cmov pat pse36 clflush dts acpi mmx fxsr sse sse2 ss ht tm pbe syscall nx rdtscp lm constant_tsc arch_perfmon pebs bts rep_good nopl xtopology nonstop_tsc aperfmperf pni pclmulqdq dtes64 monitor ds_cpl vmx smx est tm2 ssse3 cx16 xtpr pdcm pcid sse4_1 sse4_2 popcnt aes lahf_lm tpr_shadow vnmi flexpriority ept vpid dtherm ida arat

Memory: 4k page, physical 6098444k(4088924k free), swap 6280188k(6280188k free)

vm_info: OpenJDK 64-Bit Server VM (9-internal+0-2016-04-14-195246.buildd.src) for linux-amd64 JRE (9-internal+0-2016-04-14-195246.buildd.src), built on Apr 14 2016 20:05:37 by "buildd" with gcc 5.3.1 20160413

END.
